25-03-2023 11:10:37.105 [Gauge] [INFO] Initializing concepts cache with 12 concepts
25-03-2023 11:10:37.106 [Gauge] [DEBUG] Adding concepts from c:\Users\elifk\IdeaProjects\Deneme\specs\Concepts\Case.cpt
25-03-2023 11:10:37.106 [Gauge] [DEBUG] Adding concepts from c:\Users\elifk\IdeaProjects\Deneme\specs\Concepts\Case.cpt
25-03-2023 11:10:37.106 [Gauge] [DEBUG] Adding concepts from c:\Users\elifk\IdeaProjects\Deneme\specs\Concepts\Case.cpt
25-03-2023 11:10:37.107 [Gauge] [DEBUG] Adding concepts from c:\Users\elifk\IdeaProjects\Deneme\specs\Concepts\Case.cpt
25-03-2023 11:10:37.107 [Gauge] [DEBUG] Adding concepts from c:\Users\elifk\IdeaProjects\Deneme\specs\Concepts\Case.cpt
25-03-2023 11:10:37.107 [Gauge] [DEBUG] Adding concepts from c:\Users\elifk\IdeaProjects\Deneme\specs\Concepts\Case.cpt
25-03-2023 11:10:37.107 [Gauge] [DEBUG] Adding concepts from c:\Users\elifk\IdeaProjects\Deneme\specs\Concepts\Case.cpt
25-03-2023 11:10:37.107 [Gauge] [DEBUG] Adding concepts from c:\Users\elifk\IdeaProjects\Deneme\specs\Concepts\Case.cpt
25-03-2023 11:10:37.107 [Gauge] [DEBUG] Adding concepts from c:\Users\elifk\IdeaProjects\Deneme\specs\Concepts\Case.cpt
25-03-2023 11:10:37.107 [Gauge] [DEBUG] Adding concepts from c:\Users\elifk\IdeaProjects\Deneme\specs\Concepts\Case.cpt
25-03-2023 11:10:37.107 [Gauge] [DEBUG] Adding concepts from c:\Users\elifk\IdeaProjects\Deneme\specs\Concepts\Case.cpt
25-03-2023 11:10:37.107 [Gauge] [DEBUG] Adding concepts from c:\Users\elifk\IdeaProjects\Deneme\specs\Concepts\Case.cpt
25-03-2023 11:10:37.110 [Gauge] [INFO] Initializing specs cache with 1 specs
25-03-2023 11:10:37.110 [Gauge] [DEBUG] Adding specs from c:\Users\elifk\IdeaProjects\Deneme\specs\Scenario\Case.spec
25-03-2023 11:10:37.111 [Gauge] [INFO] Initializing steps cache with 2 steps
25-03-2023 11:10:37.112 [Gauge] [DEBUG] Watching directory: c:\Users\elifk\IdeaProjects\Deneme\specs
25-03-2023 11:10:37.112 [Gauge] [DEBUG] Found 2 files
25-03-2023 11:10:37.112 [Gauge] [INFO] Starting language runner
25-03-2023 11:10:37.112 [Gauge] [DEBUG] Watching directory: c:\Users\elifk\IdeaProjects\Deneme\specs\Concepts
25-03-2023 11:10:37.113 [Gauge] [DEBUG] Found 1 files
25-03-2023 11:10:37.113 [Gauge] [DEBUG] Watching directory: c:\Users\elifk\IdeaProjects\Deneme\specs\Scenario
25-03-2023 11:10:37.113 [Gauge] [DEBUG] Found 1 files
25-03-2023 11:10:37.159 [java] [DEBUG] ***** Printing Properties/Env Values *****
25-03-2023 11:10:37.159 [java] [DEBUG] PATH: C:\Program Files (x86)\Google\Chrome\Application;C:\Program Files\Common Files\Oracle\Java\javapath;C:\Program Files\Common Files\Microsoft Shared\Microsoft Online Services;C:\Program Files (x86)\Common Files\Microsoft Shared\Microsoft Online Services;C:\windows\system32;C:\windows;C:\windows\System32\Wbem;C:\windows\System32\WindowsPowerShell\v1.0\;C:\windows\System32\OpenSSH\;C:\Program Files (x86)\NVIDIA Corporation\PhysX\Common;C:\Program Files\NVIDIA Corporation\NVIDIA NvDLISR;C:\Program Files\Microsoft SQL Server\Client SDK\ODBC\170\Tools\Binn\;C:\Program Files (x86)\Microsoft SQL Server\150\Tools\Binn\;C:\Program Files\Microsoft SQL Server\150\Tools\Binn\;C:\Program Files\Microsoft SQL Server\150\DTS\Binn\;C:\Program Files\Microsoft SQL Server\Client SDK\ODBC\130\Tools\Binn\;C:\Program Files (x86)\Microsoft SQL Server\140\Tools\Binn\;C:\Program Files\Microsoft SQL Server\140\Tools\Binn\;C:\Program Files\Microsoft SQL Server\140\DTS\Binn\;C:\Program Files\Microsoft SQL Server\130\Tools\Binn\;C:\WINDOWS\system32;C:\WINDOWS;C:\WINDOWS\System32\Wbem;C:\WINDOWS\System32\WindowsPowerShell\v1.0\;C:\WINDOWS\System32\OpenSSH\;C:\Program Files (x86)\Microsoft SQL Server\150\DTS\Binn\;C:\Program Files\Azure Data Studio\bin;C:\Program Files\Git\cmd;C:\Program Files\Java\jdk-11\bin;C:\Program Files\Java\apache-maven-3.9.0\bin;C:\ProgramData\Microsoft\Windows\Start Menu\Programs\Java Development Kit\JetBrains\Intellij IDEA Community Edition\bin;C:\Program Files\Gauge\bin;C:\Program Files\Java\jdk-15.0.2\bin;%!I(MISSING)ntelliJ IDEA Community edition%!;(MISSING)C:\Users\elifk\AppData\Local\Microsoft\WindowsApps;C:\flutter\bin;C:\Windows\System32;C:\Program Files\Azure Data Studio\bin;C:\ProgramData\Microsoft\Windows\Start Menu\Programs\Java Development Kit\JetBrains\Intellij IDEA Community Edition\bin;;C:\Users\elifk\AppData\Roaming\gauge\plugins\screenshot\0.1.0
25-03-2023 11:10:37.159 [java] [DEBUG] JAVA_HOME: C:\Program Files\Java\jdk-15.0.2
25-03-2023 11:10:37.159 [java] [DEBUG] gauge_project_root: c:\Users\elifk\IdeaProjects\Deneme
25-03-2023 11:10:37.159 [java] [DEBUG] gauge_parallel_streams_count: 
25-03-2023 11:10:37.159 [java] [DEBUG] gauge_reports_dir: reports
25-03-2023 11:10:37.159 [java] [DEBUG] overwrite_reports: true
25-03-2023 11:10:37.159 [java] [DEBUG] logs_directory: logs
25-03-2023 11:10:37.159 [java] [DEBUG] enable_multithreading: false
25-03-2023 11:10:37.159 [java] [DEBUG] gauge_specs_dir: specs
25-03-2023 11:10:37.159 [java] [DEBUG] csv_delimiter: ,
25-03-2023 11:10:37.159 [java] [DEBUG] gauge_java_home: 
25-03-2023 11:10:37.159 [java] [DEBUG] gauge_custom_build_path: 
25-03-2023 11:10:37.159 [java] [DEBUG] gauge_additional_libs: libs/*
25-03-2023 11:10:37.159 [java] [DEBUG] gauge_jvm_args: 
25-03-2023 11:10:37.159 [java] [DEBUG] gauge_custom_compile_dir: 
25-03-2023 11:10:37.159 [java] [DEBUG] gauge_clear_state_level: scenario
25-03-2023 11:10:37.159 [java] [DEBUG] ***** END *****
25-03-2023 11:10:49.034 [java] [DEBUG] running - C:\Program Files\Java\jdk-15.0.2\bin\javac.exe [-encoding UTF-8 -d gauge_bin @C:\Users\elifk\AppData\Local\Temp\gauge_temp4181249627\52fdfc072182654f163f5f0f9a621d72]
25-03-2023 11:10:49.035 [java] [DEBUG] stdout/stderr is logged to logs\4620-javac.exe.out
25-03-2023 11:10:50.879 [java] [ERROR] src\main\java\helper\ElementHelper.java:5: error: package org.openqa.selenium does not exist
25-03-2023 11:10:50.879 [java] [ERROR] import org.openqa.selenium.By;
25-03-2023 11:10:50.879 [java] [ERROR] ^
25-03-2023 11:10:51.001 [java] [ERROR] src\main\java\helper\ElementHelper.java:39: error: cannot find symbol
25-03-2023 11:10:51.001 [java] [ERROR] public static By getElementInfoToBy(ElementInfo elementInfo) {
25-03-2023 11:10:51.002 [java] [ERROR] ^
25-03-2023 11:10:51.002 [java] [ERROR] symbol:   class By
25-03-2023 11:10:51.002 [java] [ERROR] location: class ElementHelper
25-03-2023 11:10:51.002 [java] [ERROR] src\main\java\helper\ElementHelper.java:55: error: cannot find symbol
25-03-2023 11:10:51.002 [java] [ERROR] public static By getElementInfoToBy(String key) {
25-03-2023 11:10:51.003 [java] [ERROR] ^
25-03-2023 11:10:51.003 [java] [ERROR] symbol:   class By
25-03-2023 11:10:51.003 [java] [ERROR] location: class ElementHelper
25-03-2023 11:10:51.012 [java] [ERROR] src\test\java\driver\Driver.java:5: error: package org.openqa.selenium does not exist
25-03-2023 11:10:51.012 [java] [ERROR] import org.openqa.selenium.WebDriver;
25-03-2023 11:10:51.012 [java] [ERROR] ^
25-03-2023 11:10:51.013 [java] [ERROR] src\test\java\driver\Driver.java:9: error: cannot find symbol
25-03-2023 11:10:51.013 [java] [ERROR] public static WebDriver webDriver;
25-03-2023 11:10:51.013 [java] [ERROR] ^
25-03-2023 11:10:51.013 [java] [ERROR] symbol:   class WebDriver
25-03-2023 11:10:51.013 [java] [ERROR] location: class Driver
25-03-2023 11:10:51.056 [java] [ERROR] src\test\java\driver\DriverFactory.java:3: error: package io.github.bonigarcia.wdm does not exist
25-03-2023 11:10:51.056 [java] [ERROR] import io.github.bonigarcia.wdm.WebDriverManager;
25-03-2023 11:10:51.056 [java] [ERROR] ^
25-03-2023 11:10:51.056 [java] [ERROR] src\test\java\driver\DriverFactory.java:4: error: package org.openqa.selenium does not exist
25-03-2023 11:10:51.056 [java] [ERROR] import org.openqa.selenium.WebDriver;
25-03-2023 11:10:51.056 [java] [ERROR] ^
25-03-2023 11:10:51.064 [java] [ERROR] src\test\java\driver\DriverFactory.java:5: error: package org.openqa.selenium.chrome does not exist
25-03-2023 11:10:51.064 [java] [ERROR] import org.openqa.selenium.chrome.ChromeDriver;
25-03-2023 11:10:51.064 [java] [ERROR] ^
25-03-2023 11:10:51.082 [java] [ERROR] src\test\java\driver\DriverFactory.java:6: error: package org.openqa.selenium.firefox does not exist
25-03-2023 11:10:51.082 [java] [ERROR] import org.openqa.selenium.firefox.FirefoxDriver;
25-03-2023 11:10:51.082 [java] [ERROR] ^
25-03-2023 11:10:51.089 [java] [ERROR] src\test\java\driver\DriverFactory.java:7: error: package org.openqa.selenium.ie does not exist
25-03-2023 11:10:51.089 [java] [ERROR] import org.openqa.selenium.ie.InternetExplorerDriver;
25-03-2023 11:10:51.089 [java] [ERROR] ^
25-03-2023 11:10:51.097 [java] [ERROR] src\test\java\driver\DriverFactory.java:8: error: package org.openqa.selenium.chrome does not exist
25-03-2023 11:10:51.097 [java] [ERROR] import org.openqa.selenium.chrome.ChromeOptions;
25-03-2023 11:10:51.097 [java] [ERROR] ^
25-03-2023 11:10:51.107 [java] [ERROR] src\test\java\driver\DriverFactory.java:11: error: cannot find symbol
25-03-2023 11:10:51.107 [java] [ERROR] static WebDriver getDriver() {
25-03-2023 11:10:51.107 [java] [ERROR] ^
25-03-2023 11:10:51.107 [java] [ERROR] symbol:   class WebDriver
25-03-2023 11:10:51.107 [java] [ERROR] location: class DriverFactory
25-03-2023 11:10:51.112 [java] [ERROR] src\test\java\driver\ScenarioHook.java:6: error: package org.openqa.selenium does not exist
25-03-2023 11:10:51.112 [java] [ERROR] import org.openqa.selenium.WebDriver;
25-03-2023 11:10:51.112 [java] [ERROR] ^
25-03-2023 11:10:51.117 [java] [ERROR] src\test\java\driver\ScenarioHook.java:7: error: package org.openqa.selenium.chrome does not exist
25-03-2023 11:10:51.117 [java] [ERROR] import org.openqa.selenium.chrome.ChromeDriver;
25-03-2023 11:10:51.117 [java] [ERROR] ^
25-03-2023 11:10:51.123 [java] [ERROR] src\test\java\driver\ScenarioHook.java:8: error: package org.openqa.selenium.chrome does not exist
25-03-2023 11:10:51.123 [java] [ERROR] import org.openqa.selenium.chrome.ChromeOptions;
25-03-2023 11:10:51.123 [java] [ERROR] ^
25-03-2023 11:10:51.135 [java] [ERROR] src\test\java\driver\ScenarioHook.java:18: error: cannot find symbol
25-03-2023 11:10:51.135 [java] [ERROR] WebDriver driver;
25-03-2023 11:10:51.135 [java] [ERROR] ^
25-03-2023 11:10:51.135 [java] [ERROR] symbol:   class WebDriver
25-03-2023 11:10:51.135 [java] [ERROR] location: class ScenarioHook
25-03-2023 11:10:51.146 [java] [ERROR] src\test\java\driver\ScreenshotImpl.java:7: error: package org.openqa.selenium does not exist
25-03-2023 11:10:51.146 [java] [ERROR] import org.openqa.selenium.OutputType;
25-03-2023 11:10:51.146 [java] [ERROR] ^
25-03-2023 11:10:51.150 [java] [ERROR] src\test\java\driver\ScreenshotImpl.java:8: error: package org.openqa.selenium does not exist
25-03-2023 11:10:51.150 [java] [ERROR] import org.openqa.selenium.TakesScreenshot;
25-03-2023 11:10:51.150 [java] [ERROR] ^
25-03-2023 11:10:51.187 [java] [ERROR] src\test\java\driver\ScreenshotImpl.java:11: error: package javax.inject does not exist
25-03-2023 11:10:51.187 [java] [ERROR] import javax.inject.Inject;
25-03-2023 11:10:51.187 [java] [ERROR] ^
25-03-2023 11:10:51.209 [java] [ERROR] src\test\java\org\example\StepImplementation.java:4: error: package io.github.bonigarcia.wdm does not exist
25-03-2023 11:10:51.209 [java] [ERROR] import io.github.bonigarcia.wdm.WebDriverManager;
25-03-2023 11:10:51.209 [java] [ERROR] ^
25-03-2023 11:10:51.227 [java] [ERROR] src\test\java\org\example\StepImplementation.java:5: error: package org.junit does not exist
25-03-2023 11:10:51.227 [java] [ERROR] import org.junit.Assert;
25-03-2023 11:10:51.227 [java] [ERROR] ^
25-03-2023 11:10:51.227 [java] [ERROR] src\test\java\org\example\StepImplementation.java:11: error: package org.openqa.selenium.chrome does not exist
25-03-2023 11:10:51.227 [java] [ERROR] import org.openqa.selenium.chrome.ChromeDriver;
25-03-2023 11:10:51.227 [java] [ERROR] ^
25-03-2023 11:10:51.237 [java] [ERROR] src\test\java\org\example\StepImplementation.java:12: error: package org.openqa.selenium.chrome does not exist
25-03-2023 11:10:51.237 [java] [ERROR] import org.openqa.selenium.chrome.ChromeOptions;
25-03-2023 11:10:51.237 [java] [ERROR] ^
25-03-2023 11:10:51.244 [java] [ERROR] src\test\java\org\example\StepImplementation.java:13: error: package org.openqa.selenium.firefox does not exist
25-03-2023 11:10:51.244 [java] [ERROR] import org.openqa.selenium.firefox.FirefoxDriver;
25-03-2023 11:10:51.244 [java] [ERROR] ^
25-03-2023 11:10:51.252 [java] [ERROR] src\test\java\org\example\StepImplementation.java:14: error: package org.openqa.selenium.firefox does not exist
25-03-2023 11:10:51.252 [java] [ERROR] import org.openqa.selenium.firefox.FirefoxOptions;
25-03-2023 11:10:51.252 [java] [ERROR] ^
25-03-2023 11:10:51.270 [java] [ERROR] src\test\java\org\example\StepImplementation.java:15: error: package org.openqa.selenium.support.ui does not exist
25-03-2023 11:10:51.270 [java] [ERROR] import org.openqa.selenium.support.ui.ExpectedConditions;
25-03-2023 11:10:51.270 [java] [ERROR] ^
25-03-2023 11:10:51.287 [java] [ERROR] src\test\java\org\example\StepImplementation.java:16: error: package org.openqa.selenium.support.ui does not exist
25-03-2023 11:10:51.287 [java] [ERROR] import org.openqa.selenium.support.ui.WebDriverWait;
25-03-2023 11:10:51.287 [java] [ERROR] ^
25-03-2023 11:10:51.287 [java] [ERROR] src\test\java\org\example\StepImplementation.java:18: error: package javax.inject does not exist
25-03-2023 11:10:51.287 [java] [ERROR] import javax.inject.Inject;
25-03-2023 11:10:51.287 [java] [ERROR] ^
25-03-2023 11:10:51.317 [java] [ERROR] src\test\java\org\example\StepImplementation.java:28: error: cannot find symbol
25-03-2023 11:10:51.317 [java] [ERROR] WebElement element;
25-03-2023 11:10:51.317 [java] [ERROR] ^
25-03-2023 11:10:51.317 [java] [ERROR] symbol:   class WebElement
25-03-2023 11:10:51.317 [java] [ERROR] location: class StepImplementation
25-03-2023 11:10:51.318 [java] [ERROR] src\test\java\org\example\StepImplementation.java:30: error: cannot find symbol
25-03-2023 11:10:51.318 [java] [ERROR] public static WebDriver driver = null;
25-03-2023 11:10:51.318 [java] [ERROR] ^
25-03-2023 11:10:51.318 [java] [ERROR] symbol:   class WebDriver
25-03-2023 11:10:51.318 [java] [ERROR] location: class StepImplementation
25-03-2023 11:10:51.319 [java] [ERROR] src\test\java\org\example\StepImplementation.java:32: error: cannot find symbol
25-03-2023 11:10:51.319 [java] [ERROR] WebDriverWait wait = new WebDriverWait(driver, 10);
25-03-2023 11:10:51.319 [java] [ERROR] ^
25-03-2023 11:10:51.320 [java] [ERROR] symbol:   class WebDriverWait
25-03-2023 11:10:51.320 [java] [ERROR] location: class StepImplementation
25-03-2023 11:10:51.329 [java] [ERROR] src\test\java\org\example\StepImplementation.java:155: error: cannot find symbol
25-03-2023 11:10:51.329 [java] [ERROR] public void swipeToElement(WebElement element) {
25-03-2023 11:10:51.329 [java] [ERROR] ^
25-03-2023 11:10:51.329 [java] [ERROR] symbol:   class WebElement
25-03-2023 11:10:51.329 [java] [ERROR] location: class StepImplementation
25-03-2023 11:10:51.332 [java] [ERROR] src\test\java\org\example\StepImplementation.java:10: error: package org.openqa.selenium does not exist
25-03-2023 11:10:51.332 [java] [ERROR] import org.openqa.selenium.*;
25-03-2023 11:10:51.332 [java] [ERROR] ^
25-03-2023 11:10:51.360 [java] [ERROR] src\test\java\driver\ScreenshotImpl.java:20: error: cannot find symbol
25-03-2023 11:10:51.360 [java] [ERROR] @Inject
25-03-2023 11:10:51.361 [java] [ERROR] ^
25-03-2023 11:10:51.362 [java] [ERROR] symbol:   class Inject
25-03-2023 11:10:51.362 [java] [ERROR] location: class ScreenshotImpl
25-03-2023 11:10:51.362 [java] [ERROR] src\test\java\org\example\StepImplementation.java:27: error: cannot find symbol
25-03-2023 11:10:51.362 [java] [ERROR] @Inject
25-03-2023 11:10:51.362 [java] [ERROR] ^
25-03-2023 11:10:51.362 [java] [ERROR] symbol:   class Inject
25-03-2023 11:10:51.362 [java] [ERROR] location: class StepImplementation
25-03-2023 11:10:51.362 [java] [ERROR] src\test\java\org\example\StepImplementation.java:29: error: cannot find symbol
25-03-2023 11:10:51.362 [java] [ERROR] @Inject
25-03-2023 11:10:51.362 [java] [ERROR] ^
25-03-2023 11:10:51.362 [java] [ERROR] symbol:   class Inject
25-03-2023 11:10:51.362 [java] [ERROR] location: class StepImplementation
25-03-2023 11:10:51.526 [java] [ERROR] src\main\java\helper\ElementHelper.java:40: error: cannot find symbol
25-03-2023 11:10:51.526 [java] [ERROR] By by = null;
25-03-2023 11:10:51.526 [java] [ERROR] ^
25-03-2023 11:10:51.526 [java] [ERROR] symbol:   class By
25-03-2023 11:10:51.526 [java] [ERROR] location: class ElementHelper
25-03-2023 11:10:51.526 [java] [ERROR] src\main\java\helper\ElementHelper.java:42: error: cannot find symbol
25-03-2023 11:10:51.526 [java] [ERROR] by = By.cssSelector(elementInfo.getValue());
25-03-2023 11:10:51.526 [java] [ERROR] ^
25-03-2023 11:10:51.526 [java] [ERROR] symbol:   variable By
25-03-2023 11:10:51.526 [java] [ERROR] location: class ElementHelper
25-03-2023 11:10:51.526 [java] [ERROR] src\main\java\helper\ElementHelper.java:44: error: cannot find symbol
25-03-2023 11:10:51.526 [java] [ERROR] by = By.id(elementInfo.getValue());
25-03-2023 11:10:51.526 [java] [ERROR] ^
25-03-2023 11:10:51.526 [java] [ERROR] symbol:   variable By
25-03-2023 11:10:51.526 [java] [ERROR] location: class ElementHelper
25-03-2023 11:10:51.526 [java] [ERROR] src\main\java\helper\ElementHelper.java:46: error: cannot find symbol
25-03-2023 11:10:51.526 [java] [ERROR] by = By.xpath(elementInfo.getValue()); }
25-03-2023 11:10:51.526 [java] [ERROR] ^
25-03-2023 11:10:51.526 [java] [ERROR] symbol:   variable By
25-03-2023 11:10:51.526 [java] [ERROR] location: class ElementHelper
25-03-2023 11:10:51.564 [java] [ERROR] src\test\java\driver\DriverFactory.java:12: error: cannot find symbol
25-03-2023 11:10:51.564 [java] [ERROR] WebDriverManager.chromedriver().setup();
25-03-2023 11:10:51.564 [java] [ERROR] ^
25-03-2023 11:10:51.564 [java] [ERROR] symbol:   variable WebDriverManager
25-03-2023 11:10:51.564 [java] [ERROR] location: class DriverFactory
25-03-2023 11:10:51.564 [java] [ERROR] src\test\java\driver\DriverFactory.java:13: error: cannot find symbol
25-03-2023 11:10:51.564 [java] [ERROR] return new ChromeDriver();
25-03-2023 11:10:51.564 [java] [ERROR] ^
25-03-2023 11:10:51.564 [java] [ERROR] symbol:   class ChromeDriver
25-03-2023 11:10:51.564 [java] [ERROR] location: class DriverFactory
25-03-2023 11:10:51.564 [java] [ERROR] src\test\java\driver\ScenarioHook.java:28: error: cannot find symbol
25-03-2023 11:10:51.564 [java] [ERROR] ChromeOptions chromeOptions = new ChromeOptions();
25-03-2023 11:10:51.564 [java] [ERROR] ^
25-03-2023 11:10:51.564 [java] [ERROR] symbol:   class ChromeOptions
25-03-2023 11:10:51.565 [java] [ERROR] location: class ScenarioHook
25-03-2023 11:10:51.565 [java] [ERROR] src\test\java\driver\ScenarioHook.java:28: error: cannot find symbol
25-03-2023 11:10:51.565 [java] [ERROR] ChromeOptions chromeOptions = new ChromeOptions();
25-03-2023 11:10:51.565 [java] [ERROR] ^
25-03-2023 11:10:51.565 [java] [ERROR] symbol:   class ChromeOptions
25-03-2023 11:10:51.565 [java] [ERROR] location: class ScenarioHook
25-03-2023 11:10:51.565 [java] [ERROR] src\test\java\driver\ScenarioHook.java:29: error: cannot find symbol
25-03-2023 11:10:51.565 [java] [ERROR] driver = new ChromeDriver(chromeOptions);
25-03-2023 11:10:51.565 [java] [ERROR] ^
25-03-2023 11:10:51.565 [java] [ERROR] symbol:   class ChromeDriver
25-03-2023 11:10:51.565 [java] [ERROR] location: class ScenarioHook
25-03-2023 11:10:51.599 [java] [ERROR] src\test\java\driver\ScreenshotImpl.java:35: error: cannot find symbol
25-03-2023 11:10:51.599 [java] [ERROR] File screenshotFile = ((TakesScreenshot)driverAction).getScreenshotAs(OutputType.FILE);
25-03-2023 11:10:51.599 [java] [ERROR] ^
25-03-2023 11:10:51.599 [java] [ERROR] symbol:   variable OutputType
25-03-2023 11:10:51.599 [java] [ERROR] location: class ScreenshotImpl
25-03-2023 11:10:51.599 [java] [ERROR] src\test\java\driver\ScreenshotImpl.java:35: error: cannot find symbol
25-03-2023 11:10:51.599 [java] [ERROR] File screenshotFile = ((TakesScreenshot)driverAction).getScreenshotAs(OutputType.FILE);
25-03-2023 11:10:51.599 [java] [ERROR] ^
25-03-2023 11:10:51.599 [java] [ERROR] symbol:   class TakesScreenshot
25-03-2023 11:10:51.599 [java] [ERROR] location: class ScreenshotImpl
25-03-2023 11:10:51.633 [java] [ERROR] src\test\java\org\example\StepImplementation.java:32: error: cannot find symbol
25-03-2023 11:10:51.633 [java] [ERROR] WebDriverWait wait = new WebDriverWait(driver, 10);
25-03-2023 11:10:51.633 [java] [ERROR] ^
25-03-2023 11:10:51.633 [java] [ERROR] symbol:   class WebDriverWait
25-03-2023 11:10:51.633 [java] [ERROR] location: class StepImplementation
25-03-2023 11:10:51.633 [java] [ERROR] src\test\java\org\example\StepImplementation.java:38: error: cannot find symbol
25-03-2023 11:10:51.633 [java] [ERROR] driver = new ChromeDriver();
25-03-2023 11:10:51.633 [java] [ERROR] ^
25-03-2023 11:10:51.633 [java] [ERROR] symbol:   class ChromeDriver
25-03-2023 11:10:51.633 [java] [ERROR] location: class StepImplementation
25-03-2023 11:10:51.633 [java] [ERROR] src\test\java\org\example\StepImplementation.java:44: error: cannot find symbol
25-03-2023 11:10:51.633 [java] [ERROR] FirefoxOptions firefoxOptions = new FirefoxOptions();
25-03-2023 11:10:51.633 [java] [ERROR] ^
25-03-2023 11:10:51.633 [java] [ERROR] symbol:   class FirefoxOptions
25-03-2023 11:10:51.633 [java] [ERROR] location: class StepImplementation
25-03-2023 11:10:51.633 [java] [ERROR] src\test\java\org\example\StepImplementation.java:44: error: cannot find symbol
25-03-2023 11:10:51.633 [java] [ERROR] FirefoxOptions firefoxOptions = new FirefoxOptions();
25-03-2023 11:10:51.633 [java] [ERROR] ^
25-03-2023 11:10:51.633 [java] [ERROR] symbol:   class FirefoxOptions
25-03-2023 11:10:51.633 [java] [ERROR] location: class StepImplementation
25-03-2023 11:10:51.633 [java] [ERROR] src\test\java\org\example\StepImplementation.java:45: error: cannot find symbol
25-03-2023 11:10:51.633 [java] [ERROR] driver = new FirefoxDriver(firefoxOptions);
25-03-2023 11:10:51.633 [java] [ERROR] ^
25-03-2023 11:10:51.633 [java] [ERROR] symbol:   class FirefoxDriver
25-03-2023 11:10:51.633 [java] [ERROR] location: class StepImplementation
25-03-2023 11:10:51.633 [java] [ERROR] src\test\java\org\example\StepImplementation.java:59: error: cannot find symbol
25-03-2023 11:10:51.633 [java] [ERROR] wait.until(ExpectedConditions.urlToBe(url));
25-03-2023 11:10:51.633 [java] [ERROR] ^
25-03-2023 11:10:51.633 [java] [ERROR] symbol:   variable ExpectedConditions
25-03-2023 11:10:51.633 [java] [ERROR] location: class StepImplementation
25-03-2023 11:10:51.639 [java] [ERROR] src\test\java\org\example\StepImplementation.java:62: error: cannot find symbol
25-03-2023 11:10:51.639 [java] [ERROR] Assert.assertTrue("Sayfanýn url i " + url + " deðil. Url: " + driver.getCurrentUrl(), false);
25-03-2023 11:10:51.639 [java] [ERROR] ^
25-03-2023 11:10:51.639 [java] [ERROR] symbol:   variable Assert
25-03-2023 11:10:51.639 [java] [ERROR] location: class StepImplementation
25-03-2023 11:10:51.639 [java] [ERROR] src\test\java\org\example\StepImplementation.java:68: error: cannot find symbol
25-03-2023 11:10:51.639 [java] [ERROR] By byElement = ElementHelper.getElementInfoToBy(key);
25-03-2023 11:10:51.639 [java] [ERROR] ^
25-03-2023 11:10:51.639 [java] [ERROR] symbol:   class By
25-03-2023 11:10:51.639 [java] [ERROR] location: class StepImplementation
25-03-2023 11:10:51.646 [java] [ERROR] src\test\java\org\example\StepImplementation.java:69: error: cannot find symbol
25-03-2023 11:10:51.646 [java] [ERROR] wait.until(ExpectedConditions.presenceOfElementLocated(byElement));
25-03-2023 11:10:51.646 [java] [ERROR] ^
25-03-2023 11:10:51.646 [java] [ERROR] symbol:   variable ExpectedConditions
25-03-2023 11:10:51.646 [java] [ERROR] location: class StepImplementation
25-03-2023 11:10:51.646 [java] [ERROR] src\test\java\org\example\StepImplementation.java:76: error: cannot find symbol
25-03-2023 11:10:51.646 [java] [ERROR] By byElement = ElementHelper.getElementInfoToBy(key);
25-03-2023 11:10:51.646 [java] [ERROR] ^
25-03-2023 11:10:51.646 [java] [ERROR] symbol:   class By
25-03-2023 11:10:51.646 [java] [ERROR] location: class StepImplementation
25-03-2023 11:10:51.646 [java] [ERROR] src\test\java\org\example\StepImplementation.java:77: error: cannot find symbol
25-03-2023 11:10:51.646 [java] [ERROR] wait.until(ExpectedConditions.presenceOfElementLocated(byElement));
25-03-2023 11:10:51.646 [java] [ERROR] ^
25-03-2023 11:10:51.646 [java] [ERROR] symbol:   variable ExpectedConditions
25-03-2023 11:10:51.646 [java] [ERROR] location: class StepImplementation
25-03-2023 11:10:51.646 [java] [ERROR] src\test\java\org\example\StepImplementation.java:79: error: cannot find symbol
25-03-2023 11:10:51.646 [java] [ERROR] Assert.assertTrue("Element bulunamadý.", false);
25-03-2023 11:10:51.646 [java] [ERROR] ^
25-03-2023 11:10:51.646 [java] [ERROR] symbol:   variable Assert
25-03-2023 11:10:51.646 [java] [ERROR] location: class StepImplementation
25-03-2023 11:10:51.646 [java] [ERROR] src\test\java\org\example\StepImplementation.java:85: error: cannot find symbol
25-03-2023 11:10:51.646 [java] [ERROR] By byElement = ElementHelper.getElementInfoToBy(key);
25-03-2023 11:10:51.659 [java] [ERROR] ^
25-03-2023 11:10:51.659 [java] [ERROR] symbol:   class By
25-03-2023 11:10:51.659 [java] [ERROR] location: class StepImplementation
25-03-2023 11:10:51.659 [java] [ERROR] src\test\java\org\example\StepImplementation.java:86: error: cannot find symbol
25-03-2023 11:10:51.659 [java] [ERROR] wait.until(ExpectedConditions.presenceOfElementLocated(byElement));
25-03-2023 11:10:51.659 [java] [ERROR] ^
25-03-2023 11:10:51.659 [java] [ERROR] symbol:   variable ExpectedConditions
25-03-2023 11:10:51.659 [java] [ERROR] location: class StepImplementation
25-03-2023 11:10:51.659 [java] [ERROR] src\test\java\org\example\StepImplementation.java:88: error: cannot find symbol
25-03-2023 11:10:51.659 [java] [ERROR] Assert.assertSame(text1,text);
25-03-2023 11:10:51.659 [java] [ERROR] ^
25-03-2023 11:10:51.659 [java] [ERROR] symbol:   variable Assert
25-03-2023 11:10:51.659 [java] [ERROR] location: class StepImplementation
25-03-2023 11:10:51.659 [java] [ERROR] src\test\java\org\example\StepImplementation.java:90: error: cannot find symbol
25-03-2023 11:10:51.659 [java] [ERROR] Assert.assertTrue("Element bulunamadý.", false);
25-03-2023 11:10:51.659 [java] [ERROR] ^
25-03-2023 11:10:51.659 [java] [ERROR] symbol:   variable Assert
25-03-2023 11:10:51.659 [java] [ERROR] location: class StepImplementation
25-03-2023 11:10:51.659 [java] [ERROR] src\test\java\org\example\StepImplementation.java:101: error: cannot find symbol
25-03-2023 11:10:51.659 [java] [ERROR] By byElement = ElementHelper.getElementInfoToBy(key);
25-03-2023 11:10:51.659 [java] [ERROR] ^
25-03-2023 11:10:51.659 [java] [ERROR] symbol:   class By
25-03-2023 11:10:51.659 [java] [ERROR] location: class StepImplementation
25-03-2023 11:10:51.659 [java] [ERROR] src\test\java\org\example\StepImplementation.java:102: error: cannot find symbol
25-03-2023 11:10:51.659 [java] [ERROR] wait.until(ExpectedConditions.presenceOfElementLocated(byElement));
25-03-2023 11:10:51.659 [java] [ERROR] ^
25-03-2023 11:10:51.659 [java] [ERROR] symbol:   variable ExpectedConditions
25-03-2023 11:10:51.659 [java] [ERROR] location: class StepImplementation
25-03-2023 11:10:51.659 [java] [ERROR] src\test\java\org\example\StepImplementation.java:103: error: cannot find symbol
25-03-2023 11:10:51.659 [java] [ERROR] List<WebElement> elements = driver.findElements(byElement);
25-03-2023 11:10:51.659 [java] [ERROR] ^
25-03-2023 11:10:51.659 [java] [ERROR] symbol:   class WebElement
25-03-2023 11:10:51.659 [java] [ERROR] location: class StepImplementation
25-03-2023 11:10:51.659 [java] [ERROR] src\test\java\org\example\StepImplementation.java:104: error: cannot find symbol
25-03-2023 11:10:51.659 [java] [ERROR] for (WebElement element : elements) {
25-03-2023 11:10:51.659 [java] [ERROR] ^
25-03-2023 11:10:51.659 [java] [ERROR] symbol:   class WebElement
25-03-2023 11:10:51.659 [java] [ERROR] location: class StepImplementation
25-03-2023 11:10:51.659 [java] [ERROR] src\test\java\org\example\StepImplementation.java:107: error: cannot find symbol
25-03-2023 11:10:51.659 [java] [ERROR] wait.until(ExpectedConditions.visibilityOfElementLocated(byElement));
25-03-2023 11:10:51.659 [java] [ERROR] ^
25-03-2023 11:10:51.659 [java] [ERROR] symbol:   variable ExpectedConditions
25-03-2023 11:10:51.659 [java] [ERROR] location: class StepImplementation
25-03-2023 11:10:51.659 [java] [ERROR] src\test\java\org\example\StepImplementation.java:115: error: cannot find symbol
25-03-2023 11:10:51.659 [java] [ERROR] } catch (StaleElementReferenceException s) {
25-03-2023 11:10:51.660 [java] [ERROR] ^
25-03-2023 11:10:51.660 [java] [ERROR] symbol:   class StaleElementReferenceException
25-03-2023 11:10:51.660 [java] [ERROR] location: class StepImplementation
25-03-2023 11:10:51.670 [java] [ERROR] src\test\java\org\example\StepImplementation.java:137: error: cannot find symbol
25-03-2023 11:10:51.670 [java] [ERROR] Assert.assertTrue(false);
25-03-2023 11:10:51.670 [java] [ERROR] ^
25-03-2023 11:10:51.670 [java] [ERROR] symbol:   variable Assert
25-03-2023 11:10:51.670 [java] [ERROR] location: class StepImplementation
25-03-2023 11:10:51.670 [java] [ERROR] src\test\java\org\example\StepImplementation.java:145: error: cannot find symbol
25-03-2023 11:10:51.670 [java] [ERROR] ((JavascriptExecutor) driver).executeScript(("window.scrollBy(0," + i + ")"), "");
25-03-2023 11:10:51.670 [java] [ERROR] ^
25-03-2023 11:10:51.670 [java] [ERROR] symbol:   class JavascriptExecutor
25-03-2023 11:10:51.670 [java] [ERROR] location: class StepImplementation
25-03-2023 11:10:51.675 [java] [ERROR] src\test\java\org\example\StepImplementation.java:148: error: cannot find symbol
25-03-2023 11:10:51.675 [java] [ERROR] ((JavascriptExecutor) driver).executeScript(("window.scrollBy(0," + i + ")"), "");
25-03-2023 11:10:51.675 [java] [ERROR] ^
25-03-2023 11:10:51.675 [java] [ERROR] symbol:   class JavascriptExecutor
25-03-2023 11:10:51.675 [java] [ERROR] location: class StepImplementation
25-03-2023 11:10:51.681 [java] [ERROR] src\test\java\org\example\StepImplementation.java:150: error: cannot find symbol
25-03-2023 11:10:51.681 [java] [ERROR] } catch (WebDriverException wde) {
25-03-2023 11:10:51.681 [java] [ERROR] ^
25-03-2023 11:10:51.681 [java] [ERROR] symbol:   class WebDriverException
25-03-2023 11:10:51.681 [java] [ERROR] location: class StepImplementation
25-03-2023 11:10:51.681 [java] [ERROR] src\test\java\org\example\StepImplementation.java:156: error: cannot find symbol
25-03-2023 11:10:51.681 [java] [ERROR] JavascriptExecutor js = (JavascriptExecutor) driver;
25-03-2023 11:10:51.681 [java] [ERROR] ^
25-03-2023 11:10:51.681 [java] [ERROR] symbol:   class JavascriptExecutor
25-03-2023 11:10:51.681 [java] [ERROR] location: class StepImplementation
25-03-2023 11:10:51.681 [java] [ERROR] src\test\java\org\example\StepImplementation.java:156: error: cannot find symbol
25-03-2023 11:10:51.681 [java] [ERROR] JavascriptExecutor js = (JavascriptExecutor) driver;
25-03-2023 11:10:51.681 [java] [ERROR] ^
25-03-2023 11:10:51.681 [java] [ERROR] symbol:   class JavascriptExecutor
25-03-2023 11:10:51.681 [java] [ERROR] location: class StepImplementation
25-03-2023 11:10:51.681 [java] [ERROR] 75 errors
25-03-2023 11:10:51.817 [Gauge] [ERROR] Error occurred while waiting for runner process to finish.
Error : exit status 1
25-03-2023 11:10:51.817 [Gauge] [DEBUG] Gauge could not initialize. Install 'vscjava.vscode-java-pack' extension for code insights. For more information see[Problems](command:workbench.actions.view.problems), check logs.[Troubleshooting](https://docs.gauge.org/troubleshooting.html?language=javascript&ide=vscode#gauge-could-not-initialize-for-more-information-see-problems)
Some of the gauge lsp feature will not work as expected.
25-03-2023 11:10:51.817 [Gauge] [INFO] LangServer: reading on stdin, writing on stdout
25-03-2023 11:10:51.838 [Gauge] [ERROR] notif #0: initialized: current runner is not compatible with gauge LSP
25-03-2023 11:17:55.501 [Gauge] [INFO] Connection closed
25-03-2023 11:17:55.501 [Gauge] [ERROR] Unable to log error 'Connection closed' to LSP: jsonrpc2: connection is closed
25-03-2023 11:18:22.644 [Gauge] [INFO] Initializing concepts cache with 12 concepts
25-03-2023 11:18:22.644 [Gauge] [DEBUG] Adding concepts from c:\Users\elifk\IdeaProjects\Deneme\specs\Concepts\Case.cpt
25-03-2023 11:18:22.644 [Gauge] [DEBUG] Adding concepts from c:\Users\elifk\IdeaProjects\Deneme\specs\Concepts\Case.cpt
25-03-2023 11:18:22.644 [Gauge] [DEBUG] Adding concepts from c:\Users\elifk\IdeaProjects\Deneme\specs\Concepts\Case.cpt
25-03-2023 11:18:22.644 [Gauge] [DEBUG] Adding concepts from c:\Users\elifk\IdeaProjects\Deneme\specs\Concepts\Case.cpt
25-03-2023 11:18:22.644 [Gauge] [DEBUG] Adding concepts from c:\Users\elifk\IdeaProjects\Deneme\specs\Concepts\Case.cpt
25-03-2023 11:18:22.644 [Gauge] [DEBUG] Adding concepts from c:\Users\elifk\IdeaProjects\Deneme\specs\Concepts\Case.cpt
25-03-2023 11:18:22.644 [Gauge] [DEBUG] Adding concepts from c:\Users\elifk\IdeaProjects\Deneme\specs\Concepts\Case.cpt
25-03-2023 11:18:22.644 [Gauge] [DEBUG] Adding concepts from c:\Users\elifk\IdeaProjects\Deneme\specs\Concepts\Case.cpt
25-03-2023 11:18:22.644 [Gauge] [DEBUG] Adding concepts from c:\Users\elifk\IdeaProjects\Deneme\specs\Concepts\Case.cpt
25-03-2023 11:18:22.644 [Gauge] [DEBUG] Adding concepts from c:\Users\elifk\IdeaProjects\Deneme\specs\Concepts\Case.cpt
25-03-2023 11:18:22.644 [Gauge] [DEBUG] Adding concepts from c:\Users\elifk\IdeaProjects\Deneme\specs\Concepts\Case.cpt
25-03-2023 11:18:22.644 [Gauge] [DEBUG] Adding concepts from c:\Users\elifk\IdeaProjects\Deneme\specs\Concepts\Case.cpt
25-03-2023 11:18:22.645 [Gauge] [INFO] Initializing specs cache with 1 specs
25-03-2023 11:18:22.645 [Gauge] [DEBUG] Adding specs from c:\Users\elifk\IdeaProjects\Deneme\specs\Scenario\Case.spec
25-03-2023 11:18:22.645 [Gauge] [INFO] Initializing steps cache with 2 steps
25-03-2023 11:18:22.646 [Gauge] [DEBUG] Watching directory: c:\Users\elifk\IdeaProjects\Deneme\specs
25-03-2023 11:18:22.646 [Gauge] [DEBUG] Found 2 files
25-03-2023 11:18:22.646 [Gauge] [DEBUG] Watching directory: c:\Users\elifk\IdeaProjects\Deneme\specs\Concepts
25-03-2023 11:18:22.646 [Gauge] [DEBUG] Found 1 files
25-03-2023 11:18:22.646 [Gauge] [DEBUG] Watching directory: c:\Users\elifk\IdeaProjects\Deneme\specs\Scenario
25-03-2023 11:18:22.648 [Gauge] [DEBUG] Found 1 files
25-03-2023 11:18:22.648 [Gauge] [INFO] Starting language runner
25-03-2023 11:18:23.050 [java] [DEBUG] ***** Printing Properties/Env Values *****
25-03-2023 11:18:23.050 [java] [DEBUG] PATH: C:\Program Files\Common Files\Oracle\Java\javapath;C:\Program Files\Common Files\Microsoft Shared\Microsoft Online Services;C:\Program Files (x86)\Common Files\Microsoft Shared\Microsoft Online Services;C:\windows\system32;C:\windows;C:\windows\System32\Wbem;C:\windows\System32\WindowsPowerShell\v1.0\;C:\windows\System32\OpenSSH\;C:\Program Files (x86)\NVIDIA Corporation\PhysX\Common;C:\Program Files\NVIDIA Corporation\NVIDIA NvDLISR;C:\Program Files\Microsoft SQL Server\Client SDK\ODBC\170\Tools\Binn\;C:\Program Files (x86)\Microsoft SQL Server\150\Tools\Binn\;C:\Program Files\Microsoft SQL Server\150\Tools\Binn\;C:\Program Files\Microsoft SQL Server\150\DTS\Binn\;C:\Program Files\Microsoft SQL Server\Client SDK\ODBC\130\Tools\Binn\;C:\Program Files (x86)\Microsoft SQL Server\140\Tools\Binn\;C:\Program Files\Microsoft SQL Server\140\Tools\Binn\;C:\Program Files\Microsoft SQL Server\140\DTS\Binn\;C:\Program Files\Microsoft SQL Server\130\Tools\Binn\;C:\WINDOWS\system32;C:\WINDOWS;C:\WINDOWS\System32\Wbem;C:\WINDOWS\System32\WindowsPowerShell\v1.0\;C:\WINDOWS\System32\OpenSSH\;C:\Program Files (x86)\Microsoft SQL Server\150\DTS\Binn\;C:\Program Files\Azure Data Studio\bin;C:\Program Files\Git\cmd;C:\Program Files\Java\jdk-11\bin;C:\Program Files\Java\apache-maven-3.9.0\bin;C:\ProgramData\Microsoft\Windows\Start Menu\Programs\Java Development Kit\JetBrains\Intellij IDEA Community Edition\bin;C:\Program Files\gauge\bin;C:\Program Files\Java\jdk-15.0.2\bin;%!I(MISSING)ntelliJ IDEA Community edition%!;(MISSING)C:\Users\elifk\AppData\Local\Microsoft\WindowsApps;C:\flutter\bin;C:\Windows\System32;C:\Program Files\Azure Data Studio\bin;C:\ProgramData\Microsoft\Windows\Start Menu\Programs\Java Development Kit\JetBrains\Intellij IDEA Community Edition\bin;;C:\Users\elifk\AppData\Local\Programs\Microsoft VS Code\bin
25-03-2023 11:18:23.050 [java] [DEBUG] JAVA_HOME: C:\Program Files\Java\jdk-15.0.2
25-03-2023 11:18:23.050 [java] [DEBUG] gauge_project_root: c:\Users\elifk\IdeaProjects\Deneme
25-03-2023 11:18:23.050 [java] [DEBUG] gauge_parallel_streams_count: 
25-03-2023 11:18:23.050 [java] [DEBUG] gauge_reports_dir: reports
25-03-2023 11:18:23.050 [java] [DEBUG] overwrite_reports: true
25-03-2023 11:18:23.050 [java] [DEBUG] logs_directory: logs
25-03-2023 11:18:23.050 [java] [DEBUG] enable_multithreading: false
25-03-2023 11:18:23.050 [java] [DEBUG] gauge_specs_dir: specs
25-03-2023 11:18:23.050 [java] [DEBUG] csv_delimiter: ,
25-03-2023 11:18:23.050 [java] [DEBUG] gauge_java_home: 
25-03-2023 11:18:23.050 [java] [DEBUG] gauge_custom_build_path: 
25-03-2023 11:18:23.050 [java] [DEBUG] gauge_additional_libs: libs/*
25-03-2023 11:18:23.050 [java] [DEBUG] gauge_jvm_args: 
25-03-2023 11:18:23.050 [java] [DEBUG] gauge_custom_compile_dir: 
25-03-2023 11:18:23.050 [java] [DEBUG] gauge_clear_state_level: scenario
25-03-2023 11:18:23.050 [java] [DEBUG] ***** END *****
25-03-2023 11:18:27.944 [java] [ERROR] Installed version of gauge-java (0.9.1) does not match with dependency gauge-java (0.6.8) specified in pom.xml file
25-03-2023 11:18:27.974 [java] [DEBUG] running - C:\Program Files\Java\jdk-15.0.2\bin\javac.exe [-encoding UTF-8 -d gauge_bin @C:\Users\elifk\AppData\Local\Temp\gauge_temp2197884252\52fdfc072182654f163f5f0f9a621d72]
25-03-2023 11:18:27.974 [java] [DEBUG] stdout/stderr is logged to logs\8264-javac.exe.out
25-03-2023 11:18:28.868 [java] [ERROR] src\main\java\helper\ElementHelper.java:5: error: package org.openqa.selenium does not exist
25-03-2023 11:18:28.868 [java] [ERROR] import org.openqa.selenium.By;
25-03-2023 11:18:28.868 [java] [ERROR] ^
25-03-2023 11:18:28.957 [java] [ERROR] src\main\java\helper\ElementHelper.java:39: error: cannot find symbol
25-03-2023 11:18:28.957 [java] [ERROR] public static By getElementInfoToBy(ElementInfo elementInfo) {
25-03-2023 11:18:28.957 [java] [ERROR] ^
25-03-2023 11:18:28.957 [java] [ERROR] symbol:   class By
25-03-2023 11:18:28.957 [java] [ERROR] location: class ElementHelper
25-03-2023 11:18:28.958 [java] [ERROR] src\main\java\helper\ElementHelper.java:55: error: cannot find symbol
25-03-2023 11:18:28.958 [java] [ERROR] public static By getElementInfoToBy(String key) {
25-03-2023 11:18:28.958 [java] [ERROR] ^
25-03-2023 11:18:28.958 [java] [ERROR] symbol:   class By
25-03-2023 11:18:28.958 [java] [ERROR] location: class ElementHelper
25-03-2023 11:18:28.969 [java] [ERROR] src\test\java\driver\Driver.java:5: error: package org.openqa.selenium does not exist
25-03-2023 11:18:28.969 [java] [ERROR] import org.openqa.selenium.WebDriver;
25-03-2023 11:18:28.969 [java] [ERROR] ^
25-03-2023 11:18:28.973 [java] [ERROR] src\test\java\driver\Driver.java:9: error: cannot find symbol
25-03-2023 11:18:28.973 [java] [ERROR] public static WebDriver webDriver;
25-03-2023 11:18:28.973 [java] [ERROR] ^
25-03-2023 11:18:28.973 [java] [ERROR] symbol:   class WebDriver
25-03-2023 11:18:28.973 [java] [ERROR] location: class Driver
25-03-2023 11:18:28.993 [java] [ERROR] src\test\java\driver\DriverFactory.java:3: error: package io.github.bonigarcia.wdm does not exist
25-03-2023 11:18:28.993 [java] [ERROR] import io.github.bonigarcia.wdm.WebDriverManager;
25-03-2023 11:18:28.993 [java] [ERROR] ^
25-03-2023 11:18:28.997 [java] [ERROR] src\test\java\driver\DriverFactory.java:4: error: package org.openqa.selenium does not exist
25-03-2023 11:18:28.997 [java] [ERROR] import org.openqa.selenium.WebDriver;
25-03-2023 11:18:28.997 [java] [ERROR] ^
25-03-2023 11:18:29.004 [java] [ERROR] src\test\java\driver\DriverFactory.java:5: error: package org.openqa.selenium.chrome does not exist
25-03-2023 11:18:29.004 [java] [ERROR] import org.openqa.selenium.chrome.ChromeDriver;
25-03-2023 11:18:29.004 [java] [ERROR] ^
25-03-2023 11:18:29.012 [java] [ERROR] src\test\java\driver\DriverFactory.java:6: error: package org.openqa.selenium.firefox does not exist
25-03-2023 11:18:29.012 [java] [ERROR] import org.openqa.selenium.firefox.FirefoxDriver;
25-03-2023 11:18:29.012 [java] [ERROR] ^
25-03-2023 11:18:29.019 [java] [ERROR] src\test\java\driver\DriverFactory.java:7: error: package org.openqa.selenium.ie does not exist
25-03-2023 11:18:29.019 [java] [ERROR] import org.openqa.selenium.ie.InternetExplorerDriver;
25-03-2023 11:18:29.019 [java] [ERROR] ^
25-03-2023 11:18:29.027 [java] [ERROR] src\test\java\driver\DriverFactory.java:8: error: package org.openqa.selenium.chrome does not exist
25-03-2023 11:18:29.027 [java] [ERROR] import org.openqa.selenium.chrome.ChromeOptions;
25-03-2023 11:18:29.027 [java] [ERROR] ^
25-03-2023 11:18:29.030 [java] [ERROR] src\test\java\driver\DriverFactory.java:11: error: cannot find symbol
25-03-2023 11:18:29.030 [java] [ERROR] static WebDriver getDriver() {
25-03-2023 11:18:29.030 [java] [ERROR] ^
25-03-2023 11:18:29.030 [java] [ERROR] symbol:   class WebDriver
25-03-2023 11:18:29.030 [java] [ERROR] location: class DriverFactory
25-03-2023 11:18:29.036 [java] [ERROR] src\test\java\driver\ScenarioHook.java:6: error: package org.openqa.selenium does not exist
25-03-2023 11:18:29.036 [java] [ERROR] import org.openqa.selenium.WebDriver;
25-03-2023 11:18:29.036 [java] [ERROR] ^
25-03-2023 11:18:29.042 [java] [ERROR] src\test\java\driver\ScenarioHook.java:7: error: package org.openqa.selenium.chrome does not exist
25-03-2023 11:18:29.042 [java] [ERROR] import org.openqa.selenium.chrome.ChromeDriver;
25-03-2023 11:18:29.043 [java] [ERROR] ^
25-03-2023 11:18:29.054 [java] [ERROR] src\test\java\driver\ScenarioHook.java:8: error: package org.openqa.selenium.chrome does not exist
25-03-2023 11:18:29.054 [java] [ERROR] import org.openqa.selenium.chrome.ChromeOptions;
25-03-2023 11:18:29.054 [java] [ERROR] ^
25-03-2023 11:18:29.068 [java] [ERROR] src\test\java\driver\ScenarioHook.java:18: error: cannot find symbol
25-03-2023 11:18:29.068 [java] [ERROR] WebDriver driver;
25-03-2023 11:18:29.068 [java] [ERROR] ^
25-03-2023 11:18:29.068 [java] [ERROR] symbol:   class WebDriver
25-03-2023 11:18:29.068 [java] [ERROR] location: class ScenarioHook
25-03-2023 11:18:29.076 [java] [ERROR] src\test\java\driver\ScreenshotImpl.java:6: error: package org.openqa.selenium does not exist
25-03-2023 11:18:29.076 [java] [ERROR] import org.openqa.selenium.OutputType;
25-03-2023 11:18:29.076 [java] [ERROR] ^
25-03-2023 11:18:29.080 [java] [ERROR] src\test\java\driver\ScreenshotImpl.java:7: error: package org.openqa.selenium does not exist
25-03-2023 11:18:29.080 [java] [ERROR] import org.openqa.selenium.TakesScreenshot;
25-03-2023 11:18:29.080 [java] [ERROR] ^
25-03-2023 11:18:29.100 [java] [ERROR] src\test\java\driver\ScreenshotImpl.java:10: error: package javax.inject does not exist
25-03-2023 11:18:29.100 [java] [ERROR] import javax.inject.Inject;
25-03-2023 11:18:29.100 [java] [ERROR] ^
25-03-2023 11:18:29.114 [java] [ERROR] src\test\java\org\example\StepImplementation.java:4: error: package io.github.bonigarcia.wdm does not exist
25-03-2023 11:18:29.114 [java] [ERROR] import io.github.bonigarcia.wdm.WebDriverManager;
25-03-2023 11:18:29.114 [java] [ERROR] ^
25-03-2023 11:18:29.125 [java] [ERROR] src\test\java\org\example\StepImplementation.java:5: error: package org.junit does not exist
25-03-2023 11:18:29.125 [java] [ERROR] import org.junit.Assert;
25-03-2023 11:18:29.125 [java] [ERROR] ^
25-03-2023 11:18:29.135 [java] [ERROR] src\test\java\org\example\StepImplementation.java:11: error: package org.openqa.selenium.chrome does not exist
25-03-2023 11:18:29.135 [java] [ERROR] import org.openqa.selenium.chrome.ChromeDriver;
25-03-2023 11:18:29.135 [java] [ERROR] ^
25-03-2023 11:18:29.141 [java] [ERROR] src\test\java\org\example\StepImplementation.java:12: error: package org.openqa.selenium.chrome does not exist
25-03-2023 11:18:29.141 [java] [ERROR] import org.openqa.selenium.chrome.ChromeOptions;
25-03-2023 11:18:29.141 [java] [ERROR] ^
25-03-2023 11:18:29.150 [java] [ERROR] src\test\java\org\example\StepImplementation.java:13: error: package org.openqa.selenium.firefox does not exist
25-03-2023 11:18:29.150 [java] [ERROR] import org.openqa.selenium.firefox.FirefoxDriver;
25-03-2023 11:18:29.150 [java] [ERROR] ^
25-03-2023 11:18:29.158 [java] [ERROR] src\test\java\org\example\StepImplementation.java:14: error: package org.openqa.selenium.firefox does not exist
25-03-2023 11:18:29.158 [java] [ERROR] import org.openqa.selenium.firefox.FirefoxOptions;
25-03-2023 11:18:29.158 [java] [ERROR] ^
25-03-2023 11:18:29.179 [java] [ERROR] src\test\java\org\example\StepImplementation.java:15: error: package org.openqa.selenium.support.ui does not exist
25-03-2023 11:18:29.179 [java] [ERROR] import org.openqa.selenium.support.ui.ExpectedConditions;
25-03-2023 11:18:29.179 [java] [ERROR] ^
25-03-2023 11:18:29.188 [java] [ERROR] src\test\java\org\example\StepImplementation.java:16: error: package org.openqa.selenium.support.ui does not exist
25-03-2023 11:18:29.188 [java] [ERROR] import org.openqa.selenium.support.ui.WebDriverWait;
25-03-2023 11:18:29.188 [java] [ERROR] ^
25-03-2023 11:18:29.195 [java] [ERROR] src\test\java\org\example\StepImplementation.java:18: error: package javax.inject does not exist
25-03-2023 11:18:29.195 [java] [ERROR] import javax.inject.Inject;
25-03-2023 11:18:29.195 [java] [ERROR] ^
25-03-2023 11:18:29.216 [java] [ERROR] src\test\java\org\example\StepImplementation.java:28: error: cannot find symbol
25-03-2023 11:18:29.216 [java] [ERROR] WebElement element;
25-03-2023 11:18:29.216 [java] [ERROR] ^
25-03-2023 11:18:29.216 [java] [ERROR] symbol:   class WebElement
25-03-2023 11:18:29.216 [java] [ERROR] location: class StepImplementation
25-03-2023 11:18:29.217 [java] [ERROR] src\test\java\org\example\StepImplementation.java:30: error: cannot find symbol
25-03-2023 11:18:29.217 [java] [ERROR] public static WebDriver driver = null;
25-03-2023 11:18:29.217 [java] [ERROR] ^
25-03-2023 11:18:29.217 [java] [ERROR] symbol:   class WebDriver
25-03-2023 11:18:29.217 [java] [ERROR] location: class StepImplementation
25-03-2023 11:18:29.217 [java] [ERROR] src\test\java\org\example\StepImplementation.java:32: error: cannot find symbol
25-03-2023 11:18:29.218 [java] [ERROR] WebDriverWait wait = new WebDriverWait(driver, 10);
25-03-2023 11:18:29.218 [java] [ERROR] ^
25-03-2023 11:18:29.218 [java] [ERROR] symbol:   class WebDriverWait
25-03-2023 11:18:29.218 [java] [ERROR] location: class StepImplementation
25-03-2023 11:18:29.220 [java] [ERROR] src\test\java\org\example\StepImplementation.java:155: error: cannot find symbol
25-03-2023 11:18:29.220 [java] [ERROR] public void swipeToElement(WebElement element) {
25-03-2023 11:18:29.220 [java] [ERROR] ^
25-03-2023 11:18:29.221 [java] [ERROR] symbol:   class WebElement
25-03-2023 11:18:29.221 [java] [ERROR] location: class StepImplementation
25-03-2023 11:18:29.225 [java] [ERROR] src\test\java\org\example\StepImplementation.java:10: error: package org.openqa.selenium does not exist
25-03-2023 11:18:29.225 [java] [ERROR] import org.openqa.selenium.*;
25-03-2023 11:18:29.225 [java] [ERROR] ^
25-03-2023 11:18:29.238 [java] [ERROR] src\test\java\driver\ScreenshotImpl.java:19: error: cannot find symbol
25-03-2023 11:18:29.238 [java] [ERROR] @Inject
25-03-2023 11:18:29.238 [java] [ERROR] ^
25-03-2023 11:18:29.238 [java] [ERROR] symbol:   class Inject
25-03-2023 11:18:29.238 [java] [ERROR] location: class ScreenshotImpl
25-03-2023 11:18:29.238 [java] [ERROR] src\test\java\org\example\StepImplementation.java:27: error: cannot find symbol
25-03-2023 11:18:29.238 [java] [ERROR] @Inject
25-03-2023 11:18:29.238 [java] [ERROR] ^
25-03-2023 11:18:29.239 [java] [ERROR] symbol:   class Inject
25-03-2023 11:18:29.239 [java] [ERROR] location: class StepImplementation
25-03-2023 11:18:29.239 [java] [ERROR] src\test\java\org\example\StepImplementation.java:29: error: cannot find symbol
25-03-2023 11:18:29.239 [java] [ERROR] @Inject
25-03-2023 11:18:29.239 [java] [ERROR] ^
25-03-2023 11:18:29.239 [java] [ERROR] symbol:   class Inject
25-03-2023 11:18:29.239 [java] [ERROR] location: class StepImplementation
25-03-2023 11:18:29.334 [java] [ERROR] src\main\java\helper\ElementHelper.java:40: error: cannot find symbol
25-03-2023 11:18:29.334 [java] [ERROR] By by = null;
25-03-2023 11:18:29.334 [java] [ERROR] ^
25-03-2023 11:18:29.334 [java] [ERROR] symbol:   class By
25-03-2023 11:18:29.334 [java] [ERROR] location: class ElementHelper
25-03-2023 11:18:29.337 [java] [ERROR] src\main\java\helper\ElementHelper.java:42: error: cannot find symbol
25-03-2023 11:18:29.337 [java] [ERROR] by = By.cssSelector(elementInfo.getValue());
25-03-2023 11:18:29.337 [java] [ERROR] ^
25-03-2023 11:18:29.337 [java] [ERROR] symbol:   variable By
25-03-2023 11:18:29.337 [java] [ERROR] location: class ElementHelper
25-03-2023 11:18:29.343 [java] [ERROR] src\main\java\helper\ElementHelper.java:44: error: cannot find symbol
25-03-2023 11:18:29.343 [java] [ERROR] by = By.id(elementInfo.getValue());
25-03-2023 11:18:29.343 [java] [ERROR] ^
25-03-2023 11:18:29.343 [java] [ERROR] symbol:   variable By
25-03-2023 11:18:29.343 [java] [ERROR] location: class ElementHelper
25-03-2023 11:18:29.344 [java] [ERROR] src\main\java\helper\ElementHelper.java:46: error: cannot find symbol
25-03-2023 11:18:29.344 [java] [ERROR] by = By.xpath(elementInfo.getValue()); }
25-03-2023 11:18:29.344 [java] [ERROR] ^
25-03-2023 11:18:29.344 [java] [ERROR] symbol:   variable By
25-03-2023 11:18:29.344 [java] [ERROR] location: class ElementHelper
25-03-2023 11:18:29.352 [java] [ERROR] src\test\java\driver\DriverFactory.java:12: error: cannot find symbol
25-03-2023 11:18:29.352 [java] [ERROR] WebDriverManager.chromedriver().setup();
25-03-2023 11:18:29.352 [java] [ERROR] ^
25-03-2023 11:18:29.352 [java] [ERROR] symbol:   variable WebDriverManager
25-03-2023 11:18:29.352 [java] [ERROR] location: class DriverFactory
25-03-2023 11:18:29.352 [java] [ERROR] src\test\java\driver\DriverFactory.java:13: error: cannot find symbol
25-03-2023 11:18:29.352 [java] [ERROR] return new ChromeDriver();
25-03-2023 11:18:29.352 [java] [ERROR] ^
25-03-2023 11:18:29.352 [java] [ERROR] symbol:   class ChromeDriver
25-03-2023 11:18:29.352 [java] [ERROR] location: class DriverFactory
25-03-2023 11:18:29.357 [java] [ERROR] src\test\java\driver\ScenarioHook.java:28: error: cannot find symbol
25-03-2023 11:18:29.357 [java] [ERROR] ChromeOptions chromeOptions = new ChromeOptions();
25-03-2023 11:18:29.357 [java] [ERROR] ^
25-03-2023 11:18:29.357 [java] [ERROR] symbol:   class ChromeOptions
25-03-2023 11:18:29.357 [java] [ERROR] location: class ScenarioHook
25-03-2023 11:18:29.358 [java] [ERROR] src\test\java\driver\ScenarioHook.java:28: error: cannot find symbol
25-03-2023 11:18:29.358 [java] [ERROR] ChromeOptions chromeOptions = new ChromeOptions();
25-03-2023 11:18:29.358 [java] [ERROR] ^
25-03-2023 11:18:29.358 [java] [ERROR] symbol:   class ChromeOptions
25-03-2023 11:18:29.358 [java] [ERROR] location: class ScenarioHook
25-03-2023 11:18:29.358 [java] [ERROR] src\test\java\driver\ScenarioHook.java:29: error: cannot find symbol
25-03-2023 11:18:29.358 [java] [ERROR] driver = new ChromeDriver(chromeOptions);
25-03-2023 11:18:29.358 [java] [ERROR] ^
25-03-2023 11:18:29.358 [java] [ERROR] symbol:   class ChromeDriver
25-03-2023 11:18:29.358 [java] [ERROR] location: class ScenarioHook
25-03-2023 11:18:29.371 [java] [ERROR] src\test\java\driver\ScreenshotImpl.java:35: error: cannot find symbol
25-03-2023 11:18:29.371 [java] [ERROR] File screenshotFile = ((TakesScreenshot) driverAction).getScreenshotAs(OutputType.FILE);
25-03-2023 11:18:29.371 [java] [ERROR] ^
25-03-2023 11:18:29.371 [java] [ERROR] symbol:   variable OutputType
25-03-2023 11:18:29.371 [java] [ERROR] location: class ScreenshotImpl
25-03-2023 11:18:29.372 [java] [ERROR] src\test\java\driver\ScreenshotImpl.java:35: error: cannot find symbol
25-03-2023 11:18:29.372 [java] [ERROR] File screenshotFile = ((TakesScreenshot) driverAction).getScreenshotAs(OutputType.FILE);
25-03-2023 11:18:29.372 [java] [ERROR] ^
25-03-2023 11:18:29.372 [java] [ERROR] symbol:   class TakesScreenshot
25-03-2023 11:18:29.372 [java] [ERROR] location: class ScreenshotImpl
25-03-2023 11:18:29.387 [java] [ERROR] src\test\java\org\example\StepImplementation.java:32: error: cannot find symbol
25-03-2023 11:18:29.387 [java] [ERROR] WebDriverWait wait = new WebDriverWait(driver, 10);
25-03-2023 11:18:29.388 [java] [ERROR] ^
25-03-2023 11:18:29.388 [java] [ERROR] symbol:   class WebDriverWait
25-03-2023 11:18:29.388 [java] [ERROR] location: class StepImplementation
25-03-2023 11:18:29.397 [java] [ERROR] src\test\java\org\example\StepImplementation.java:38: error: cannot find symbol
25-03-2023 11:18:29.397 [java] [ERROR] driver = new ChromeDriver();
25-03-2023 11:18:29.397 [java] [ERROR] ^
25-03-2023 11:18:29.397 [java] [ERROR] symbol:   class ChromeDriver
25-03-2023 11:18:29.397 [java] [ERROR] location: class StepImplementation
25-03-2023 11:18:29.398 [java] [ERROR] src\test\java\org\example\StepImplementation.java:44: error: cannot find symbol
25-03-2023 11:18:29.398 [java] [ERROR] FirefoxOptions firefoxOptions = new FirefoxOptions();
25-03-2023 11:18:29.398 [java] [ERROR] ^
25-03-2023 11:18:29.398 [java] [ERROR] symbol:   class FirefoxOptions
25-03-2023 11:18:29.398 [java] [ERROR] location: class StepImplementation
25-03-2023 11:18:29.399 [java] [ERROR] src\test\java\org\example\StepImplementation.java:44: error: cannot find symbol
25-03-2023 11:18:29.399 [java] [ERROR] FirefoxOptions firefoxOptions = new FirefoxOptions();
25-03-2023 11:18:29.399 [java] [ERROR] ^
25-03-2023 11:18:29.399 [java] [ERROR] symbol:   class FirefoxOptions
25-03-2023 11:18:29.399 [java] [ERROR] location: class StepImplementation
25-03-2023 11:18:29.400 [java] [ERROR] src\test\java\org\example\StepImplementation.java:45: error: cannot find symbol
25-03-2023 11:18:29.400 [java] [ERROR] driver = new FirefoxDriver(firefoxOptions);
25-03-2023 11:18:29.400 [java] [ERROR] ^
25-03-2023 11:18:29.400 [java] [ERROR] symbol:   class FirefoxDriver
25-03-2023 11:18:29.400 [java] [ERROR] location: class StepImplementation
25-03-2023 11:18:29.403 [java] [ERROR] src\test\java\org\example\StepImplementation.java:59: error: cannot find symbol
25-03-2023 11:18:29.403 [java] [ERROR] wait.until(ExpectedConditions.urlToBe(url));
25-03-2023 11:18:29.403 [java] [ERROR] ^
25-03-2023 11:18:29.403 [java] [ERROR] symbol:   variable ExpectedConditions
25-03-2023 11:18:29.403 [java] [ERROR] location: class StepImplementation
25-03-2023 11:18:29.406 [java] [ERROR] src\test\java\org\example\StepImplementation.java:62: error: cannot find symbol
25-03-2023 11:18:29.406 [java] [ERROR] Assert.assertTrue("Sayfanýn url i " + url + " deðil. Url: " + driver.getCurrentUrl(), false);
25-03-2023 11:18:29.406 [java] [ERROR] ^
25-03-2023 11:18:29.406 [java] [ERROR] symbol:   variable Assert
25-03-2023 11:18:29.406 [java] [ERROR] location: class StepImplementation
25-03-2023 11:18:29.409 [java] [ERROR] src\test\java\org\example\StepImplementation.java:68: error: cannot find symbol
25-03-2023 11:18:29.409 [java] [ERROR] By byElement = ElementHelper.getElementInfoToBy(key);
25-03-2023 11:18:29.409 [java] [ERROR] ^
25-03-2023 11:18:29.409 [java] [ERROR] symbol:   class By
25-03-2023 11:18:29.409 [java] [ERROR] location: class StepImplementation
25-03-2023 11:18:29.409 [java] [ERROR] src\test\java\org\example\StepImplementation.java:69: error: cannot find symbol
25-03-2023 11:18:29.411 [java] [ERROR] wait.until(ExpectedConditions.presenceOfElementLocated(byElement));
25-03-2023 11:18:29.411 [java] [ERROR] ^
25-03-2023 11:18:29.411 [java] [ERROR] symbol:   variable ExpectedConditions
25-03-2023 11:18:29.411 [java] [ERROR] location: class StepImplementation
25-03-2023 11:18:29.411 [java] [ERROR] src\test\java\org\example\StepImplementation.java:76: error: cannot find symbol
25-03-2023 11:18:29.411 [java] [ERROR] By byElement = ElementHelper.getElementInfoToBy(key);
25-03-2023 11:18:29.411 [java] [ERROR] ^
25-03-2023 11:18:29.412 [java] [ERROR] symbol:   class By
25-03-2023 11:18:29.412 [java] [ERROR] location: class StepImplementation
25-03-2023 11:18:29.413 [java] [ERROR] src\test\java\org\example\StepImplementation.java:77: error: cannot find symbol
25-03-2023 11:18:29.413 [java] [ERROR] wait.until(ExpectedConditions.presenceOfElementLocated(byElement));
25-03-2023 11:18:29.413 [java] [ERROR] ^
25-03-2023 11:18:29.413 [java] [ERROR] symbol:   variable ExpectedConditions
25-03-2023 11:18:29.413 [java] [ERROR] location: class StepImplementation
25-03-2023 11:18:29.414 [java] [ERROR] src\test\java\org\example\StepImplementation.java:79: error: cannot find symbol
25-03-2023 11:18:29.414 [java] [ERROR] Assert.assertTrue("Element bulunamadý.", false);
25-03-2023 11:18:29.414 [java] [ERROR] ^
25-03-2023 11:18:29.414 [java] [ERROR] symbol:   variable Assert
25-03-2023 11:18:29.414 [java] [ERROR] location: class StepImplementation
25-03-2023 11:18:29.415 [java] [ERROR] src\test\java\org\example\StepImplementation.java:85: error: cannot find symbol
25-03-2023 11:18:29.438 [java] [ERROR] By byElement = ElementHelper.getElementInfoToBy(key);
25-03-2023 11:18:29.438 [java] [ERROR] ^
25-03-2023 11:18:29.438 [java] [ERROR] symbol:   class By
25-03-2023 11:18:29.438 [java] [ERROR] location: class StepImplementation
25-03-2023 11:18:29.438 [java] [ERROR] src\test\java\org\example\StepImplementation.java:86: error: cannot find symbol
25-03-2023 11:18:29.438 [java] [ERROR] wait.until(ExpectedConditions.presenceOfElementLocated(byElement));
25-03-2023 11:18:29.438 [java] [ERROR] ^
25-03-2023 11:18:29.438 [java] [ERROR] symbol:   variable ExpectedConditions
25-03-2023 11:18:29.438 [java] [ERROR] location: class StepImplementation
25-03-2023 11:18:29.438 [java] [ERROR] src\test\java\org\example\StepImplementation.java:88: error: cannot find symbol
25-03-2023 11:18:29.439 [java] [ERROR] Assert.assertSame(text1,text);
25-03-2023 11:18:29.439 [java] [ERROR] ^
25-03-2023 11:18:29.439 [java] [ERROR] symbol:   variable Assert
25-03-2023 11:18:29.439 [java] [ERROR] location: class StepImplementation
25-03-2023 11:18:29.439 [java] [ERROR] src\test\java\org\example\StepImplementation.java:90: error: cannot find symbol
25-03-2023 11:18:29.439 [java] [ERROR] Assert.assertTrue("Element bulunamadý.", false);
25-03-2023 11:18:29.439 [java] [ERROR] ^
25-03-2023 11:18:29.439 [java] [ERROR] symbol:   variable Assert
25-03-2023 11:18:29.439 [java] [ERROR] location: class StepImplementation
25-03-2023 11:18:29.439 [java] [ERROR] src\test\java\org\example\StepImplementation.java:101: error: cannot find symbol
25-03-2023 11:18:29.439 [java] [ERROR] By byElement = ElementHelper.getElementInfoToBy(key);
25-03-2023 11:18:29.439 [java] [ERROR] ^
25-03-2023 11:18:29.439 [java] [ERROR] symbol:   class By
25-03-2023 11:18:29.439 [java] [ERROR] location: class StepImplementation
25-03-2023 11:18:29.439 [java] [ERROR] src\test\java\org\example\StepImplementation.java:102: error: cannot find symbol
25-03-2023 11:18:29.439 [java] [ERROR] wait.until(ExpectedConditions.presenceOfElementLocated(byElement));
25-03-2023 11:18:29.439 [java] [ERROR] ^
25-03-2023 11:18:29.439 [java] [ERROR] symbol:   variable ExpectedConditions
25-03-2023 11:18:29.439 [java] [ERROR] location: class StepImplementation
25-03-2023 11:18:29.439 [java] [ERROR] src\test\java\org\example\StepImplementation.java:103: error: cannot find symbol
25-03-2023 11:18:29.439 [java] [ERROR] List<WebElement> elements = driver.findElements(byElement);
25-03-2023 11:18:29.439 [java] [ERROR] ^
25-03-2023 11:18:29.439 [java] [ERROR] symbol:   class WebElement
25-03-2023 11:18:29.439 [java] [ERROR] location: class StepImplementation
25-03-2023 11:18:29.439 [java] [ERROR] src\test\java\org\example\StepImplementation.java:104: error: cannot find symbol
25-03-2023 11:18:29.439 [java] [ERROR] for (WebElement element : elements) {
25-03-2023 11:18:29.439 [java] [ERROR] ^
25-03-2023 11:18:29.439 [java] [ERROR] symbol:   class WebElement
25-03-2023 11:18:29.439 [java] [ERROR] location: class StepImplementation
25-03-2023 11:18:29.439 [java] [ERROR] src\test\java\org\example\StepImplementation.java:107: error: cannot find symbol
25-03-2023 11:18:29.439 [java] [ERROR] wait.until(ExpectedConditions.visibilityOfElementLocated(byElement));
25-03-2023 11:18:29.439 [java] [ERROR] ^
25-03-2023 11:18:29.439 [java] [ERROR] symbol:   variable ExpectedConditions
25-03-2023 11:18:29.439 [java] [ERROR] location: class StepImplementation
25-03-2023 11:18:29.439 [java] [ERROR] src\test\java\org\example\StepImplementation.java:115: error: cannot find symbol
25-03-2023 11:18:29.439 [java] [ERROR] } catch (StaleElementReferenceException s) {
25-03-2023 11:18:29.439 [java] [ERROR] ^
25-03-2023 11:18:29.439 [java] [ERROR] symbol:   class StaleElementReferenceException
25-03-2023 11:18:29.439 [java] [ERROR] location: class StepImplementation
25-03-2023 11:18:29.439 [java] [ERROR] src\test\java\org\example\StepImplementation.java:137: error: cannot find symbol
25-03-2023 11:18:29.439 [java] [ERROR] Assert.assertTrue(false);
25-03-2023 11:18:29.439 [java] [ERROR] ^
25-03-2023 11:18:29.439 [java] [ERROR] symbol:   variable Assert
25-03-2023 11:18:29.439 [java] [ERROR] location: class StepImplementation
25-03-2023 11:18:29.443 [java] [ERROR] src\test\java\org\example\StepImplementation.java:145: error: cannot find symbol
25-03-2023 11:18:29.443 [java] [ERROR] ((JavascriptExecutor) driver).executeScript(("window.scrollBy(0," + i + ")"), "");
25-03-2023 11:18:29.443 [java] [ERROR] ^
25-03-2023 11:18:29.443 [java] [ERROR] symbol:   class JavascriptExecutor
25-03-2023 11:18:29.444 [java] [ERROR] location: class StepImplementation
25-03-2023 11:18:29.447 [java] [ERROR] src\test\java\org\example\StepImplementation.java:148: error: cannot find symbol
25-03-2023 11:18:29.448 [java] [ERROR] ((JavascriptExecutor) driver).executeScript(("window.scrollBy(0," + i + ")"), "");
25-03-2023 11:18:29.448 [java] [ERROR] ^
25-03-2023 11:18:29.448 [java] [ERROR] symbol:   class JavascriptExecutor
25-03-2023 11:18:29.448 [java] [ERROR] location: class StepImplementation
25-03-2023 11:18:29.448 [java] [ERROR] src\test\java\org\example\StepImplementation.java:150: error: cannot find symbol
25-03-2023 11:18:29.448 [java] [ERROR] } catch (WebDriverException wde) {
25-03-2023 11:18:29.448 [java] [ERROR] ^
25-03-2023 11:18:29.448 [java] [ERROR] symbol:   class WebDriverException
25-03-2023 11:18:29.448 [java] [ERROR] location: class StepImplementation
25-03-2023 11:18:29.451 [java] [ERROR] src\test\java\org\example\StepImplementation.java:156: error: cannot find symbol
25-03-2023 11:18:29.451 [java] [ERROR] JavascriptExecutor js = (JavascriptExecutor) driver;
25-03-2023 11:18:29.451 [java] [ERROR] ^
25-03-2023 11:18:29.451 [java] [ERROR] symbol:   class JavascriptExecutor
25-03-2023 11:18:29.451 [java] [ERROR] location: class StepImplementation
25-03-2023 11:18:29.451 [java] [ERROR] src\test\java\org\example\StepImplementation.java:156: error: cannot find symbol
25-03-2023 11:18:29.452 [java] [ERROR] JavascriptExecutor js = (JavascriptExecutor) driver;
25-03-2023 11:18:29.452 [java] [ERROR] ^
25-03-2023 11:18:29.452 [java] [ERROR] symbol:   class JavascriptExecutor
25-03-2023 11:18:29.452 [java] [ERROR] location: class StepImplementation
25-03-2023 11:18:29.454 [java] [ERROR] 75 errors
25-03-2023 11:18:29.594 [Gauge] [ERROR] Error occurred while waiting for runner process to finish.
Error : exit status 1
25-03-2023 11:18:29.594 [Gauge] [DEBUG] Gauge could not initialize. Install 'vscjava.vscode-java-pack' extension for code insights. For more information see[Problems](command:workbench.actions.view.problems), check logs.[Troubleshooting](https://docs.gauge.org/troubleshooting.html?language=javascript&ide=vscode#gauge-could-not-initialize-for-more-information-see-problems)
Some of the gauge lsp feature will not work as expected.
25-03-2023 11:18:29.594 [Gauge] [INFO] LangServer: reading on stdin, writing on stdout
25-03-2023 11:18:29.602 [Gauge] [ERROR] notif #0: initialized: current runner is not compatible with gauge LSP
25-03-2023 11:18:36.465 [Gauge] [INFO] Connection closed
25-03-2023 11:18:36.465 [Gauge] [ERROR] Unable to log error 'Connection closed' to LSP: jsonrpc2: connection is closed
25-03-2023 11:18:44.342 [Gauge] [INFO] Initializing concepts cache with 12 concepts
25-03-2023 11:18:44.342 [Gauge] [DEBUG] Adding concepts from c:\Users\elifk\IdeaProjects\Deneme\specs\Concepts\Case.cpt
25-03-2023 11:18:44.342 [Gauge] [DEBUG] Adding concepts from c:\Users\elifk\IdeaProjects\Deneme\specs\Concepts\Case.cpt
25-03-2023 11:18:44.342 [Gauge] [DEBUG] Adding concepts from c:\Users\elifk\IdeaProjects\Deneme\specs\Concepts\Case.cpt
25-03-2023 11:18:44.342 [Gauge] [DEBUG] Adding concepts from c:\Users\elifk\IdeaProjects\Deneme\specs\Concepts\Case.cpt
25-03-2023 11:18:44.342 [Gauge] [DEBUG] Adding concepts from c:\Users\elifk\IdeaProjects\Deneme\specs\Concepts\Case.cpt
25-03-2023 11:18:44.342 [Gauge] [DEBUG] Adding concepts from c:\Users\elifk\IdeaProjects\Deneme\specs\Concepts\Case.cpt
25-03-2023 11:18:44.342 [Gauge] [DEBUG] Adding concepts from c:\Users\elifk\IdeaProjects\Deneme\specs\Concepts\Case.cpt
25-03-2023 11:18:44.342 [Gauge] [DEBUG] Adding concepts from c:\Users\elifk\IdeaProjects\Deneme\specs\Concepts\Case.cpt
25-03-2023 11:18:44.342 [Gauge] [DEBUG] Adding concepts from c:\Users\elifk\IdeaProjects\Deneme\specs\Concepts\Case.cpt
25-03-2023 11:18:44.342 [Gauge] [DEBUG] Adding concepts from c:\Users\elifk\IdeaProjects\Deneme\specs\Concepts\Case.cpt
25-03-2023 11:18:44.342 [Gauge] [DEBUG] Adding concepts from c:\Users\elifk\IdeaProjects\Deneme\specs\Concepts\Case.cpt
25-03-2023 11:18:44.342 [Gauge] [DEBUG] Adding concepts from c:\Users\elifk\IdeaProjects\Deneme\specs\Concepts\Case.cpt
25-03-2023 11:18:44.344 [Gauge] [INFO] Initializing specs cache with 1 specs
25-03-2023 11:18:44.344 [Gauge] [DEBUG] Adding specs from c:\Users\elifk\IdeaProjects\Deneme\specs\Scenario\Case.spec
25-03-2023 11:18:44.344 [Gauge] [INFO] Initializing steps cache with 2 steps
25-03-2023 11:18:44.345 [Gauge] [DEBUG] Watching directory: c:\Users\elifk\IdeaProjects\Deneme\specs
25-03-2023 11:18:44.345 [Gauge] [INFO] Starting language runner
25-03-2023 11:18:44.345 [Gauge] [DEBUG] Found 2 files
25-03-2023 11:18:44.346 [Gauge] [DEBUG] Watching directory: c:\Users\elifk\IdeaProjects\Deneme\specs\Concepts
25-03-2023 11:18:44.346 [Gauge] [DEBUG] Found 1 files
25-03-2023 11:18:44.346 [Gauge] [DEBUG] Watching directory: c:\Users\elifk\IdeaProjects\Deneme\specs\Scenario
25-03-2023 11:18:44.346 [Gauge] [DEBUG] Found 1 files
25-03-2023 11:18:44.373 [java] [DEBUG] ***** Printing Properties/Env Values *****
25-03-2023 11:18:44.373 [java] [DEBUG] PATH: C:\Program Files\Common Files\Oracle\Java\javapath;C:\Program Files\Common Files\Microsoft Shared\Microsoft Online Services;C:\Program Files (x86)\Common Files\Microsoft Shared\Microsoft Online Services;C:\windows\system32;C:\windows;C:\windows\System32\Wbem;C:\windows\System32\WindowsPowerShell\v1.0\;C:\windows\System32\OpenSSH\;C:\Program Files (x86)\NVIDIA Corporation\PhysX\Common;C:\Program Files\NVIDIA Corporation\NVIDIA NvDLISR;C:\Program Files\Microsoft SQL Server\Client SDK\ODBC\170\Tools\Binn\;C:\Program Files (x86)\Microsoft SQL Server\150\Tools\Binn\;C:\Program Files\Microsoft SQL Server\150\Tools\Binn\;C:\Program Files\Microsoft SQL Server\150\DTS\Binn\;C:\Program Files\Microsoft SQL Server\Client SDK\ODBC\130\Tools\Binn\;C:\Program Files (x86)\Microsoft SQL Server\140\Tools\Binn\;C:\Program Files\Microsoft SQL Server\140\Tools\Binn\;C:\Program Files\Microsoft SQL Server\140\DTS\Binn\;C:\Program Files\Microsoft SQL Server\130\Tools\Binn\;C:\WINDOWS\system32;C:\WINDOWS;C:\WINDOWS\System32\Wbem;C:\WINDOWS\System32\WindowsPowerShell\v1.0\;C:\WINDOWS\System32\OpenSSH\;C:\Program Files (x86)\Microsoft SQL Server\150\DTS\Binn\;C:\Program Files\Azure Data Studio\bin;C:\Program Files\Git\cmd;C:\Program Files\Java\jdk-11\bin;C:\Program Files\Java\apache-maven-3.9.0\bin;C:\ProgramData\Microsoft\Windows\Start Menu\Programs\Java Development Kit\JetBrains\Intellij IDEA Community Edition\bin;C:\Program Files\gauge\bin;C:\Program Files\Java\jdk-15.0.2\bin;%!I(MISSING)ntelliJ IDEA Community edition%!;(MISSING)C:\Users\elifk\AppData\Local\Microsoft\WindowsApps;C:\flutter\bin;C:\Windows\System32;C:\Program Files\Azure Data Studio\bin;C:\ProgramData\Microsoft\Windows\Start Menu\Programs\Java Development Kit\JetBrains\Intellij IDEA Community Edition\bin;;C:\Users\elifk\AppData\Local\Programs\Microsoft VS Code\bin
25-03-2023 11:18:44.373 [java] [DEBUG] JAVA_HOME: C:\Program Files\Java\jdk-15.0.2
25-03-2023 11:18:44.373 [java] [DEBUG] gauge_project_root: c:\Users\elifk\IdeaProjects\Deneme
25-03-2023 11:18:44.373 [java] [DEBUG] gauge_parallel_streams_count: 
25-03-2023 11:18:44.373 [java] [DEBUG] gauge_reports_dir: reports
25-03-2023 11:18:44.373 [java] [DEBUG] overwrite_reports: true
25-03-2023 11:18:44.373 [java] [DEBUG] logs_directory: logs
25-03-2023 11:18:44.373 [java] [DEBUG] enable_multithreading: false
25-03-2023 11:18:44.373 [java] [DEBUG] gauge_specs_dir: specs
25-03-2023 11:18:44.373 [java] [DEBUG] csv_delimiter: ,
25-03-2023 11:18:44.373 [java] [DEBUG] gauge_java_home: 
25-03-2023 11:18:44.373 [java] [DEBUG] gauge_custom_build_path: 
25-03-2023 11:18:44.373 [java] [DEBUG] gauge_additional_libs: libs/*
25-03-2023 11:18:44.373 [java] [DEBUG] gauge_jvm_args: 
25-03-2023 11:18:44.373 [java] [DEBUG] gauge_custom_compile_dir: 
25-03-2023 11:18:44.373 [java] [DEBUG] gauge_clear_state_level: scenario
25-03-2023 11:18:44.373 [java] [DEBUG] ***** END *****
25-03-2023 11:19:06.923 [Gauge] [INFO] Initializing concepts cache with 12 concepts
25-03-2023 11:19:06.924 [Gauge] [DEBUG] Adding concepts from c:\Users\elifk\IdeaProjects\Deneme\specs\Concepts\Case.cpt
25-03-2023 11:19:06.924 [Gauge] [DEBUG] Adding concepts from c:\Users\elifk\IdeaProjects\Deneme\specs\Concepts\Case.cpt
25-03-2023 11:19:06.924 [Gauge] [DEBUG] Adding concepts from c:\Users\elifk\IdeaProjects\Deneme\specs\Concepts\Case.cpt
25-03-2023 11:19:06.924 [Gauge] [DEBUG] Adding concepts from c:\Users\elifk\IdeaProjects\Deneme\specs\Concepts\Case.cpt
25-03-2023 11:19:06.924 [Gauge] [DEBUG] Adding concepts from c:\Users\elifk\IdeaProjects\Deneme\specs\Concepts\Case.cpt
25-03-2023 11:19:06.924 [Gauge] [DEBUG] Adding concepts from c:\Users\elifk\IdeaProjects\Deneme\specs\Concepts\Case.cpt
25-03-2023 11:19:06.924 [Gauge] [DEBUG] Adding concepts from c:\Users\elifk\IdeaProjects\Deneme\specs\Concepts\Case.cpt
25-03-2023 11:19:06.924 [Gauge] [DEBUG] Adding concepts from c:\Users\elifk\IdeaProjects\Deneme\specs\Concepts\Case.cpt
25-03-2023 11:19:06.924 [Gauge] [DEBUG] Adding concepts from c:\Users\elifk\IdeaProjects\Deneme\specs\Concepts\Case.cpt
25-03-2023 11:19:06.924 [Gauge] [DEBUG] Adding concepts from c:\Users\elifk\IdeaProjects\Deneme\specs\Concepts\Case.cpt
25-03-2023 11:19:06.924 [Gauge] [DEBUG] Adding concepts from c:\Users\elifk\IdeaProjects\Deneme\specs\Concepts\Case.cpt
25-03-2023 11:19:06.924 [Gauge] [DEBUG] Adding concepts from c:\Users\elifk\IdeaProjects\Deneme\specs\Concepts\Case.cpt
25-03-2023 11:19:06.925 [Gauge] [INFO] Initializing specs cache with 1 specs
25-03-2023 11:19:06.925 [Gauge] [DEBUG] Adding specs from c:\Users\elifk\IdeaProjects\Deneme\specs\Scenario\Case.spec
25-03-2023 11:19:06.925 [Gauge] [INFO] Initializing steps cache with 2 steps
25-03-2023 11:19:06.926 [Gauge] [INFO] Starting language runner
25-03-2023 11:19:06.926 [Gauge] [DEBUG] Watching directory: c:\Users\elifk\IdeaProjects\Deneme\specs
25-03-2023 11:19:06.927 [Gauge] [DEBUG] Found 2 files
25-03-2023 11:19:06.927 [Gauge] [DEBUG] Watching directory: c:\Users\elifk\IdeaProjects\Deneme\specs\Concepts
25-03-2023 11:19:06.927 [Gauge] [DEBUG] Found 1 files
25-03-2023 11:19:06.927 [Gauge] [DEBUG] Watching directory: c:\Users\elifk\IdeaProjects\Deneme\specs\Scenario
25-03-2023 11:19:06.927 [Gauge] [DEBUG] Found 1 files
25-03-2023 11:19:06.964 [java] [DEBUG] ***** Printing Properties/Env Values *****
25-03-2023 11:19:06.964 [java] [DEBUG] PATH: C:\Program Files\Common Files\Oracle\Java\javapath;C:\Program Files\Common Files\Microsoft Shared\Microsoft Online Services;C:\Program Files (x86)\Common Files\Microsoft Shared\Microsoft Online Services;C:\windows\system32;C:\windows;C:\windows\System32\Wbem;C:\windows\System32\WindowsPowerShell\v1.0\;C:\windows\System32\OpenSSH\;C:\Program Files (x86)\NVIDIA Corporation\PhysX\Common;C:\Program Files\NVIDIA Corporation\NVIDIA NvDLISR;C:\Program Files\Microsoft SQL Server\Client SDK\ODBC\170\Tools\Binn\;C:\Program Files (x86)\Microsoft SQL Server\150\Tools\Binn\;C:\Program Files\Microsoft SQL Server\150\Tools\Binn\;C:\Program Files\Microsoft SQL Server\150\DTS\Binn\;C:\Program Files\Microsoft SQL Server\Client SDK\ODBC\130\Tools\Binn\;C:\Program Files (x86)\Microsoft SQL Server\140\Tools\Binn\;C:\Program Files\Microsoft SQL Server\140\Tools\Binn\;C:\Program Files\Microsoft SQL Server\140\DTS\Binn\;C:\Program Files\Microsoft SQL Server\130\Tools\Binn\;C:\WINDOWS\system32;C:\WINDOWS;C:\WINDOWS\System32\Wbem;C:\WINDOWS\System32\WindowsPowerShell\v1.0\;C:\WINDOWS\System32\OpenSSH\;C:\Program Files (x86)\Microsoft SQL Server\150\DTS\Binn\;C:\Program Files\Azure Data Studio\bin;C:\Program Files\Git\cmd;C:\Program Files\Java\jdk-11\bin;C:\Program Files\Java\apache-maven-3.9.0\bin;C:\ProgramData\Microsoft\Windows\Start Menu\Programs\Java Development Kit\JetBrains\Intellij IDEA Community Edition\bin;C:\Program Files\gauge\bin;C:\Program Files\Java\jdk-15.0.2\bin;%!I(MISSING)ntelliJ IDEA Community edition%!;(MISSING)C:\Users\elifk\AppData\Local\Microsoft\WindowsApps;C:\flutter\bin;C:\Windows\System32;C:\Program Files\Azure Data Studio\bin;C:\ProgramData\Microsoft\Windows\Start Menu\Programs\Java Development Kit\JetBrains\Intellij IDEA Community Edition\bin;;C:\Users\elifk\AppData\Local\Programs\Microsoft VS Code\bin
25-03-2023 11:19:06.964 [java] [DEBUG] JAVA_HOME: C:\Program Files\Java\jdk-15.0.2
25-03-2023 11:19:06.964 [java] [DEBUG] gauge_project_root: c:\Users\elifk\IdeaProjects\Deneme
25-03-2023 11:19:06.964 [java] [DEBUG] gauge_parallel_streams_count: 
25-03-2023 11:19:06.964 [java] [DEBUG] gauge_reports_dir: reports
25-03-2023 11:19:06.964 [java] [DEBUG] overwrite_reports: true
25-03-2023 11:19:06.964 [java] [DEBUG] logs_directory: logs
25-03-2023 11:19:06.964 [java] [DEBUG] enable_multithreading: false
25-03-2023 11:19:06.964 [java] [DEBUG] gauge_specs_dir: specs
25-03-2023 11:19:06.964 [java] [DEBUG] csv_delimiter: ,
25-03-2023 11:19:06.964 [java] [DEBUG] gauge_java_home: 
25-03-2023 11:19:06.964 [java] [DEBUG] gauge_custom_build_path: 
25-03-2023 11:19:06.964 [java] [DEBUG] gauge_additional_libs: libs/*
25-03-2023 11:19:06.964 [java] [DEBUG] gauge_jvm_args: 
25-03-2023 11:19:06.964 [java] [DEBUG] gauge_custom_compile_dir: 
25-03-2023 11:19:06.964 [java] [DEBUG] gauge_clear_state_level: scenario
25-03-2023 11:19:06.964 [java] [DEBUG] ***** END *****
25-03-2023 11:19:20.460 [java] [ERROR] Installed version of gauge-java (0.9.1) does not match with dependency gauge-java (0.6.8) specified in pom.xml file
25-03-2023 11:19:20.514 [java] [DEBUG] running - C:\Program Files\Java\jdk-15.0.2\bin\javac.exe [-encoding UTF-8 -d gauge_bin @C:\Users\elifk\AppData\Local\Temp\gauge_temp3230649610\52fdfc072182654f163f5f0f9a621d72]
25-03-2023 11:19:20.514 [java] [DEBUG] stdout/stderr is logged to logs\7912-javac.exe.out
25-03-2023 11:19:23.631 [java] [ERROR] src\main\java\helper\ElementHelper.java:5: error: package org.openqa.selenium does not exist
25-03-2023 11:19:23.631 [java] [ERROR] import org.openqa.selenium.By;
25-03-2023 11:19:23.631 [java] [ERROR] ^
25-03-2023 11:19:23.721 [java] [ERROR] src\main\java\helper\ElementHelper.java:39: error: cannot find symbol
25-03-2023 11:19:23.721 [java] [ERROR] public static By getElementInfoToBy(ElementInfo elementInfo) {
25-03-2023 11:19:23.721 [java] [ERROR] ^
25-03-2023 11:19:23.721 [java] [ERROR] symbol:   class By
25-03-2023 11:19:23.721 [java] [ERROR] location: class ElementHelper
25-03-2023 11:19:23.725 [java] [ERROR] src\main\java\helper\ElementHelper.java:55: error: cannot find symbol
25-03-2023 11:19:23.725 [java] [ERROR] public static By getElementInfoToBy(String key) {
25-03-2023 11:19:23.725 [java] [ERROR] ^
25-03-2023 11:19:23.725 [java] [ERROR] symbol:   class By
25-03-2023 11:19:23.725 [java] [ERROR] location: class ElementHelper
25-03-2023 11:19:23.737 [java] [ERROR] src\test\java\driver\Driver.java:5: error: package org.openqa.selenium does not exist
25-03-2023 11:19:23.737 [java] [ERROR] import org.openqa.selenium.WebDriver;
25-03-2023 11:19:23.737 [java] [ERROR] ^
25-03-2023 11:19:23.743 [java] [ERROR] src\test\java\driver\Driver.java:9: error: cannot find symbol
25-03-2023 11:19:23.743 [java] [ERROR] public static WebDriver webDriver;
25-03-2023 11:19:23.744 [java] [ERROR] ^
25-03-2023 11:19:23.744 [java] [ERROR] symbol:   class WebDriver
25-03-2023 11:19:23.744 [java] [ERROR] location: class Driver
25-03-2023 11:19:23.778 [java] [ERROR] src\test\java\driver\DriverFactory.java:3: error: package io.github.bonigarcia.wdm does not exist
25-03-2023 11:19:23.778 [java] [ERROR] import io.github.bonigarcia.wdm.WebDriverManager;
25-03-2023 11:19:23.778 [java] [ERROR] ^
25-03-2023 11:19:23.795 [java] [ERROR] src\test\java\driver\DriverFactory.java:4: error: package org.openqa.selenium does not exist
25-03-2023 11:19:23.795 [java] [ERROR] import org.openqa.selenium.WebDriver;
25-03-2023 11:19:23.795 [java] [ERROR] ^
25-03-2023 11:19:23.810 [java] [ERROR] src\test\java\driver\DriverFactory.java:5: error: package org.openqa.selenium.chrome does not exist
25-03-2023 11:19:23.810 [java] [ERROR] import org.openqa.selenium.chrome.ChromeDriver;
25-03-2023 11:19:23.810 [java] [ERROR] ^
25-03-2023 11:19:23.826 [java] [ERROR] src\test\java\driver\DriverFactory.java:6: error: package org.openqa.selenium.firefox does not exist
25-03-2023 11:19:23.826 [java] [ERROR] import org.openqa.selenium.firefox.FirefoxDriver;
25-03-2023 11:19:23.826 [java] [ERROR] ^
25-03-2023 11:19:23.848 [java] [ERROR] src\test\java\driver\DriverFactory.java:7: error: package org.openqa.selenium.ie does not exist
25-03-2023 11:19:23.848 [java] [ERROR] import org.openqa.selenium.ie.InternetExplorerDriver;
25-03-2023 11:19:23.848 [java] [ERROR] ^
25-03-2023 11:19:23.858 [java] [ERROR] src\test\java\driver\DriverFactory.java:8: error: package org.openqa.selenium.chrome does not exist
25-03-2023 11:19:23.858 [java] [ERROR] import org.openqa.selenium.chrome.ChromeOptions;
25-03-2023 11:19:23.858 [java] [ERROR] ^
25-03-2023 11:19:23.865 [java] [ERROR] src\test\java\driver\DriverFactory.java:11: error: cannot find symbol
25-03-2023 11:19:23.865 [java] [ERROR] static WebDriver getDriver() {
25-03-2023 11:19:23.865 [java] [ERROR] ^
25-03-2023 11:19:23.865 [java] [ERROR] symbol:   class WebDriver
25-03-2023 11:19:23.865 [java] [ERROR] location: class DriverFactory
25-03-2023 11:19:23.878 [java] [ERROR] src\test\java\driver\ScenarioHook.java:6: error: package org.openqa.selenium does not exist
25-03-2023 11:19:23.878 [java] [ERROR] import org.openqa.selenium.WebDriver;
25-03-2023 11:19:23.878 [java] [ERROR] ^
25-03-2023 11:19:23.895 [java] [ERROR] src\test\java\driver\ScenarioHook.java:7: error: package org.openqa.selenium.chrome does not exist
25-03-2023 11:19:23.895 [java] [ERROR] import org.openqa.selenium.chrome.ChromeDriver;
25-03-2023 11:19:23.895 [java] [ERROR] ^
25-03-2023 11:19:23.899 [java] [ERROR] src\test\java\driver\ScenarioHook.java:8: error: package org.openqa.selenium.chrome does not exist
25-03-2023 11:19:23.899 [java] [ERROR] import org.openqa.selenium.chrome.ChromeOptions;
25-03-2023 11:19:23.899 [java] [ERROR] ^
25-03-2023 11:19:23.924 [java] [ERROR] src\test\java\driver\ScenarioHook.java:18: error: cannot find symbol
25-03-2023 11:19:23.924 [java] [ERROR] WebDriver driver;
25-03-2023 11:19:23.924 [java] [ERROR] ^
25-03-2023 11:19:23.924 [java] [ERROR] symbol:   class WebDriver
25-03-2023 11:19:23.924 [java] [ERROR] location: class ScenarioHook
25-03-2023 11:19:23.943 [java] [ERROR] src\test\java\driver\ScreenshotImpl.java:6: error: package org.openqa.selenium does not exist
25-03-2023 11:19:23.943 [java] [ERROR] import org.openqa.selenium.OutputType;
25-03-2023 11:19:23.943 [java] [ERROR] ^
25-03-2023 11:19:23.956 [java] [ERROR] src\test\java\driver\ScreenshotImpl.java:7: error: package org.openqa.selenium does not exist
25-03-2023 11:19:23.957 [java] [ERROR] import org.openqa.selenium.TakesScreenshot;
25-03-2023 11:19:23.957 [java] [ERROR] ^
25-03-2023 11:19:24.016 [java] [ERROR] src\test\java\driver\ScreenshotImpl.java:10: error: package javax.inject does not exist
25-03-2023 11:19:24.016 [java] [ERROR] import javax.inject.Inject;
25-03-2023 11:19:24.016 [java] [ERROR] ^
25-03-2023 11:19:24.049 [java] [ERROR] src\test\java\org\example\StepImplementation.java:4: error: package io.github.bonigarcia.wdm does not exist
25-03-2023 11:19:24.049 [java] [ERROR] import io.github.bonigarcia.wdm.WebDriverManager;
25-03-2023 11:19:24.049 [java] [ERROR] ^
25-03-2023 11:19:24.061 [java] [ERROR] src\test\java\org\example\StepImplementation.java:5: error: package org.junit does not exist
25-03-2023 11:19:24.061 [java] [ERROR] import org.junit.Assert;
25-03-2023 11:19:24.061 [java] [ERROR] ^
25-03-2023 11:19:24.068 [java] [ERROR] src\test\java\org\example\StepImplementation.java:11: error: package org.openqa.selenium.chrome does not exist
25-03-2023 11:19:24.068 [java] [ERROR] import org.openqa.selenium.chrome.ChromeDriver;
25-03-2023 11:19:24.068 [java] [ERROR] ^
25-03-2023 11:19:24.098 [java] [ERROR] src\test\java\org\example\StepImplementation.java:12: error: package org.openqa.selenium.chrome does not exist
25-03-2023 11:19:24.098 [java] [ERROR] import org.openqa.selenium.chrome.ChromeOptions;
25-03-2023 11:19:24.098 [java] [ERROR] ^
25-03-2023 11:19:24.113 [java] [ERROR] src\test\java\org\example\StepImplementation.java:13: error: package org.openqa.selenium.firefox does not exist
25-03-2023 11:19:24.113 [java] [ERROR] import org.openqa.selenium.firefox.FirefoxDriver;
25-03-2023 11:19:24.113 [java] [ERROR] ^
25-03-2023 11:19:24.113 [java] [ERROR] src\test\java\org\example\StepImplementation.java:14: error: package org.openqa.selenium.firefox does not exist
25-03-2023 11:19:24.113 [java] [ERROR] import org.openqa.selenium.firefox.FirefoxOptions;
25-03-2023 11:19:24.113 [java] [ERROR] ^
25-03-2023 11:19:24.124 [java] [ERROR] src\test\java\org\example\StepImplementation.java:15: error: package org.openqa.selenium.support.ui does not exist
25-03-2023 11:19:24.124 [java] [ERROR] import org.openqa.selenium.support.ui.ExpectedConditions;
25-03-2023 11:19:24.124 [java] [ERROR] ^
25-03-2023 11:19:24.138 [java] [ERROR] src\test\java\org\example\StepImplementation.java:16: error: package org.openqa.selenium.support.ui does not exist
25-03-2023 11:19:24.138 [java] [ERROR] import org.openqa.selenium.support.ui.WebDriverWait;
25-03-2023 11:19:24.138 [java] [ERROR] ^
25-03-2023 11:19:24.144 [java] [ERROR] src\test\java\org\example\StepImplementation.java:18: error: package javax.inject does not exist
25-03-2023 11:19:24.144 [java] [ERROR] import javax.inject.Inject;
25-03-2023 11:19:24.144 [java] [ERROR] ^
25-03-2023 11:19:24.189 [java] [ERROR] src\test\java\org\example\StepImplementation.java:28: error: cannot find symbol
25-03-2023 11:19:24.199 [java] [ERROR] WebElement element;
25-03-2023 11:19:24.199 [java] [ERROR] ^
25-03-2023 11:19:24.199 [java] [ERROR] symbol:   class WebElement
25-03-2023 11:19:24.199 [java] [ERROR] location: class StepImplementation
25-03-2023 11:19:24.199 [java] [ERROR] src\test\java\org\example\StepImplementation.java:30: error: cannot find symbol
25-03-2023 11:19:24.199 [java] [ERROR] public static WebDriver driver = null;
25-03-2023 11:19:24.199 [java] [ERROR] ^
25-03-2023 11:19:24.199 [java] [ERROR] symbol:   class WebDriver
25-03-2023 11:19:24.199 [java] [ERROR] location: class StepImplementation
25-03-2023 11:19:24.199 [java] [ERROR] src\test\java\org\example\StepImplementation.java:32: error: cannot find symbol
25-03-2023 11:19:24.203 [java] [ERROR] WebDriverWait wait = new WebDriverWait(driver, 10);
25-03-2023 11:19:24.203 [java] [ERROR] ^
25-03-2023 11:19:24.203 [java] [ERROR] symbol:   class WebDriverWait
25-03-2023 11:19:24.204 [java] [ERROR] location: class StepImplementation
25-03-2023 11:19:24.204 [java] [ERROR] src\test\java\org\example\StepImplementation.java:155: error: cannot find symbol
25-03-2023 11:19:24.204 [java] [ERROR] public void swipeToElement(WebElement element) {
25-03-2023 11:19:24.204 [java] [ERROR] ^
25-03-2023 11:19:24.204 [java] [ERROR] symbol:   class WebElement
25-03-2023 11:19:24.204 [java] [ERROR] location: class StepImplementation
25-03-2023 11:19:24.204 [java] [ERROR] src\test\java\org\example\StepImplementation.java:10: error: package org.openqa.selenium does not exist
25-03-2023 11:19:24.204 [java] [ERROR] import org.openqa.selenium.*;
25-03-2023 11:19:24.204 [java] [ERROR] ^
25-03-2023 11:19:24.220 [java] [ERROR] src\test\java\driver\ScreenshotImpl.java:19: error: cannot find symbol
25-03-2023 11:19:24.220 [java] [ERROR] @Inject
25-03-2023 11:19:24.220 [java] [ERROR] ^
25-03-2023 11:19:24.220 [java] [ERROR] symbol:   class Inject
25-03-2023 11:19:24.220 [java] [ERROR] location: class ScreenshotImpl
25-03-2023 11:19:24.220 [java] [ERROR] src\test\java\org\example\StepImplementation.java:27: error: cannot find symbol
25-03-2023 11:19:24.220 [java] [ERROR] @Inject
25-03-2023 11:19:24.220 [java] [ERROR] ^
25-03-2023 11:19:24.220 [java] [ERROR] symbol:   class Inject
25-03-2023 11:19:24.220 [java] [ERROR] location: class StepImplementation
25-03-2023 11:19:24.220 [java] [ERROR] src\test\java\org\example\StepImplementation.java:29: error: cannot find symbol
25-03-2023 11:19:24.220 [java] [ERROR] @Inject
25-03-2023 11:19:24.221 [java] [ERROR] ^
25-03-2023 11:19:24.221 [java] [ERROR] symbol:   class Inject
25-03-2023 11:19:24.221 [java] [ERROR] location: class StepImplementation
25-03-2023 11:19:24.400 [java] [ERROR] src\main\java\helper\ElementHelper.java:40: error: cannot find symbol
25-03-2023 11:19:24.400 [java] [ERROR] By by = null;
25-03-2023 11:19:24.400 [java] [ERROR] ^
25-03-2023 11:19:24.400 [java] [ERROR] symbol:   class By
25-03-2023 11:19:24.400 [java] [ERROR] location: class ElementHelper
25-03-2023 11:19:24.400 [java] [ERROR] src\main\java\helper\ElementHelper.java:42: error: cannot find symbol
25-03-2023 11:19:24.400 [java] [ERROR] by = By.cssSelector(elementInfo.getValue());
25-03-2023 11:19:24.400 [java] [ERROR] ^
25-03-2023 11:19:24.400 [java] [ERROR] symbol:   variable By
25-03-2023 11:19:24.400 [java] [ERROR] location: class ElementHelper
25-03-2023 11:19:24.407 [java] [ERROR] src\main\java\helper\ElementHelper.java:44: error: cannot find symbol
25-03-2023 11:19:24.407 [java] [ERROR] by = By.id(elementInfo.getValue());
25-03-2023 11:19:24.407 [java] [ERROR] ^
25-03-2023 11:19:24.407 [java] [ERROR] symbol:   variable By
25-03-2023 11:19:24.407 [java] [ERROR] location: class ElementHelper
25-03-2023 11:19:24.435 [java] [ERROR] src\main\java\helper\ElementHelper.java:46: error: cannot find symbol
25-03-2023 11:19:24.435 [java] [ERROR] by = By.xpath(elementInfo.getValue()); }
25-03-2023 11:19:24.435 [java] [ERROR] ^
25-03-2023 11:19:24.435 [java] [ERROR] symbol:   variable By
25-03-2023 11:19:24.435 [java] [ERROR] location: class ElementHelper
25-03-2023 11:19:24.435 [java] [ERROR] src\test\java\driver\DriverFactory.java:12: error: cannot find symbol
25-03-2023 11:19:24.435 [java] [ERROR] WebDriverManager.chromedriver().setup();
25-03-2023 11:19:24.435 [java] [ERROR] ^
25-03-2023 11:19:24.435 [java] [ERROR] symbol:   variable WebDriverManager
25-03-2023 11:19:24.435 [java] [ERROR] location: class DriverFactory
25-03-2023 11:19:24.435 [java] [ERROR] src\test\java\driver\DriverFactory.java:13: error: cannot find symbol
25-03-2023 11:19:24.435 [java] [ERROR] return new ChromeDriver();
25-03-2023 11:19:24.435 [java] [ERROR] ^
25-03-2023 11:19:24.435 [java] [ERROR] symbol:   class ChromeDriver
25-03-2023 11:19:24.435 [java] [ERROR] location: class DriverFactory
25-03-2023 11:19:24.435 [java] [ERROR] src\test\java\driver\ScenarioHook.java:28: error: cannot find symbol
25-03-2023 11:19:24.435 [java] [ERROR] ChromeOptions chromeOptions = new ChromeOptions();
25-03-2023 11:19:24.435 [java] [ERROR] ^
25-03-2023 11:19:24.435 [java] [ERROR] symbol:   class ChromeOptions
25-03-2023 11:19:24.435 [java] [ERROR] location: class ScenarioHook
25-03-2023 11:19:24.435 [java] [ERROR] src\test\java\driver\ScenarioHook.java:28: error: cannot find symbol
25-03-2023 11:19:24.435 [java] [ERROR] ChromeOptions chromeOptions = new ChromeOptions();
25-03-2023 11:19:24.435 [java] [ERROR] ^
25-03-2023 11:19:24.435 [java] [ERROR] symbol:   class ChromeOptions
25-03-2023 11:19:24.435 [java] [ERROR] location: class ScenarioHook
25-03-2023 11:19:24.435 [java] [ERROR] src\test\java\driver\ScenarioHook.java:29: error: cannot find symbol
25-03-2023 11:19:24.435 [java] [ERROR] driver = new ChromeDriver(chromeOptions);
25-03-2023 11:19:24.436 [java] [ERROR] ^
25-03-2023 11:19:24.436 [java] [ERROR] symbol:   class ChromeDriver
25-03-2023 11:19:24.436 [java] [ERROR] location: class ScenarioHook
25-03-2023 11:19:24.495 [java] [ERROR] src\test\java\driver\ScreenshotImpl.java:35: error: cannot find symbol
25-03-2023 11:19:24.495 [java] [ERROR] File screenshotFile = ((TakesScreenshot) driverAction).getScreenshotAs(OutputType.FILE);
25-03-2023 11:19:24.495 [java] [ERROR] ^
25-03-2023 11:19:24.495 [java] [ERROR] symbol:   variable OutputType
25-03-2023 11:19:24.495 [java] [ERROR] location: class ScreenshotImpl
25-03-2023 11:19:24.495 [java] [ERROR] src\test\java\driver\ScreenshotImpl.java:35: error: cannot find symbol
25-03-2023 11:19:24.495 [java] [ERROR] File screenshotFile = ((TakesScreenshot) driverAction).getScreenshotAs(OutputType.FILE);
25-03-2023 11:19:24.495 [java] [ERROR] ^
25-03-2023 11:19:24.495 [java] [ERROR] symbol:   class TakesScreenshot
25-03-2023 11:19:24.495 [java] [ERROR] location: class ScreenshotImpl
25-03-2023 11:19:24.541 [java] [ERROR] src\test\java\org\example\StepImplementation.java:32: error: cannot find symbol
25-03-2023 11:19:24.542 [java] [ERROR] WebDriverWait wait = new WebDriverWait(driver, 10);
25-03-2023 11:19:24.542 [java] [ERROR] ^
25-03-2023 11:19:24.542 [java] [ERROR] symbol:   class WebDriverWait
25-03-2023 11:19:24.542 [java] [ERROR] location: class StepImplementation
25-03-2023 11:19:24.545 [java] [ERROR] src\test\java\org\example\StepImplementation.java:38: error: cannot find symbol
25-03-2023 11:19:24.545 [java] [ERROR] driver = new ChromeDriver();
25-03-2023 11:19:24.545 [java] [ERROR] ^
25-03-2023 11:19:24.545 [java] [ERROR] symbol:   class ChromeDriver
25-03-2023 11:19:24.545 [java] [ERROR] location: class StepImplementation
25-03-2023 11:19:24.546 [java] [ERROR] src\test\java\org\example\StepImplementation.java:44: error: cannot find symbol
25-03-2023 11:19:24.546 [java] [ERROR] FirefoxOptions firefoxOptions = new FirefoxOptions();
25-03-2023 11:19:24.546 [java] [ERROR] ^
25-03-2023 11:19:24.546 [java] [ERROR] symbol:   class FirefoxOptions
25-03-2023 11:19:24.546 [java] [ERROR] location: class StepImplementation
25-03-2023 11:19:24.546 [java] [ERROR] src\test\java\org\example\StepImplementation.java:44: error: cannot find symbol
25-03-2023 11:19:24.546 [java] [ERROR] FirefoxOptions firefoxOptions = new FirefoxOptions();
25-03-2023 11:19:24.546 [java] [ERROR] ^
25-03-2023 11:19:24.546 [java] [ERROR] symbol:   class FirefoxOptions
25-03-2023 11:19:24.546 [java] [ERROR] location: class StepImplementation
25-03-2023 11:19:24.546 [java] [ERROR] src\test\java\org\example\StepImplementation.java:45: error: cannot find symbol
25-03-2023 11:19:24.546 [java] [ERROR] driver = new FirefoxDriver(firefoxOptions);
25-03-2023 11:19:24.546 [java] [ERROR] ^
25-03-2023 11:19:24.546 [java] [ERROR] symbol:   class FirefoxDriver
25-03-2023 11:19:24.546 [java] [ERROR] location: class StepImplementation
25-03-2023 11:19:24.546 [java] [ERROR] src\test\java\org\example\StepImplementation.java:59: error: cannot find symbol
25-03-2023 11:19:24.546 [java] [ERROR] wait.until(ExpectedConditions.urlToBe(url));
25-03-2023 11:19:24.547 [java] [ERROR] ^
25-03-2023 11:19:24.547 [java] [ERROR] symbol:   variable ExpectedConditions
25-03-2023 11:19:24.547 [java] [ERROR] location: class StepImplementation
25-03-2023 11:19:24.547 [java] [ERROR] src\test\java\org\example\StepImplementation.java:62: error: cannot find symbol
25-03-2023 11:19:24.547 [java] [ERROR] Assert.assertTrue("Sayfanýn url i " + url + " deðil. Url: " + driver.getCurrentUrl(), false);
25-03-2023 11:19:24.547 [java] [ERROR] ^
25-03-2023 11:19:24.548 [java] [ERROR] symbol:   variable Assert
25-03-2023 11:19:24.548 [java] [ERROR] location: class StepImplementation
25-03-2023 11:19:24.549 [java] [ERROR] src\test\java\org\example\StepImplementation.java:68: error: cannot find symbol
25-03-2023 11:19:24.549 [java] [ERROR] By byElement = ElementHelper.getElementInfoToBy(key);
25-03-2023 11:19:24.549 [java] [ERROR] ^
25-03-2023 11:19:24.549 [java] [ERROR] symbol:   class By
25-03-2023 11:19:24.549 [java] [ERROR] location: class StepImplementation
25-03-2023 11:19:24.549 [java] [ERROR] src\test\java\org\example\StepImplementation.java:69: error: cannot find symbol
25-03-2023 11:19:24.549 [java] [ERROR] wait.until(ExpectedConditions.presenceOfElementLocated(byElement));
25-03-2023 11:19:24.549 [java] [ERROR] ^
25-03-2023 11:19:24.549 [java] [ERROR] symbol:   variable ExpectedConditions
25-03-2023 11:19:24.549 [java] [ERROR] location: class StepImplementation
25-03-2023 11:19:24.617 [java] [ERROR] src\test\java\org\example\StepImplementation.java:76: error: cannot find symbol
25-03-2023 11:19:24.617 [java] [ERROR] By byElement = ElementHelper.getElementInfoToBy(key);
25-03-2023 11:19:24.617 [java] [ERROR] ^
25-03-2023 11:19:24.617 [java] [ERROR] symbol:   class By
25-03-2023 11:19:24.617 [java] [ERROR] location: class StepImplementation
25-03-2023 11:19:24.617 [java] [ERROR] src\test\java\org\example\StepImplementation.java:77: error: cannot find symbol
25-03-2023 11:19:24.617 [java] [ERROR] wait.until(ExpectedConditions.presenceOfElementLocated(byElement));
25-03-2023 11:19:24.617 [java] [ERROR] ^
25-03-2023 11:19:24.617 [java] [ERROR] symbol:   variable ExpectedConditions
25-03-2023 11:19:24.617 [java] [ERROR] location: class StepImplementation
25-03-2023 11:19:24.617 [java] [ERROR] src\test\java\org\example\StepImplementation.java:79: error: cannot find symbol
25-03-2023 11:19:24.617 [java] [ERROR] Assert.assertTrue("Element bulunamadý.", false);
25-03-2023 11:19:24.617 [java] [ERROR] ^
25-03-2023 11:19:24.617 [java] [ERROR] symbol:   variable Assert
25-03-2023 11:19:24.617 [java] [ERROR] location: class StepImplementation
25-03-2023 11:19:24.617 [java] [ERROR] src\test\java\org\example\StepImplementation.java:85: error: cannot find symbol
25-03-2023 11:19:24.617 [java] [ERROR] By byElement = ElementHelper.getElementInfoToBy(key);
25-03-2023 11:19:24.617 [java] [ERROR] ^
25-03-2023 11:19:24.617 [java] [ERROR] symbol:   class By
25-03-2023 11:19:24.618 [java] [ERROR] location: class StepImplementation
25-03-2023 11:19:24.618 [java] [ERROR] src\test\java\org\example\StepImplementation.java:86: error: cannot find symbol
25-03-2023 11:19:24.618 [java] [ERROR] wait.until(ExpectedConditions.presenceOfElementLocated(byElement));
25-03-2023 11:19:24.618 [java] [ERROR] ^
25-03-2023 11:19:24.618 [java] [ERROR] symbol:   variable ExpectedConditions
25-03-2023 11:19:24.618 [java] [ERROR] location: class StepImplementation
25-03-2023 11:19:24.618 [java] [ERROR] src\test\java\org\example\StepImplementation.java:88: error: cannot find symbol
25-03-2023 11:19:24.618 [java] [ERROR] Assert.assertSame(text1,text);
25-03-2023 11:19:24.618 [java] [ERROR] ^
25-03-2023 11:19:24.618 [java] [ERROR] symbol:   variable Assert
25-03-2023 11:19:24.618 [java] [ERROR] location: class StepImplementation
25-03-2023 11:19:24.618 [java] [ERROR] src\test\java\org\example\StepImplementation.java:90: error: cannot find symbol
25-03-2023 11:19:24.618 [java] [ERROR] Assert.assertTrue("Element bulunamadý.", false);
25-03-2023 11:19:24.618 [java] [ERROR] ^
25-03-2023 11:19:24.618 [java] [ERROR] symbol:   variable Assert
25-03-2023 11:19:24.618 [java] [ERROR] location: class StepImplementation
25-03-2023 11:19:24.618 [java] [ERROR] src\test\java\org\example\StepImplementation.java:101: error: cannot find symbol
25-03-2023 11:19:24.618 [java] [ERROR] By byElement = ElementHelper.getElementInfoToBy(key);
25-03-2023 11:19:24.618 [java] [ERROR] ^
25-03-2023 11:19:24.618 [java] [ERROR] symbol:   class By
25-03-2023 11:19:24.618 [java] [ERROR] location: class StepImplementation
25-03-2023 11:19:24.618 [java] [ERROR] src\test\java\org\example\StepImplementation.java:102: error: cannot find symbol
25-03-2023 11:19:24.618 [java] [ERROR] wait.until(ExpectedConditions.presenceOfElementLocated(byElement));
25-03-2023 11:19:24.618 [java] [ERROR] ^
25-03-2023 11:19:24.618 [java] [ERROR] symbol:   variable ExpectedConditions
25-03-2023 11:19:24.618 [java] [ERROR] location: class StepImplementation
25-03-2023 11:19:24.618 [java] [ERROR] src\test\java\org\example\StepImplementation.java:103: error: cannot find symbol
25-03-2023 11:19:24.618 [java] [ERROR] List<WebElement> elements = driver.findElements(byElement);
25-03-2023 11:19:24.618 [java] [ERROR] ^
25-03-2023 11:19:24.618 [java] [ERROR] symbol:   class WebElement
25-03-2023 11:19:24.618 [java] [ERROR] location: class StepImplementation
25-03-2023 11:19:24.619 [java] [ERROR] src\test\java\org\example\StepImplementation.java:104: error: cannot find symbol
25-03-2023 11:19:24.619 [java] [ERROR] for (WebElement element : elements) {
25-03-2023 11:19:24.619 [java] [ERROR] ^
25-03-2023 11:19:24.619 [java] [ERROR] symbol:   class WebElement
25-03-2023 11:19:24.619 [java] [ERROR] location: class StepImplementation
25-03-2023 11:19:24.619 [java] [ERROR] src\test\java\org\example\StepImplementation.java:107: error: cannot find symbol
25-03-2023 11:19:24.619 [java] [ERROR] wait.until(ExpectedConditions.visibilityOfElementLocated(byElement));
25-03-2023 11:19:24.619 [java] [ERROR] ^
25-03-2023 11:19:24.619 [java] [ERROR] symbol:   variable ExpectedConditions
25-03-2023 11:19:24.619 [java] [ERROR] location: class StepImplementation
25-03-2023 11:19:24.619 [java] [ERROR] src\test\java\org\example\StepImplementation.java:115: error: cannot find symbol
25-03-2023 11:19:24.619 [java] [ERROR] } catch (StaleElementReferenceException s) {
25-03-2023 11:19:24.619 [java] [ERROR] ^
25-03-2023 11:19:24.619 [java] [ERROR] symbol:   class StaleElementReferenceException
25-03-2023 11:19:24.619 [java] [ERROR] location: class StepImplementation
25-03-2023 11:19:24.619 [java] [ERROR] src\test\java\org\example\StepImplementation.java:137: error: cannot find symbol
25-03-2023 11:19:24.619 [java] [ERROR] Assert.assertTrue(false);
25-03-2023 11:19:24.620 [java] [ERROR] ^
25-03-2023 11:19:24.620 [java] [ERROR] symbol:   variable Assert
25-03-2023 11:19:24.620 [java] [ERROR] location: class StepImplementation
25-03-2023 11:19:24.620 [java] [ERROR] src\test\java\org\example\StepImplementation.java:145: error: cannot find symbol
25-03-2023 11:19:24.620 [java] [ERROR] ((JavascriptExecutor) driver).executeScript(("window.scrollBy(0," + i + ")"), "");
25-03-2023 11:19:24.620 [java] [ERROR] ^
25-03-2023 11:19:24.620 [java] [ERROR] symbol:   class JavascriptExecutor
25-03-2023 11:19:24.620 [java] [ERROR] location: class StepImplementation
25-03-2023 11:19:24.620 [java] [ERROR] src\test\java\org\example\StepImplementation.java:148: error: cannot find symbol
25-03-2023 11:19:24.620 [java] [ERROR] ((JavascriptExecutor) driver).executeScript(("window.scrollBy(0," + i + ")"), "");
25-03-2023 11:19:24.620 [java] [ERROR] ^
25-03-2023 11:19:24.620 [java] [ERROR] symbol:   class JavascriptExecutor
25-03-2023 11:19:24.620 [java] [ERROR] location: class StepImplementation
25-03-2023 11:19:24.621 [java] [ERROR] src\test\java\org\example\StepImplementation.java:150: error: cannot find symbol
25-03-2023 11:19:24.621 [java] [ERROR] } catch (WebDriverException wde) {
25-03-2023 11:19:24.621 [java] [ERROR] ^
25-03-2023 11:19:24.621 [java] [ERROR] symbol:   class WebDriverException
25-03-2023 11:19:24.621 [java] [ERROR] location: class StepImplementation
25-03-2023 11:19:24.622 [java] [ERROR] src\test\java\org\example\StepImplementation.java:156: error: cannot find symbol
25-03-2023 11:19:24.626 [java] [ERROR] JavascriptExecutor js = (JavascriptExecutor) driver;
25-03-2023 11:19:24.626 [java] [ERROR] ^
25-03-2023 11:19:24.627 [java] [ERROR] symbol:   class JavascriptExecutor
25-03-2023 11:19:24.627 [java] [ERROR] location: class StepImplementation
25-03-2023 11:19:24.627 [java] [ERROR] src\test\java\org\example\StepImplementation.java:156: error: cannot find symbol
25-03-2023 11:19:24.627 [java] [ERROR] JavascriptExecutor js = (JavascriptExecutor) driver;
25-03-2023 11:19:24.627 [java] [ERROR] ^
25-03-2023 11:19:24.627 [java] [ERROR] symbol:   class JavascriptExecutor
25-03-2023 11:19:24.627 [java] [ERROR] location: class StepImplementation
25-03-2023 11:19:24.627 [java] [ERROR] 75 errors
25-03-2023 11:19:24.750 [Gauge] [ERROR] Error occurred while waiting for runner process to finish.
Error : exit status 1
25-03-2023 11:19:24.750 [Gauge] [DEBUG] Gauge could not initialize. Install 'vscjava.vscode-java-pack' extension for code insights. For more information see[Problems](command:workbench.actions.view.problems), check logs.[Troubleshooting](https://docs.gauge.org/troubleshooting.html?language=javascript&ide=vscode#gauge-could-not-initialize-for-more-information-see-problems)
Some of the gauge lsp feature will not work as expected.
25-03-2023 11:19:24.750 [Gauge] [INFO] LangServer: reading on stdin, writing on stdout
25-03-2023 11:19:24.769 [Gauge] [ERROR] notif #0: initialized: current runner is not compatible with gauge LSP
25-03-2023 11:19:57.948 [Gauge] [DEBUG] request #7: textDocument/formatting: LangServer: request received : Type: Format Document URI: file:///c%!!(MISSING)A(MISSING)/Users/elifk/IdeaProjects/Deneme/specs/Scenario/Case.spec
25-03-2023 11:19:58.499 [Gauge] [DEBUG] Spec file added / modified: c:\Users\elifk\IdeaProjects\Deneme\specs\Scenario\Case.spec
25-03-2023 11:19:58.507 [Gauge] [DEBUG] Spec file added / modified: c:\Users\elifk\IdeaProjects\Deneme\specs\Scenario\Case.spec
25-03-2023 11:20:05.423 [Gauge] [DEBUG] request #13: textDocument/formatting: LangServer: request received : Type: Format Document URI: file:///c%!!(MISSING)A(MISSING)/Users/elifk/IdeaProjects/Deneme/specs/Scenario/Case.spec
25-03-2023 11:20:13.776 [Gauge] [DEBUG] request #16: textDocument/formatting: LangServer: request received : Type: Format Document URI: file:///c%!!(MISSING)A(MISSING)/Users/elifk/IdeaProjects/Deneme/specs/Scenario/Case.spec
25-03-2023 11:21:58.792 [Gauge] [INFO] Connection closed
25-03-2023 11:21:58.792 [Gauge] [ERROR] Unable to log error 'Connection closed' to LSP: jsonrpc2: connection is closed
25-03-2023 22:25:43.222 [Gauge] [INFO] Initializing concepts cache with 12 concepts
25-03-2023 22:25:43.223 [Gauge] [DEBUG] Adding concepts from c:\Users\elifk\IdeaProjects\Deneme\specs\Concepts\Case.cpt
25-03-2023 22:25:43.223 [Gauge] [DEBUG] Adding concepts from c:\Users\elifk\IdeaProjects\Deneme\specs\Concepts\Case.cpt
25-03-2023 22:25:43.223 [Gauge] [DEBUG] Adding concepts from c:\Users\elifk\IdeaProjects\Deneme\specs\Concepts\Case.cpt
25-03-2023 22:25:43.223 [Gauge] [DEBUG] Adding concepts from c:\Users\elifk\IdeaProjects\Deneme\specs\Concepts\Case.cpt
25-03-2023 22:25:43.223 [Gauge] [DEBUG] Adding concepts from c:\Users\elifk\IdeaProjects\Deneme\specs\Concepts\Case.cpt
25-03-2023 22:25:43.223 [Gauge] [DEBUG] Adding concepts from c:\Users\elifk\IdeaProjects\Deneme\specs\Concepts\Case.cpt
25-03-2023 22:25:43.223 [Gauge] [DEBUG] Adding concepts from c:\Users\elifk\IdeaProjects\Deneme\specs\Concepts\Case.cpt
25-03-2023 22:25:43.223 [Gauge] [DEBUG] Adding concepts from c:\Users\elifk\IdeaProjects\Deneme\specs\Concepts\Case.cpt
25-03-2023 22:25:43.223 [Gauge] [DEBUG] Adding concepts from c:\Users\elifk\IdeaProjects\Deneme\specs\Concepts\Case.cpt
25-03-2023 22:25:43.223 [Gauge] [DEBUG] Adding concepts from c:\Users\elifk\IdeaProjects\Deneme\specs\Concepts\Case.cpt
25-03-2023 22:25:43.223 [Gauge] [DEBUG] Adding concepts from c:\Users\elifk\IdeaProjects\Deneme\specs\Concepts\Case.cpt
25-03-2023 22:25:43.223 [Gauge] [DEBUG] Adding concepts from c:\Users\elifk\IdeaProjects\Deneme\specs\Concepts\Case.cpt
25-03-2023 22:25:43.226 [Gauge] [INFO] Initializing specs cache with 1 specs
25-03-2023 22:25:43.226 [Gauge] [DEBUG] Adding specs from c:\Users\elifk\IdeaProjects\Deneme\specs\Scenario\Case.spec
25-03-2023 22:25:43.226 [Gauge] [INFO] Initializing steps cache with 2 steps
25-03-2023 22:25:43.228 [Gauge] [DEBUG] Watching directory: c:\Users\elifk\IdeaProjects\Deneme\specs
25-03-2023 22:25:43.228 [Gauge] [DEBUG] Found 2 files
25-03-2023 22:25:43.228 [Gauge] [DEBUG] Watching directory: c:\Users\elifk\IdeaProjects\Deneme\specs\Concepts
25-03-2023 22:25:43.237 [Gauge] [DEBUG] Found 1 files
25-03-2023 22:25:43.238 [Gauge] [DEBUG] Watching directory: c:\Users\elifk\IdeaProjects\Deneme\specs\Scenario
25-03-2023 22:25:43.238 [Gauge] [DEBUG] Found 1 files
25-03-2023 22:25:43.244 [Gauge] [INFO] Starting language runner
25-03-2023 22:25:43.909 [java] [DEBUG] ***** Printing Properties/Env Values *****
25-03-2023 22:25:43.910 [java] [DEBUG] PATH: C:\Program Files\Common Files\Oracle\Java\javapath;C:\Program Files\Common Files\Microsoft Shared\Microsoft Online Services;C:\Program Files (x86)\Common Files\Microsoft Shared\Microsoft Online Services;C:\windows\system32;C:\windows;C:\windows\System32\Wbem;C:\windows\System32\WindowsPowerShell\v1.0\;C:\windows\System32\OpenSSH\;C:\Program Files (x86)\NVIDIA Corporation\PhysX\Common;C:\Program Files\NVIDIA Corporation\NVIDIA NvDLISR;C:\Program Files\Microsoft SQL Server\Client SDK\ODBC\170\Tools\Binn\;C:\Program Files (x86)\Microsoft SQL Server\150\Tools\Binn\;C:\Program Files\Microsoft SQL Server\150\Tools\Binn\;C:\Program Files\Microsoft SQL Server\150\DTS\Binn\;C:\Program Files\Microsoft SQL Server\Client SDK\ODBC\130\Tools\Binn\;C:\Program Files (x86)\Microsoft SQL Server\140\Tools\Binn\;C:\Program Files\Microsoft SQL Server\140\Tools\Binn\;C:\Program Files\Microsoft SQL Server\140\DTS\Binn\;C:\Program Files\Microsoft SQL Server\130\Tools\Binn\;C:\WINDOWS\system32;C:\WINDOWS;C:\WINDOWS\System32\Wbem;C:\WINDOWS\System32\WindowsPowerShell\v1.0\;C:\WINDOWS\System32\OpenSSH\;C:\Program Files (x86)\Microsoft SQL Server\150\DTS\Binn\;C:\Program Files\Azure Data Studio\bin;C:\Program Files\Git\cmd;C:\Program Files\Java\jdk-11\bin;C:\Program Files\Java\apache-maven-3.9.0\bin;C:\ProgramData\Microsoft\Windows\Start Menu\Programs\Java Development Kit\JetBrains\Intellij IDEA Community Edition\bin;C:\Program Files\gauge\bin;C:\Program Files\Java\jdk-15.0.2\bin;%!I(MISSING)ntelliJ IDEA Community edition%!;(MISSING)C:\Users\elifk\AppData\Local\Microsoft\WindowsApps;C:\flutter\bin;C:\Windows\System32;C:\Program Files\Azure Data Studio\bin;C:\ProgramData\Microsoft\Windows\Start Menu\Programs\Java Development Kit\JetBrains\Intellij IDEA Community Edition\bin;;C:\Users\elifk\AppData\Local\Programs\Microsoft VS Code\bin
25-03-2023 22:25:43.910 [java] [DEBUG] JAVA_HOME: C:\Program Files\Java\jdk-15.0.2
25-03-2023 22:25:43.910 [java] [DEBUG] gauge_project_root: c:\Users\elifk\IdeaProjects\Deneme
25-03-2023 22:25:43.910 [java] [DEBUG] gauge_parallel_streams_count: 
25-03-2023 22:25:43.910 [java] [DEBUG] gauge_reports_dir: reports
25-03-2023 22:25:43.910 [java] [DEBUG] overwrite_reports: true
25-03-2023 22:25:43.910 [java] [DEBUG] logs_directory: logs
25-03-2023 22:25:43.910 [java] [DEBUG] enable_multithreading: false
25-03-2023 22:25:43.910 [java] [DEBUG] gauge_specs_dir: specs
25-03-2023 22:25:43.910 [java] [DEBUG] csv_delimiter: ,
25-03-2023 22:25:43.910 [java] [DEBUG] gauge_java_home: 
25-03-2023 22:25:43.910 [java] [DEBUG] gauge_custom_build_path: 
25-03-2023 22:25:43.910 [java] [DEBUG] gauge_additional_libs: libs/*
25-03-2023 22:25:43.910 [java] [DEBUG] gauge_jvm_args: 
25-03-2023 22:25:43.910 [java] [DEBUG] gauge_custom_compile_dir: 
25-03-2023 22:25:43.910 [java] [DEBUG] gauge_clear_state_level: scenario
25-03-2023 22:25:43.910 [java] [DEBUG] ***** END *****
25-03-2023 22:25:53.762 [java] [ERROR] Installed version of gauge-java (0.9.1) does not match with dependency gauge-java (0.6.8) specified in pom.xml file
25-03-2023 22:25:53.867 [java] [DEBUG] running - C:\Program Files\Java\jdk-15.0.2\bin\javac.exe [-encoding UTF-8 -d gauge_bin @C:\Users\elifk\AppData\Local\Temp\gauge_temp4290677742\52fdfc072182654f163f5f0f9a621d72]
25-03-2023 22:25:53.867 [java] [DEBUG] stdout/stderr is logged to logs\12536-javac.exe.out
25-03-2023 22:25:55.676 [java] [ERROR] src\main\java\helper\ElementHelper.java:5: error: package org.openqa.selenium does not exist
25-03-2023 22:25:55.676 [java] [ERROR] import org.openqa.selenium.By;
25-03-2023 22:25:55.676 [java] [ERROR] ^
25-03-2023 22:25:55.827 [java] [ERROR] src\main\java\helper\ElementHelper.java:39: error: cannot find symbol
25-03-2023 22:25:55.827 [java] [ERROR] public static By getElementInfoToBy(ElementInfo elementInfo) {
25-03-2023 22:25:55.827 [java] [ERROR] ^
25-03-2023 22:25:55.827 [java] [ERROR] symbol:   class By
25-03-2023 22:25:55.827 [java] [ERROR] location: class ElementHelper
25-03-2023 22:25:55.827 [java] [ERROR] src\main\java\helper\ElementHelper.java:55: error: cannot find symbol
25-03-2023 22:25:55.828 [java] [ERROR] public static By getElementInfoToBy(String key) {
25-03-2023 22:25:55.828 [java] [ERROR] ^
25-03-2023 22:25:55.828 [java] [ERROR] symbol:   class By
25-03-2023 22:25:55.828 [java] [ERROR] location: class ElementHelper
25-03-2023 22:25:55.846 [java] [ERROR] src\test\java\driver\Driver.java:5: error: package org.openqa.selenium does not exist
25-03-2023 22:25:55.848 [java] [ERROR] import org.openqa.selenium.WebDriver;
25-03-2023 22:25:55.848 [java] [ERROR] ^
25-03-2023 22:25:55.856 [java] [ERROR] src\test\java\driver\Driver.java:9: error: cannot find symbol
25-03-2023 22:25:55.856 [java] [ERROR] public static WebDriver webDriver;
25-03-2023 22:25:55.856 [java] [ERROR] ^
25-03-2023 22:25:55.856 [java] [ERROR] symbol:   class WebDriver
25-03-2023 22:25:55.857 [java] [ERROR] location: class Driver
25-03-2023 22:25:55.894 [java] [ERROR] src\test\java\driver\DriverFactory.java:3: error: package io.github.bonigarcia.wdm does not exist
25-03-2023 22:25:55.895 [java] [ERROR] import io.github.bonigarcia.wdm.WebDriverManager;
25-03-2023 22:25:55.895 [java] [ERROR] ^
25-03-2023 22:25:55.907 [java] [ERROR] src\test\java\driver\DriverFactory.java:4: error: package org.openqa.selenium does not exist
25-03-2023 22:25:55.907 [java] [ERROR] import org.openqa.selenium.WebDriver;
25-03-2023 22:25:55.907 [java] [ERROR] ^
25-03-2023 22:25:55.933 [java] [ERROR] src\test\java\driver\DriverFactory.java:5: error: package org.openqa.selenium.chrome does not exist
25-03-2023 22:25:55.934 [java] [ERROR] import org.openqa.selenium.chrome.ChromeDriver;
25-03-2023 22:25:55.934 [java] [ERROR] ^
25-03-2023 22:25:55.972 [java] [ERROR] src\test\java\driver\DriverFactory.java:6: error: package org.openqa.selenium.firefox does not exist
25-03-2023 22:25:55.972 [java] [ERROR] import org.openqa.selenium.firefox.FirefoxDriver;
25-03-2023 22:25:55.972 [java] [ERROR] ^
25-03-2023 22:25:55.974 [java] [ERROR] src\test\java\driver\DriverFactory.java:7: error: package org.openqa.selenium.ie does not exist
25-03-2023 22:25:55.974 [java] [ERROR] import org.openqa.selenium.ie.InternetExplorerDriver;
25-03-2023 22:25:55.974 [java] [ERROR] ^
25-03-2023 22:25:55.992 [java] [ERROR] src\test\java\driver\DriverFactory.java:8: error: package org.openqa.selenium.chrome does not exist
25-03-2023 22:25:55.992 [java] [ERROR] import org.openqa.selenium.chrome.ChromeOptions;
25-03-2023 22:25:55.992 [java] [ERROR] ^
25-03-2023 22:25:55.998 [java] [ERROR] src\test\java\driver\DriverFactory.java:11: error: cannot find symbol
25-03-2023 22:25:55.998 [java] [ERROR] static WebDriver getDriver() {
25-03-2023 22:25:55.998 [java] [ERROR] ^
25-03-2023 22:25:55.998 [java] [ERROR] symbol:   class WebDriver
25-03-2023 22:25:55.998 [java] [ERROR] location: class DriverFactory
25-03-2023 22:25:56.007 [java] [ERROR] src\test\java\driver\ScenarioHook.java:6: error: package org.openqa.selenium does not exist
25-03-2023 22:25:56.007 [java] [ERROR] import org.openqa.selenium.WebDriver;
25-03-2023 22:25:56.008 [java] [ERROR] ^
25-03-2023 22:25:56.021 [java] [ERROR] src\test\java\driver\ScenarioHook.java:7: error: package org.openqa.selenium.chrome does not exist
25-03-2023 22:25:56.021 [java] [ERROR] import org.openqa.selenium.chrome.ChromeDriver;
25-03-2023 22:25:56.021 [java] [ERROR] ^
25-03-2023 22:25:56.035 [java] [ERROR] src\test\java\driver\ScenarioHook.java:8: error: package org.openqa.selenium.chrome does not exist
25-03-2023 22:25:56.035 [java] [ERROR] import org.openqa.selenium.chrome.ChromeOptions;
25-03-2023 22:25:56.035 [java] [ERROR] ^
25-03-2023 22:25:56.052 [java] [ERROR] src\test\java\driver\ScenarioHook.java:18: error: cannot find symbol
25-03-2023 22:25:56.052 [java] [ERROR] WebDriver driver;
25-03-2023 22:25:56.052 [java] [ERROR] ^
25-03-2023 22:25:56.052 [java] [ERROR] symbol:   class WebDriver
25-03-2023 22:25:56.052 [java] [ERROR] location: class ScenarioHook
25-03-2023 22:25:56.079 [java] [ERROR] src\test\java\driver\ScreenshotImpl.java:6: error: package org.openqa.selenium does not exist
25-03-2023 22:25:56.079 [java] [ERROR] import org.openqa.selenium.OutputType;
25-03-2023 22:25:56.079 [java] [ERROR] ^
25-03-2023 22:25:56.079 [java] [ERROR] src\test\java\driver\ScreenshotImpl.java:7: error: package org.openqa.selenium does not exist
25-03-2023 22:25:56.079 [java] [ERROR] import org.openqa.selenium.TakesScreenshot;
25-03-2023 22:25:56.079 [java] [ERROR] ^
25-03-2023 22:25:56.123 [java] [ERROR] src\test\java\driver\ScreenshotImpl.java:10: error: package javax.inject does not exist
25-03-2023 22:25:56.124 [java] [ERROR] import javax.inject.Inject;
25-03-2023 22:25:56.124 [java] [ERROR] ^
25-03-2023 22:25:56.140 [java] [ERROR] src\test\java\org\example\StepImplementation.java:4: error: package io.github.bonigarcia.wdm does not exist
25-03-2023 22:25:56.140 [java] [ERROR] import io.github.bonigarcia.wdm.WebDriverManager;
25-03-2023 22:25:56.140 [java] [ERROR] ^
25-03-2023 22:25:56.157 [java] [ERROR] src\test\java\org\example\StepImplementation.java:5: error: package org.junit does not exist
25-03-2023 22:25:56.157 [java] [ERROR] import org.junit.Assert;
25-03-2023 22:25:56.157 [java] [ERROR] ^
25-03-2023 22:25:56.165 [java] [ERROR] src\test\java\org\example\StepImplementation.java:11: error: package org.openqa.selenium.chrome does not exist
25-03-2023 22:25:56.166 [java] [ERROR] import org.openqa.selenium.chrome.ChromeDriver;
25-03-2023 22:25:56.166 [java] [ERROR] ^
25-03-2023 22:25:56.177 [java] [ERROR] src\test\java\org\example\StepImplementation.java:12: error: package org.openqa.selenium.chrome does not exist
25-03-2023 22:25:56.177 [java] [ERROR] import org.openqa.selenium.chrome.ChromeOptions;
25-03-2023 22:25:56.178 [java] [ERROR] ^
25-03-2023 22:25:56.188 [java] [ERROR] src\test\java\org\example\StepImplementation.java:13: error: package org.openqa.selenium.firefox does not exist
25-03-2023 22:25:56.188 [java] [ERROR] import org.openqa.selenium.firefox.FirefoxDriver;
25-03-2023 22:25:56.188 [java] [ERROR] ^
25-03-2023 22:25:56.199 [java] [ERROR] src\test\java\org\example\StepImplementation.java:14: error: package org.openqa.selenium.firefox does not exist
25-03-2023 22:25:56.199 [java] [ERROR] import org.openqa.selenium.firefox.FirefoxOptions;
25-03-2023 22:25:56.199 [java] [ERROR] ^
25-03-2023 22:25:56.222 [java] [ERROR] src\test\java\org\example\StepImplementation.java:15: error: package org.openqa.selenium.support.ui does not exist
25-03-2023 22:25:56.222 [java] [ERROR] import org.openqa.selenium.support.ui.ExpectedConditions;
25-03-2023 22:25:56.222 [java] [ERROR] ^
25-03-2023 22:25:56.244 [java] [ERROR] src\test\java\org\example\StepImplementation.java:16: error: package org.openqa.selenium.support.ui does not exist
25-03-2023 22:25:56.244 [java] [ERROR] import org.openqa.selenium.support.ui.WebDriverWait;
25-03-2023 22:25:56.244 [java] [ERROR] ^
25-03-2023 22:25:56.284 [java] [ERROR] src\test\java\org\example\StepImplementation.java:18: error: package javax.inject does not exist
25-03-2023 22:25:56.288 [java] [ERROR] import javax.inject.Inject;
25-03-2023 22:25:56.288 [java] [ERROR] ^
25-03-2023 22:25:56.327 [java] [ERROR] src\test\java\org\example\StepImplementation.java:28: error: cannot find symbol
25-03-2023 22:25:56.327 [java] [ERROR] WebElement element;
25-03-2023 22:25:56.327 [java] [ERROR] ^
25-03-2023 22:25:56.327 [java] [ERROR] symbol:   class WebElement
25-03-2023 22:25:56.328 [java] [ERROR] location: class StepImplementation
25-03-2023 22:25:56.328 [java] [ERROR] src\test\java\org\example\StepImplementation.java:30: error: cannot find symbol
25-03-2023 22:25:56.328 [java] [ERROR] public static WebDriver driver = null;
25-03-2023 22:25:56.328 [java] [ERROR] ^
25-03-2023 22:25:56.328 [java] [ERROR] symbol:   class WebDriver
25-03-2023 22:25:56.328 [java] [ERROR] location: class StepImplementation
25-03-2023 22:25:56.328 [java] [ERROR] src\test\java\org\example\StepImplementation.java:32: error: cannot find symbol
25-03-2023 22:25:56.328 [java] [ERROR] WebDriverWait wait = new WebDriverWait(driver, 10);
25-03-2023 22:25:56.328 [java] [ERROR] ^
25-03-2023 22:25:56.328 [java] [ERROR] symbol:   class WebDriverWait
25-03-2023 22:25:56.328 [java] [ERROR] location: class StepImplementation
25-03-2023 22:25:56.328 [java] [ERROR] src\test\java\org\example\StepImplementation.java:155: error: cannot find symbol
25-03-2023 22:25:56.328 [java] [ERROR] public void swipeToElement(WebElement element) {
25-03-2023 22:25:56.328 [java] [ERROR] ^
25-03-2023 22:25:56.328 [java] [ERROR] symbol:   class WebElement
25-03-2023 22:25:56.328 [java] [ERROR] location: class StepImplementation
25-03-2023 22:25:56.328 [java] [ERROR] src\test\java\org\example\StepImplementation.java:10: error: package org.openqa.selenium does not exist
25-03-2023 22:25:56.328 [java] [ERROR] import org.openqa.selenium.*;
25-03-2023 22:25:56.328 [java] [ERROR] ^
25-03-2023 22:25:56.347 [java] [ERROR] src\test\java\driver\ScreenshotImpl.java:19: error: cannot find symbol
25-03-2023 22:25:56.347 [java] [ERROR] @Inject
25-03-2023 22:25:56.348 [java] [ERROR] ^
25-03-2023 22:25:56.348 [java] [ERROR] symbol:   class Inject
25-03-2023 22:25:56.348 [java] [ERROR] location: class ScreenshotImpl
25-03-2023 22:25:56.348 [java] [ERROR] src\test\java\org\example\StepImplementation.java:27: error: cannot find symbol
25-03-2023 22:25:56.348 [java] [ERROR] @Inject
25-03-2023 22:25:56.348 [java] [ERROR] ^
25-03-2023 22:25:56.348 [java] [ERROR] symbol:   class Inject
25-03-2023 22:25:56.348 [java] [ERROR] location: class StepImplementation
25-03-2023 22:25:56.359 [java] [ERROR] src\test\java\org\example\StepImplementation.java:29: error: cannot find symbol
25-03-2023 22:25:56.359 [java] [ERROR] @Inject
25-03-2023 22:25:56.359 [java] [ERROR] ^
25-03-2023 22:25:56.359 [java] [ERROR] symbol:   class Inject
25-03-2023 22:25:56.359 [java] [ERROR] location: class StepImplementation
25-03-2023 22:25:56.522 [java] [ERROR] src\main\java\helper\ElementHelper.java:40: error: cannot find symbol
25-03-2023 22:25:56.525 [java] [ERROR] By by = null;
25-03-2023 22:25:56.525 [java] [ERROR] ^
25-03-2023 22:25:56.525 [java] [ERROR] symbol:   class By
25-03-2023 22:25:56.525 [java] [ERROR] location: class ElementHelper
25-03-2023 22:25:56.529 [java] [ERROR] src\main\java\helper\ElementHelper.java:42: error: cannot find symbol
25-03-2023 22:25:56.529 [java] [ERROR] by = By.cssSelector(elementInfo.getValue());
25-03-2023 22:25:56.529 [java] [ERROR] ^
25-03-2023 22:25:56.529 [java] [ERROR] symbol:   variable By
25-03-2023 22:25:56.529 [java] [ERROR] location: class ElementHelper
25-03-2023 22:25:56.564 [java] [ERROR] src\main\java\helper\ElementHelper.java:44: error: cannot find symbol
25-03-2023 22:25:56.564 [java] [ERROR] by = By.id(elementInfo.getValue());
25-03-2023 22:25:56.564 [java] [ERROR] ^
25-03-2023 22:25:56.564 [java] [ERROR] symbol:   variable By
25-03-2023 22:25:56.564 [java] [ERROR] location: class ElementHelper
25-03-2023 22:25:56.566 [java] [ERROR] src\main\java\helper\ElementHelper.java:46: error: cannot find symbol
25-03-2023 22:25:56.566 [java] [ERROR] by = By.xpath(elementInfo.getValue()); }
25-03-2023 22:25:56.566 [java] [ERROR] ^
25-03-2023 22:25:56.566 [java] [ERROR] symbol:   variable By
25-03-2023 22:25:56.566 [java] [ERROR] location: class ElementHelper
25-03-2023 22:25:56.624 [java] [ERROR] src\test\java\driver\DriverFactory.java:12: error: cannot find symbol
25-03-2023 22:25:56.624 [java] [ERROR] WebDriverManager.chromedriver().setup();
25-03-2023 22:25:56.624 [java] [ERROR] ^
25-03-2023 22:25:56.624 [java] [ERROR] symbol:   variable WebDriverManager
25-03-2023 22:25:56.624 [java] [ERROR] location: class DriverFactory
25-03-2023 22:25:56.624 [java] [ERROR] src\test\java\driver\DriverFactory.java:13: error: cannot find symbol
25-03-2023 22:25:56.624 [java] [ERROR] return new ChromeDriver();
25-03-2023 22:25:56.624 [java] [ERROR] ^
25-03-2023 22:25:56.624 [java] [ERROR] symbol:   class ChromeDriver
25-03-2023 22:25:56.624 [java] [ERROR] location: class DriverFactory
25-03-2023 22:25:56.624 [java] [ERROR] src\test\java\driver\ScenarioHook.java:28: error: cannot find symbol
25-03-2023 22:25:56.625 [java] [ERROR] ChromeOptions chromeOptions = new ChromeOptions();
25-03-2023 22:25:56.625 [java] [ERROR] ^
25-03-2023 22:25:56.625 [java] [ERROR] symbol:   class ChromeOptions
25-03-2023 22:25:56.625 [java] [ERROR] location: class ScenarioHook
25-03-2023 22:25:56.625 [java] [ERROR] src\test\java\driver\ScenarioHook.java:28: error: cannot find symbol
25-03-2023 22:25:56.625 [java] [ERROR] ChromeOptions chromeOptions = new ChromeOptions();
25-03-2023 22:25:56.625 [java] [ERROR] ^
25-03-2023 22:25:56.626 [java] [ERROR] symbol:   class ChromeOptions
25-03-2023 22:25:56.626 [java] [ERROR] location: class ScenarioHook
25-03-2023 22:25:56.626 [java] [ERROR] src\test\java\driver\ScenarioHook.java:29: error: cannot find symbol
25-03-2023 22:25:56.626 [java] [ERROR] driver = new ChromeDriver(chromeOptions);
25-03-2023 22:25:56.626 [java] [ERROR] ^
25-03-2023 22:25:56.626 [java] [ERROR] symbol:   class ChromeDriver
25-03-2023 22:25:56.626 [java] [ERROR] location: class ScenarioHook
25-03-2023 22:25:56.626 [java] [ERROR] src\test\java\driver\ScreenshotImpl.java:35: error: cannot find symbol
25-03-2023 22:25:56.626 [java] [ERROR] File screenshotFile = ((TakesScreenshot) driverAction).getScreenshotAs(OutputType.FILE);
25-03-2023 22:25:56.626 [java] [ERROR] ^
25-03-2023 22:25:56.626 [java] [ERROR] symbol:   variable OutputType
25-03-2023 22:25:56.626 [java] [ERROR] location: class ScreenshotImpl
25-03-2023 22:25:56.626 [java] [ERROR] src\test\java\driver\ScreenshotImpl.java:35: error: cannot find symbol
25-03-2023 22:25:56.626 [java] [ERROR] File screenshotFile = ((TakesScreenshot) driverAction).getScreenshotAs(OutputType.FILE);
25-03-2023 22:25:56.626 [java] [ERROR] ^
25-03-2023 22:25:56.626 [java] [ERROR] symbol:   class TakesScreenshot
25-03-2023 22:25:56.626 [java] [ERROR] location: class ScreenshotImpl
25-03-2023 22:25:56.683 [java] [ERROR] src\test\java\org\example\StepImplementation.java:32: error: cannot find symbol
25-03-2023 22:25:56.683 [java] [ERROR] WebDriverWait wait = new WebDriverWait(driver, 10);
25-03-2023 22:25:56.683 [java] [ERROR] ^
25-03-2023 22:25:56.683 [java] [ERROR] symbol:   class WebDriverWait
25-03-2023 22:25:56.683 [java] [ERROR] location: class StepImplementation
25-03-2023 22:25:56.683 [java] [ERROR] src\test\java\org\example\StepImplementation.java:38: error: cannot find symbol
25-03-2023 22:25:56.683 [java] [ERROR] driver = new ChromeDriver();
25-03-2023 22:25:56.683 [java] [ERROR] ^
25-03-2023 22:25:56.683 [java] [ERROR] symbol:   class ChromeDriver
25-03-2023 22:25:56.683 [java] [ERROR] location: class StepImplementation
25-03-2023 22:25:56.683 [java] [ERROR] src\test\java\org\example\StepImplementation.java:44: error: cannot find symbol
25-03-2023 22:25:56.683 [java] [ERROR] FirefoxOptions firefoxOptions = new FirefoxOptions();
25-03-2023 22:25:56.683 [java] [ERROR] ^
25-03-2023 22:25:56.683 [java] [ERROR] symbol:   class FirefoxOptions
25-03-2023 22:25:56.683 [java] [ERROR] location: class StepImplementation
25-03-2023 22:25:56.683 [java] [ERROR] src\test\java\org\example\StepImplementation.java:44: error: cannot find symbol
25-03-2023 22:25:56.684 [java] [ERROR] FirefoxOptions firefoxOptions = new FirefoxOptions();
25-03-2023 22:25:56.684 [java] [ERROR] ^
25-03-2023 22:25:56.684 [java] [ERROR] symbol:   class FirefoxOptions
25-03-2023 22:25:56.684 [java] [ERROR] location: class StepImplementation
25-03-2023 22:25:56.684 [java] [ERROR] src\test\java\org\example\StepImplementation.java:45: error: cannot find symbol
25-03-2023 22:25:56.684 [java] [ERROR] driver = new FirefoxDriver(firefoxOptions);
25-03-2023 22:25:56.684 [java] [ERROR] ^
25-03-2023 22:25:56.684 [java] [ERROR] symbol:   class FirefoxDriver
25-03-2023 22:25:56.684 [java] [ERROR] location: class StepImplementation
25-03-2023 22:25:56.684 [java] [ERROR] src\test\java\org\example\StepImplementation.java:59: error: cannot find symbol
25-03-2023 22:25:56.684 [java] [ERROR] wait.until(ExpectedConditions.urlToBe(url));
25-03-2023 22:25:56.688 [java] [ERROR] ^
25-03-2023 22:25:56.688 [java] [ERROR] symbol:   variable ExpectedConditions
25-03-2023 22:25:56.688 [java] [ERROR] location: class StepImplementation
25-03-2023 22:25:56.688 [java] [ERROR] src\test\java\org\example\StepImplementation.java:62: error: cannot find symbol
25-03-2023 22:25:56.688 [java] [ERROR] Assert.assertTrue("Sayfanýn url i " + url + " deðil. Url: " + driver.getCurrentUrl(), false);
25-03-2023 22:25:56.688 [java] [ERROR] ^
25-03-2023 22:25:56.688 [java] [ERROR] symbol:   variable Assert
25-03-2023 22:25:56.688 [java] [ERROR] location: class StepImplementation
25-03-2023 22:25:56.688 [java] [ERROR] src\test\java\org\example\StepImplementation.java:68: error: cannot find symbol
25-03-2023 22:25:56.688 [java] [ERROR] By byElement = ElementHelper.getElementInfoToBy(key);
25-03-2023 22:25:56.688 [java] [ERROR] ^
25-03-2023 22:25:56.688 [java] [ERROR] symbol:   class By
25-03-2023 22:25:56.688 [java] [ERROR] location: class StepImplementation
25-03-2023 22:25:56.688 [java] [ERROR] src\test\java\org\example\StepImplementation.java:69: error: cannot find symbol
25-03-2023 22:25:56.688 [java] [ERROR] wait.until(ExpectedConditions.presenceOfElementLocated(byElement));
25-03-2023 22:25:56.688 [java] [ERROR] ^
25-03-2023 22:25:56.688 [java] [ERROR] symbol:   variable ExpectedConditions
25-03-2023 22:25:56.688 [java] [ERROR] location: class StepImplementation
25-03-2023 22:25:56.688 [java] [ERROR] src\test\java\org\example\StepImplementation.java:76: error: cannot find symbol
25-03-2023 22:25:56.688 [java] [ERROR] By byElement = ElementHelper.getElementInfoToBy(key);
25-03-2023 22:25:56.688 [java] [ERROR] ^
25-03-2023 22:25:56.688 [java] [ERROR] symbol:   class By
25-03-2023 22:25:56.688 [java] [ERROR] location: class StepImplementation
25-03-2023 22:25:56.688 [java] [ERROR] src\test\java\org\example\StepImplementation.java:77: error: cannot find symbol
25-03-2023 22:25:56.688 [java] [ERROR] wait.until(ExpectedConditions.presenceOfElementLocated(byElement));
25-03-2023 22:25:56.688 [java] [ERROR] ^
25-03-2023 22:25:56.688 [java] [ERROR] symbol:   variable ExpectedConditions
25-03-2023 22:25:56.688 [java] [ERROR] location: class StepImplementation
25-03-2023 22:25:56.688 [java] [ERROR] src\test\java\org\example\StepImplementation.java:79: error: cannot find symbol
25-03-2023 22:25:56.688 [java] [ERROR] Assert.assertTrue("Element bulunamadý.", false);
25-03-2023 22:25:56.688 [java] [ERROR] ^
25-03-2023 22:25:56.688 [java] [ERROR] symbol:   variable Assert
25-03-2023 22:25:56.688 [java] [ERROR] location: class StepImplementation
25-03-2023 22:25:56.688 [java] [ERROR] src\test\java\org\example\StepImplementation.java:85: error: cannot find symbol
25-03-2023 22:25:56.688 [java] [ERROR] By byElement = ElementHelper.getElementInfoToBy(key);
25-03-2023 22:25:56.688 [java] [ERROR] ^
25-03-2023 22:25:56.688 [java] [ERROR] symbol:   class By
25-03-2023 22:25:56.688 [java] [ERROR] location: class StepImplementation
25-03-2023 22:25:56.688 [java] [ERROR] src\test\java\org\example\StepImplementation.java:86: error: cannot find symbol
25-03-2023 22:25:56.688 [java] [ERROR] wait.until(ExpectedConditions.presenceOfElementLocated(byElement));
25-03-2023 22:25:56.688 [java] [ERROR] ^
25-03-2023 22:25:56.689 [java] [ERROR] symbol:   variable ExpectedConditions
25-03-2023 22:25:56.689 [java] [ERROR] location: class StepImplementation
25-03-2023 22:25:56.689 [java] [ERROR] src\test\java\org\example\StepImplementation.java:88: error: cannot find symbol
25-03-2023 22:25:56.689 [java] [ERROR] Assert.assertSame(text1,text);
25-03-2023 22:25:56.689 [java] [ERROR] ^
25-03-2023 22:25:56.689 [java] [ERROR] symbol:   variable Assert
25-03-2023 22:25:56.689 [java] [ERROR] location: class StepImplementation
25-03-2023 22:25:56.690 [java] [ERROR] src\test\java\org\example\StepImplementation.java:90: error: cannot find symbol
25-03-2023 22:25:56.690 [java] [ERROR] Assert.assertTrue("Element bulunamadý.", false);
25-03-2023 22:25:56.690 [java] [ERROR] ^
25-03-2023 22:25:56.690 [java] [ERROR] symbol:   variable Assert
25-03-2023 22:25:56.690 [java] [ERROR] location: class StepImplementation
25-03-2023 22:25:56.690 [java] [ERROR] src\test\java\org\example\StepImplementation.java:101: error: cannot find symbol
25-03-2023 22:25:56.691 [java] [ERROR] By byElement = ElementHelper.getElementInfoToBy(key);
25-03-2023 22:25:56.691 [java] [ERROR] ^
25-03-2023 22:25:56.691 [java] [ERROR] symbol:   class By
25-03-2023 22:25:56.691 [java] [ERROR] location: class StepImplementation
25-03-2023 22:25:56.691 [java] [ERROR] src\test\java\org\example\StepImplementation.java:102: error: cannot find symbol
25-03-2023 22:25:56.691 [java] [ERROR] wait.until(ExpectedConditions.presenceOfElementLocated(byElement));
25-03-2023 22:25:56.691 [java] [ERROR] ^
25-03-2023 22:25:56.692 [java] [ERROR] symbol:   variable ExpectedConditions
25-03-2023 22:25:56.692 [java] [ERROR] location: class StepImplementation
25-03-2023 22:25:56.692 [java] [ERROR] src\test\java\org\example\StepImplementation.java:103: error: cannot find symbol
25-03-2023 22:25:56.692 [java] [ERROR] List<WebElement> elements = driver.findElements(byElement);
25-03-2023 22:25:56.692 [java] [ERROR] ^
25-03-2023 22:25:56.692 [java] [ERROR] symbol:   class WebElement
25-03-2023 22:25:56.692 [java] [ERROR] location: class StepImplementation
25-03-2023 22:25:56.692 [java] [ERROR] src\test\java\org\example\StepImplementation.java:104: error: cannot find symbol
25-03-2023 22:25:56.692 [java] [ERROR] for (WebElement element : elements) {
25-03-2023 22:25:56.692 [java] [ERROR] ^
25-03-2023 22:25:56.692 [java] [ERROR] symbol:   class WebElement
25-03-2023 22:25:56.692 [java] [ERROR] location: class StepImplementation
25-03-2023 22:25:56.692 [java] [ERROR] src\test\java\org\example\StepImplementation.java:107: error: cannot find symbol
25-03-2023 22:25:56.692 [java] [ERROR] wait.until(ExpectedConditions.visibilityOfElementLocated(byElement));
25-03-2023 22:25:56.692 [java] [ERROR] ^
25-03-2023 22:25:56.692 [java] [ERROR] symbol:   variable ExpectedConditions
25-03-2023 22:25:56.692 [java] [ERROR] location: class StepImplementation
25-03-2023 22:25:56.692 [java] [ERROR] src\test\java\org\example\StepImplementation.java:115: error: cannot find symbol
25-03-2023 22:25:56.692 [java] [ERROR] } catch (StaleElementReferenceException s) {
25-03-2023 22:25:56.692 [java] [ERROR] ^
25-03-2023 22:25:56.692 [java] [ERROR] symbol:   class StaleElementReferenceException
25-03-2023 22:25:56.692 [java] [ERROR] location: class StepImplementation
25-03-2023 22:25:56.693 [java] [ERROR] src\test\java\org\example\StepImplementation.java:137: error: cannot find symbol
25-03-2023 22:25:56.693 [java] [ERROR] Assert.assertTrue(false);
25-03-2023 22:25:56.693 [java] [ERROR] ^
25-03-2023 22:25:56.693 [java] [ERROR] symbol:   variable Assert
25-03-2023 22:25:56.693 [java] [ERROR] location: class StepImplementation
25-03-2023 22:25:56.696 [java] [ERROR] src\test\java\org\example\StepImplementation.java:145: error: cannot find symbol
25-03-2023 22:25:56.696 [java] [ERROR] ((JavascriptExecutor) driver).executeScript(("window.scrollBy(0," + i + ")"), "");
25-03-2023 22:25:56.696 [java] [ERROR] ^
25-03-2023 22:25:56.696 [java] [ERROR] symbol:   class JavascriptExecutor
25-03-2023 22:25:56.696 [java] [ERROR] location: class StepImplementation
25-03-2023 22:25:56.700 [java] [ERROR] src\test\java\org\example\StepImplementation.java:148: error: cannot find symbol
25-03-2023 22:25:56.700 [java] [ERROR] ((JavascriptExecutor) driver).executeScript(("window.scrollBy(0," + i + ")"), "");
25-03-2023 22:25:56.700 [java] [ERROR] ^
25-03-2023 22:25:56.700 [java] [ERROR] symbol:   class JavascriptExecutor
25-03-2023 22:25:56.700 [java] [ERROR] location: class StepImplementation
25-03-2023 22:25:56.706 [java] [ERROR] src\test\java\org\example\StepImplementation.java:150: error: cannot find symbol
25-03-2023 22:25:56.708 [java] [ERROR] } catch (WebDriverException wde) {
25-03-2023 22:25:56.709 [java] [ERROR] ^
25-03-2023 22:25:56.709 [java] [ERROR] symbol:   class WebDriverException
25-03-2023 22:25:56.709 [java] [ERROR] location: class StepImplementation
25-03-2023 22:25:56.709 [java] [ERROR] src\test\java\org\example\StepImplementation.java:156: error: cannot find symbol
25-03-2023 22:25:56.709 [java] [ERROR] JavascriptExecutor js = (JavascriptExecutor) driver;
25-03-2023 22:25:56.709 [java] [ERROR] ^
25-03-2023 22:25:56.709 [java] [ERROR] symbol:   class JavascriptExecutor
25-03-2023 22:25:56.709 [java] [ERROR] location: class StepImplementation
25-03-2023 22:25:56.709 [java] [ERROR] src\test\java\org\example\StepImplementation.java:156: error: cannot find symbol
25-03-2023 22:25:56.709 [java] [ERROR] JavascriptExecutor js = (JavascriptExecutor) driver;
25-03-2023 22:25:56.709 [java] [ERROR] ^
25-03-2023 22:25:56.709 [java] [ERROR] symbol:   class JavascriptExecutor
25-03-2023 22:25:56.709 [java] [ERROR] location: class StepImplementation
25-03-2023 22:25:56.709 [java] [ERROR] 75 errors
25-03-2023 22:25:56.863 [Gauge] [ERROR] Error occurred while waiting for runner process to finish.
Error : exit status 1
25-03-2023 22:25:56.865 [Gauge] [DEBUG] Gauge could not initialize. Install 'vscjava.vscode-java-pack' extension for code insights. For more information see[Problems](command:workbench.actions.view.problems), check logs.[Troubleshooting](https://docs.gauge.org/troubleshooting.html?language=javascript&ide=vscode#gauge-could-not-initialize-for-more-information-see-problems)
Some of the gauge lsp feature will not work as expected.
25-03-2023 22:25:56.865 [Gauge] [INFO] LangServer: reading on stdin, writing on stdout
25-03-2023 22:25:56.895 [Gauge] [ERROR] notif #0: initialized: current runner is not compatible with gauge LSP
25-03-2023 22:32:15.556 [Gauge] [INFO] Connection closed
25-03-2023 22:32:15.556 [Gauge] [ERROR] Unable to log error 'Connection closed' to LSP: jsonrpc2: connection is closed
27-03-2023 16:32:42.475 [Gauge] [INFO] Initializing concepts cache with 11 concepts
27-03-2023 16:32:42.476 [Gauge] [DEBUG] Adding concepts from c:\Users\elifk\IdeaProjects\Deneme\specs\Concepts\Case.cpt
27-03-2023 16:32:42.476 [Gauge] [DEBUG] Adding concepts from c:\Users\elifk\IdeaProjects\Deneme\specs\Concepts\Case.cpt
27-03-2023 16:32:42.476 [Gauge] [DEBUG] Adding concepts from c:\Users\elifk\IdeaProjects\Deneme\specs\Concepts\Case.cpt
27-03-2023 16:32:42.476 [Gauge] [DEBUG] Adding concepts from c:\Users\elifk\IdeaProjects\Deneme\specs\Concepts\Case.cpt
27-03-2023 16:32:42.476 [Gauge] [DEBUG] Adding concepts from c:\Users\elifk\IdeaProjects\Deneme\specs\Concepts\Case.cpt
27-03-2023 16:32:42.476 [Gauge] [DEBUG] Adding concepts from c:\Users\elifk\IdeaProjects\Deneme\specs\Concepts\Case.cpt
27-03-2023 16:32:42.476 [Gauge] [DEBUG] Adding concepts from c:\Users\elifk\IdeaProjects\Deneme\specs\Concepts\Case.cpt
27-03-2023 16:32:42.476 [Gauge] [DEBUG] Adding concepts from c:\Users\elifk\IdeaProjects\Deneme\specs\Concepts\Case.cpt
27-03-2023 16:32:42.476 [Gauge] [DEBUG] Adding concepts from c:\Users\elifk\IdeaProjects\Deneme\specs\Concepts\Case.cpt
27-03-2023 16:32:42.476 [Gauge] [DEBUG] Adding concepts from c:\Users\elifk\IdeaProjects\Deneme\specs\Concepts\Case.cpt
27-03-2023 16:32:42.476 [Gauge] [DEBUG] Adding concepts from c:\Users\elifk\IdeaProjects\Deneme\specs\Concepts\Case.cpt
27-03-2023 16:32:42.478 [Gauge] [INFO] Initializing specs cache with 1 specs
27-03-2023 16:32:42.478 [Gauge] [DEBUG] Adding specs from c:\Users\elifk\IdeaProjects\Deneme\specs\Scenario\Case.spec
27-03-2023 16:32:42.478 [Gauge] [INFO] Initializing steps cache with 2 steps
27-03-2023 16:32:42.479 [Gauge] [DEBUG] Watching directory: c:\Users\elifk\IdeaProjects\Deneme\specs
27-03-2023 16:32:42.480 [Gauge] [DEBUG] Found 2 files
27-03-2023 16:32:42.480 [Gauge] [DEBUG] Watching directory: c:\Users\elifk\IdeaProjects\Deneme\specs\Concepts
27-03-2023 16:32:42.481 [Gauge] [DEBUG] Found 1 files
27-03-2023 16:32:42.481 [Gauge] [DEBUG] Watching directory: c:\Users\elifk\IdeaProjects\Deneme\specs\Scenario
27-03-2023 16:32:42.481 [Gauge] [DEBUG] Found 1 files
27-03-2023 16:32:42.492 [Gauge] [INFO] Starting language runner
27-03-2023 16:32:44.236 [java] [DEBUG] ***** Printing Properties/Env Values *****
27-03-2023 16:32:44.236 [java] [DEBUG] PATH: C:\Program Files\Common Files\Oracle\Java\javapath;C:\Program Files\Common Files\Microsoft Shared\Microsoft Online Services;C:\Program Files (x86)\Common Files\Microsoft Shared\Microsoft Online Services;C:\windows\system32;C:\windows;C:\windows\System32\Wbem;C:\windows\System32\WindowsPowerShell\v1.0\;C:\windows\System32\OpenSSH\;C:\Program Files (x86)\NVIDIA Corporation\PhysX\Common;C:\Program Files\NVIDIA Corporation\NVIDIA NvDLISR;C:\Program Files\Microsoft SQL Server\Client SDK\ODBC\170\Tools\Binn\;C:\Program Files (x86)\Microsoft SQL Server\150\Tools\Binn\;C:\Program Files\Microsoft SQL Server\150\Tools\Binn\;C:\Program Files\Microsoft SQL Server\150\DTS\Binn\;C:\Program Files\Microsoft SQL Server\Client SDK\ODBC\130\Tools\Binn\;C:\Program Files (x86)\Microsoft SQL Server\140\Tools\Binn\;C:\Program Files\Microsoft SQL Server\140\Tools\Binn\;C:\Program Files\Microsoft SQL Server\140\DTS\Binn\;C:\Program Files\Microsoft SQL Server\130\Tools\Binn\;C:\WINDOWS\system32;C:\WINDOWS;C:\WINDOWS\System32\Wbem;C:\WINDOWS\System32\WindowsPowerShell\v1.0\;C:\WINDOWS\System32\OpenSSH\;C:\Program Files (x86)\Microsoft SQL Server\150\DTS\Binn\;C:\Program Files\Azure Data Studio\bin;C:\Program Files\Git\cmd;C:\Program Files\Java\jdk-11\bin;C:\Program Files\Java\apache-maven-3.9.0\bin;C:\ProgramData\Microsoft\Windows\Start Menu\Programs\Java Development Kit\JetBrains\Intellij IDEA Community Edition\bin;C:\Program Files\gauge\bin;C:\Program Files\Java\jdk-15.0.2\bin;%!I(MISSING)ntelliJ IDEA Community edition%!;(MISSING)C:\Users\elifk\AppData\Local\Microsoft\WindowsApps;C:\flutter\bin;C:\Windows\System32;C:\Program Files\Azure Data Studio\bin;C:\ProgramData\Microsoft\Windows\Start Menu\Programs\Java Development Kit\JetBrains\Intellij IDEA Community Edition\bin;;C:\Users\elifk\AppData\Local\Programs\Microsoft VS Code\bin
27-03-2023 16:32:44.238 [java] [DEBUG] JAVA_HOME: C:\Program Files\Java\jdk-15.0.2
27-03-2023 16:32:44.238 [java] [DEBUG] gauge_project_root: c:\Users\elifk\IdeaProjects\Deneme
27-03-2023 16:32:44.238 [java] [DEBUG] gauge_parallel_streams_count: 
27-03-2023 16:32:44.238 [java] [DEBUG] gauge_reports_dir: reports
27-03-2023 16:32:44.238 [java] [DEBUG] overwrite_reports: true
27-03-2023 16:32:44.238 [java] [DEBUG] logs_directory: logs
27-03-2023 16:32:44.238 [java] [DEBUG] enable_multithreading: false
27-03-2023 16:32:44.238 [java] [DEBUG] gauge_specs_dir: specs
27-03-2023 16:32:44.238 [java] [DEBUG] csv_delimiter: ,
27-03-2023 16:32:44.238 [java] [DEBUG] gauge_java_home: 
27-03-2023 16:32:44.238 [java] [DEBUG] gauge_custom_build_path: 
27-03-2023 16:32:44.239 [java] [DEBUG] gauge_additional_libs: libs/*
27-03-2023 16:32:44.239 [java] [DEBUG] gauge_jvm_args: 
27-03-2023 16:32:44.239 [java] [DEBUG] gauge_custom_compile_dir: 
27-03-2023 16:32:44.239 [java] [DEBUG] gauge_clear_state_level: scenario
27-03-2023 16:32:44.239 [java] [DEBUG] ***** END *****
27-03-2023 16:32:53.878 [java] [DEBUG] classpath set to c:\Users\elifk\IdeaProjects\Deneme\target\test-classes;c:\Users\elifk\IdeaProjects\Deneme\target\classes;C:\Users\elifk\.m2\repository\com\thoughtworks\gauge\gauge-java\0.9.1\gauge-java-0.9.1.jar;C:\Users\elifk\.m2\repository\com\github\javaparser\javaparser-core\3.16.3\javaparser-core-3.16.3.jar;C:\Users\elifk\.m2\repository\commons-io\commons-io\2.11.0\commons-io-2.11.0.jar;C:\Users\elifk\.m2\repository\commons-lang\commons-lang\2.6\commons-lang-2.6.jar;C:\Users\elifk\.m2\repository\org\json\json\20220320\json-20220320.jar;C:\Users\elifk\.m2\repository\com\google\protobuf\protobuf-java\3.19.4\protobuf-java-3.19.4.jar;C:\Users\elifk\.m2\repository\com\google\guava\guava\31.0.1-jre\guava-31.0.1-jre.jar;C:\Users\elifk\.m2\repository\com\google\guava\failureaccess\1.0.1\failureaccess-1.0.1.jar;C:\Users\elifk\.m2\repository\com\google\guava\listenablefuture\9999.0-empty-to-avoid-conflict-with-guava\listenablefuture-9999.0-empty-to-avoid-conflict-with-guava.jar;C:\Users\elifk\.m2\repository\org\checkerframework\checker-qual\3.12.0\checker-qual-3.12.0.jar;C:\Users\elifk\.m2\repository\com\google\errorprone\error_prone_annotations\2.7.1\error_prone_annotations-2.7.1.jar;C:\Users\elifk\.m2\repository\com\google\j2objc\j2objc-annotations\1.3\j2objc-annotations-1.3.jar;C:\Users\elifk\.m2\repository\io\grpc\grpc-netty-shaded\1.41.2\grpc-netty-shaded-1.41.2.jar;C:\Users\elifk\.m2\repository\io\perfmark\perfmark-api\0.23.0\perfmark-api-0.23.0.jar;C:\Users\elifk\.m2\repository\io\grpc\grpc-core\1.41.2\grpc-core-1.41.2.jar;C:\Users\elifk\.m2\repository\com\google\android\annotations\4.1.1.4\annotations-4.1.1.4.jar;C:\Users\elifk\.m2\repository\org\codehaus\mojo\animal-sniffer-annotations\1.19\animal-sniffer-annotations-1.19.jar;C:\Users\elifk\.m2\repository\io\grpc\grpc-protobuf\1.41.2\grpc-protobuf-1.41.2.jar;C:\Users\elifk\.m2\repository\io\grpc\grpc-api\1.41.2\grpc-api-1.41.2.jar;C:\Users\elifk\.m2\repository\io\grpc\grpc-context\1.41.2\grpc-context-1.41.2.jar;C:\Users\elifk\.m2\repository\com\google\api\grpc\proto-google-common-protos\2.0.1\proto-google-common-protos-2.0.1.jar;C:\Users\elifk\.m2\repository\io\grpc\grpc-protobuf-lite\1.41.2\grpc-protobuf-lite-1.41.2.jar;C:\Users\elifk\.m2\repository\io\grpc\grpc-stub\1.41.2\grpc-stub-1.41.2.jar;C:\Users\elifk\.m2\repository\javax\annotation\javax.annotation-api\1.3.2\javax.annotation-api-1.3.2.jar;C:\Users\elifk\.m2\repository\io\appium\java-client\7.5.1\java-client-7.5.1.jar;C:\Users\elifk\.m2\repository\org\seleniumhq\selenium\selenium-support\3.141.59\selenium-support-3.141.59.jar;C:\Users\elifk\.m2\repository\com\google\code\gson\gson\2.8.6\gson-2.8.6.jar;C:\Users\elifk\.m2\repository\org\apache\httpcomponents\httpclient\4.5.13\httpclient-4.5.13.jar;C:\Users\elifk\.m2\repository\cglib\cglib\3.3.0\cglib-3.3.0.jar;C:\Users\elifk\.m2\repository\org\ow2\asm\asm\7.1\asm-7.1.jar;C:\Users\elifk\.m2\repository\commons-validator\commons-validator\1.7\commons-validator-1.7.jar;C:\Users\elifk\.m2\repository\commons-beanutils\commons-beanutils\1.9.4\commons-beanutils-1.9.4.jar;C:\Users\elifk\.m2\repository\commons-digester\commons-digester\2.1\commons-digester-2.1.jar;C:\Users\elifk\.m2\repository\commons-collections\commons-collections\3.2.2\commons-collections-3.2.2.jar;C:\Users\elifk\.m2\repository\org\apache\commons\commons-lang3\3.12.0\commons-lang3-3.12.0.jar;C:\Users\elifk\.m2\repository\org\springframework\spring-context\5.3.4\spring-context-5.3.4.jar;C:\Users\elifk\.m2\repository\org\springframework\spring-aop\5.3.4\spring-aop-5.3.4.jar;C:\Users\elifk\.m2\repository\org\springframework\spring-beans\5.3.4\spring-beans-5.3.4.jar;C:\Users\elifk\.m2\repository\org\springframework\spring-core\5.3.4\spring-core-5.3.4.jar;C:\Users\elifk\.m2\repository\org\springframework\spring-jcl\5.3.4\spring-jcl-5.3.4.jar;C:\Users\elifk\.m2\repository\org\springframework\spring-expression\5.3.4\spring-expression-5.3.4.jar;C:\Users\elifk\.m2\repository\org\aspectj\aspectjweaver\1.9.6\aspectjweaver-1.9.6.jar;C:\Users\elifk\.m2\repository\com\helger\commons\ph-commons\10.1.5\ph-commons-10.1.5.jar;C:\Users\elifk\.m2\repository\com\google\code\findbugs\jsr305\3.0.2\jsr305-3.0.2.jar;C:\Users\elifk\.m2\repository\junit\junit\4.11\junit-4.11.jar;C:\Users\elifk\.m2\repository\org\hamcrest\hamcrest-core\1.3\hamcrest-core-1.3.jar;C:\Users\elifk\.m2\repository\javax\inject\javax.inject\1\javax.inject-1.jar;C:\Users\elifk\.m2\repository\org\seleniumhq\selenium\selenium-api\3.141.59\selenium-api-3.141.59.jar;C:\Users\elifk\.m2\repository\org\assertj\assertj-core\3.10.0\assertj-core-3.10.0.jar;C:\Users\elifk\.m2\repository\org\seleniumhq\selenium\selenium-java\3.12.0\selenium-java-3.12.0.jar;C:\Users\elifk\.m2\repository\org\seleniumhq\selenium\selenium-chrome-driver\3.12.0\selenium-chrome-driver-3.12.0.jar;C:\Users\elifk\.m2\repository\org\seleniumhq\selenium\selenium-edge-driver\3.12.0\selenium-edge-driver-3.12.0.jar;C:\Users\elifk\.m2\repository\org\seleniumhq\selenium\selenium-firefox-driver\3.12.0\selenium-firefox-driver-3.12.0.jar;C:\Users\elifk\.m2\repository\org\seleniumhq\selenium\selenium-ie-driver\3.12.0\selenium-ie-driver-3.12.0.jar;C:\Users\elifk\.m2\repository\org\seleniumhq\selenium\selenium-opera-driver\3.12.0\selenium-opera-driver-3.12.0.jar;C:\Users\elifk\.m2\repository\org\seleniumhq\selenium\selenium-remote-driver\3.12.0\selenium-remote-driver-3.12.0.jar;C:\Users\elifk\.m2\repository\org\seleniumhq\selenium\selenium-safari-driver\3.12.0\selenium-safari-driver-3.12.0.jar;C:\Users\elifk\.m2\repository\net\bytebuddy\byte-buddy\1.8.3\byte-buddy-1.8.3.jar;C:\Users\elifk\.m2\repository\org\apache\commons\commons-exec\1.3\commons-exec-1.3.jar;C:\Users\elifk\.m2\repository\commons-codec\commons-codec\1.10\commons-codec-1.10.jar;C:\Users\elifk\.m2\repository\commons-logging\commons-logging\1.2\commons-logging-1.2.jar;C:\Users\elifk\.m2\repository\org\apache\httpcomponents\httpcore\4.4.6\httpcore-4.4.6.jar;C:\Users\elifk\.m2\repository\com\squareup\okhttp3\okhttp\3.9.1\okhttp-3.9.1.jar;C:\Users\elifk\.m2\repository\com\squareup\okio\okio\1.13.0\okio-1.13.0.jar;C:\Users\elifk\.m2\repository\io\github\bonigarcia\webdrivermanager\3.7.1\webdrivermanager-3.7.1.jar;C:\Users\elifk\.m2\repository\org\rauschig\jarchivelib\1.0.0\jarchivelib-1.0.0.jar;C:\Users\elifk\.m2\repository\org\apache\commons\commons-compress\1.18\commons-compress-1.18.jar;C:\Users\elifk\.m2\repository\org\jsoup\jsoup\1.11.3\jsoup-1.11.3.jar;C:\Users\elifk\.m2\repository\org\slf4j\slf4j-api\1.6.1\slf4j-api-1.6.1.jar;C:\Users\elifk\.m2\repository\org\slf4j\slf4j-simple\1.6.1\slf4j-simple-1.6.1.jar;C:\Users\elifk\.m2\repository\org\reflections\reflections\0.9.10\reflections-0.9.10.jar;C:\Users\elifk\.m2\repository\org\javassist\javassist\3.19.0-GA\javassist-3.19.0-GA.jar;C:\Users\elifk\.m2\repository\com\google\code\findbugs\annotations\2.0.1\annotations-2.0.1.jar
27-03-2023 16:32:53.979 [java] [DEBUG] found java executable in C:\Program Files\Java\jdk-15.0.2\bin\java.exe
27-03-2023 16:32:53.979 [java] [DEBUG] running - C:\Program Files\Java\jdk-15.0.2\bin\java.exe [-Dfile.encoding=UTF-8 com.thoughtworks.gauge.GaugeRuntime --start]
27-03-2023 16:32:53.979 [java] [DEBUG] stdout/stderr is logged to logs\1512-java.exe.out
27-03-2023 16:32:54.339 [java] [DEBUG] multithreading is set to false
27-03-2023 16:32:55.184 [java] [DEBUG] Using reflection to scan dependencies for gauge implementations...
27-03-2023 16:32:55.926 [java] [DEBUG] gauge-java took 1585milliseconds to load and scan. This should be less than 'runner_connection_timeout' config value.
27-03-2023 16:32:55.926 [java] [DEBUG] run 'gauge config runner_connection_timeout' and verify that it is < 1585
27-03-2023 16:32:55.926 [java] [DEBUG] starting gRPC server...
27-03-2023 16:32:56.197 [java] [DEBUG] started gRPC server on port 53357
27-03-2023 16:32:56.197 [Gauge] [DEBUG] Attempting to connect to grpc server at port: 53357
27-03-2023 16:32:56.448 [Gauge] [DEBUG] Successfully made the connection with runner with port: 53357
27-03-2023 16:32:56.448 [Gauge] [INFO] LangServer: reading on stdin, writing on stdout
27-03-2023 16:32:56.677 [Gauge] [DEBUG] Validation started.
27-03-2023 16:33:22.258 [java] [DEBUG] Killing Java runner...
27-03-2023 16:33:22.258 [java] [DEBUG] Stopping execution pool...
27-03-2023 16:33:22.258 [java] [DEBUG] Shutting down grpc server...
27-03-2023 16:33:22.266 [Gauge] [ERROR] Unable to publish diagnostics for file:///c%!!(MISSING)A(MISSING)/Users/elifk/IdeaProjects/Deneme/specs/Concepts/Case.cpt, error : jsonrpc2: connection is closed
27-03-2023 16:33:22.266 [Gauge] [ERROR] Unable to log error 'Unable to publish diagnostics for file:///c%!A(MISSING)/Users/elifk/IdeaProjects/Deneme/specs/Concepts/Case.cpt, error : jsonrpc2: connection is closed' to LSP: jsonrpc2: connection is closed
27-03-2023 16:33:22.266 [Gauge] [ERROR] Unable to publish diagnostics for file:///c%!!(MISSING)A(MISSING)/Users/elifk/IdeaProjects/Deneme/specs/Scenario/Case.spec, error : jsonrpc2: connection is closed
27-03-2023 16:33:22.266 [Gauge] [ERROR] Unable to log error 'Unable to publish diagnostics for file:///c%!A(MISSING)/Users/elifk/IdeaProjects/Deneme/specs/Scenario/Case.spec, error : jsonrpc2: connection is closed' to LSP: jsonrpc2: connection is closed
27-03-2023 16:33:22.271 [java] [DEBUG] Runner killed gracefully.
27-03-2023 16:33:34.463 [Gauge] [INFO] Initializing concepts cache with 11 concepts
27-03-2023 16:33:34.464 [Gauge] [DEBUG] Adding concepts from c:\Users\elifk\IdeaProjects\Deneme\specs\Concepts\Case.cpt
27-03-2023 16:33:34.464 [Gauge] [DEBUG] Adding concepts from c:\Users\elifk\IdeaProjects\Deneme\specs\Concepts\Case.cpt
27-03-2023 16:33:34.464 [Gauge] [DEBUG] Adding concepts from c:\Users\elifk\IdeaProjects\Deneme\specs\Concepts\Case.cpt
27-03-2023 16:33:34.464 [Gauge] [DEBUG] Adding concepts from c:\Users\elifk\IdeaProjects\Deneme\specs\Concepts\Case.cpt
27-03-2023 16:33:34.464 [Gauge] [DEBUG] Adding concepts from c:\Users\elifk\IdeaProjects\Deneme\specs\Concepts\Case.cpt
27-03-2023 16:33:34.464 [Gauge] [DEBUG] Adding concepts from c:\Users\elifk\IdeaProjects\Deneme\specs\Concepts\Case.cpt
27-03-2023 16:33:34.464 [Gauge] [DEBUG] Adding concepts from c:\Users\elifk\IdeaProjects\Deneme\specs\Concepts\Case.cpt
27-03-2023 16:33:34.464 [Gauge] [DEBUG] Adding concepts from c:\Users\elifk\IdeaProjects\Deneme\specs\Concepts\Case.cpt
27-03-2023 16:33:34.464 [Gauge] [DEBUG] Adding concepts from c:\Users\elifk\IdeaProjects\Deneme\specs\Concepts\Case.cpt
27-03-2023 16:33:34.464 [Gauge] [DEBUG] Adding concepts from c:\Users\elifk\IdeaProjects\Deneme\specs\Concepts\Case.cpt
27-03-2023 16:33:34.464 [Gauge] [DEBUG] Adding concepts from c:\Users\elifk\IdeaProjects\Deneme\specs\Concepts\Case.cpt
27-03-2023 16:33:34.466 [Gauge] [INFO] Initializing specs cache with 1 specs
27-03-2023 16:33:34.466 [Gauge] [DEBUG] Adding specs from c:\Users\elifk\IdeaProjects\Deneme\specs\Scenario\Case.spec
27-03-2023 16:33:34.466 [Gauge] [INFO] Initializing steps cache with 2 steps
27-03-2023 16:33:34.467 [Gauge] [INFO] Starting language runner
27-03-2023 16:33:34.470 [Gauge] [DEBUG] Watching directory: c:\Users\elifk\IdeaProjects\Deneme\specs
27-03-2023 16:33:34.470 [Gauge] [DEBUG] Found 2 files
27-03-2023 16:33:34.470 [Gauge] [DEBUG] Watching directory: c:\Users\elifk\IdeaProjects\Deneme\specs\Concepts
27-03-2023 16:33:34.470 [Gauge] [DEBUG] Found 1 files
27-03-2023 16:33:34.471 [Gauge] [DEBUG] Watching directory: c:\Users\elifk\IdeaProjects\Deneme\specs\Scenario
27-03-2023 16:33:34.471 [Gauge] [DEBUG] Found 1 files
27-03-2023 16:33:34.493 [java] [DEBUG] ***** Printing Properties/Env Values *****
27-03-2023 16:33:34.493 [java] [DEBUG] PATH: C:\Program Files\Common Files\Oracle\Java\javapath;C:\Program Files\Common Files\Microsoft Shared\Microsoft Online Services;C:\Program Files (x86)\Common Files\Microsoft Shared\Microsoft Online Services;C:\windows\system32;C:\windows;C:\windows\System32\Wbem;C:\windows\System32\WindowsPowerShell\v1.0\;C:\windows\System32\OpenSSH\;C:\Program Files (x86)\NVIDIA Corporation\PhysX\Common;C:\Program Files\NVIDIA Corporation\NVIDIA NvDLISR;C:\Program Files\Microsoft SQL Server\Client SDK\ODBC\170\Tools\Binn\;C:\Program Files (x86)\Microsoft SQL Server\150\Tools\Binn\;C:\Program Files\Microsoft SQL Server\150\Tools\Binn\;C:\Program Files\Microsoft SQL Server\150\DTS\Binn\;C:\Program Files\Microsoft SQL Server\Client SDK\ODBC\130\Tools\Binn\;C:\Program Files (x86)\Microsoft SQL Server\140\Tools\Binn\;C:\Program Files\Microsoft SQL Server\140\Tools\Binn\;C:\Program Files\Microsoft SQL Server\140\DTS\Binn\;C:\Program Files\Microsoft SQL Server\130\Tools\Binn\;C:\WINDOWS\system32;C:\WINDOWS;C:\WINDOWS\System32\Wbem;C:\WINDOWS\System32\WindowsPowerShell\v1.0\;C:\WINDOWS\System32\OpenSSH\;C:\Program Files (x86)\Microsoft SQL Server\150\DTS\Binn\;C:\Program Files\Azure Data Studio\bin;C:\Program Files\Git\cmd;C:\Program Files\Java\jdk-11\bin;C:\Program Files\Java\apache-maven-3.9.0\bin;C:\ProgramData\Microsoft\Windows\Start Menu\Programs\Java Development Kit\JetBrains\Intellij IDEA Community Edition\bin;C:\Program Files\gauge\bin;C:\Program Files\Java\jdk-15.0.2\bin;%!I(MISSING)ntelliJ IDEA Community edition%!;(MISSING)C:\Users\elifk\AppData\Local\Microsoft\WindowsApps;C:\flutter\bin;C:\Windows\System32;C:\Program Files\Azure Data Studio\bin;C:\ProgramData\Microsoft\Windows\Start Menu\Programs\Java Development Kit\JetBrains\Intellij IDEA Community Edition\bin;;C:\Users\elifk\AppData\Local\Programs\Microsoft VS Code\bin
27-03-2023 16:33:34.493 [java] [DEBUG] JAVA_HOME: C:\Program Files\Java\jdk-15.0.2
27-03-2023 16:33:34.493 [java] [DEBUG] gauge_project_root: c:\Users\elifk\IdeaProjects\Deneme
27-03-2023 16:33:34.493 [java] [DEBUG] gauge_parallel_streams_count: 
27-03-2023 16:33:34.493 [java] [DEBUG] gauge_reports_dir: reports
27-03-2023 16:33:34.493 [java] [DEBUG] overwrite_reports: true
27-03-2023 16:33:34.493 [java] [DEBUG] logs_directory: logs
27-03-2023 16:33:34.493 [java] [DEBUG] enable_multithreading: false
27-03-2023 16:33:34.493 [java] [DEBUG] gauge_specs_dir: specs
27-03-2023 16:33:34.493 [java] [DEBUG] csv_delimiter: ,
27-03-2023 16:33:34.493 [java] [DEBUG] gauge_java_home: 
27-03-2023 16:33:34.493 [java] [DEBUG] gauge_custom_build_path: 
27-03-2023 16:33:34.493 [java] [DEBUG] gauge_additional_libs: libs/*
27-03-2023 16:33:34.493 [java] [DEBUG] gauge_jvm_args: 
27-03-2023 16:33:34.493 [java] [DEBUG] gauge_custom_compile_dir: 
27-03-2023 16:33:34.493 [java] [DEBUG] gauge_clear_state_level: scenario
27-03-2023 16:33:34.493 [java] [DEBUG] ***** END *****
27-03-2023 16:33:44.255 [java] [DEBUG] classpath set to c:\Users\elifk\IdeaProjects\Deneme\target\test-classes;c:\Users\elifk\IdeaProjects\Deneme\target\classes;C:\Users\elifk\.m2\repository\com\thoughtworks\gauge\gauge-java\0.9.1\gauge-java-0.9.1.jar;C:\Users\elifk\.m2\repository\com\github\javaparser\javaparser-core\3.16.3\javaparser-core-3.16.3.jar;C:\Users\elifk\.m2\repository\commons-io\commons-io\2.11.0\commons-io-2.11.0.jar;C:\Users\elifk\.m2\repository\commons-lang\commons-lang\2.6\commons-lang-2.6.jar;C:\Users\elifk\.m2\repository\org\json\json\20220320\json-20220320.jar;C:\Users\elifk\.m2\repository\com\google\protobuf\protobuf-java\3.19.4\protobuf-java-3.19.4.jar;C:\Users\elifk\.m2\repository\com\google\guava\guava\31.0.1-jre\guava-31.0.1-jre.jar;C:\Users\elifk\.m2\repository\com\google\guava\failureaccess\1.0.1\failureaccess-1.0.1.jar;C:\Users\elifk\.m2\repository\com\google\guava\listenablefuture\9999.0-empty-to-avoid-conflict-with-guava\listenablefuture-9999.0-empty-to-avoid-conflict-with-guava.jar;C:\Users\elifk\.m2\repository\org\checkerframework\checker-qual\3.12.0\checker-qual-3.12.0.jar;C:\Users\elifk\.m2\repository\com\google\errorprone\error_prone_annotations\2.7.1\error_prone_annotations-2.7.1.jar;C:\Users\elifk\.m2\repository\com\google\j2objc\j2objc-annotations\1.3\j2objc-annotations-1.3.jar;C:\Users\elifk\.m2\repository\io\grpc\grpc-netty-shaded\1.41.2\grpc-netty-shaded-1.41.2.jar;C:\Users\elifk\.m2\repository\io\perfmark\perfmark-api\0.23.0\perfmark-api-0.23.0.jar;C:\Users\elifk\.m2\repository\io\grpc\grpc-core\1.41.2\grpc-core-1.41.2.jar;C:\Users\elifk\.m2\repository\com\google\android\annotations\4.1.1.4\annotations-4.1.1.4.jar;C:\Users\elifk\.m2\repository\org\codehaus\mojo\animal-sniffer-annotations\1.19\animal-sniffer-annotations-1.19.jar;C:\Users\elifk\.m2\repository\io\grpc\grpc-protobuf\1.41.2\grpc-protobuf-1.41.2.jar;C:\Users\elifk\.m2\repository\io\grpc\grpc-api\1.41.2\grpc-api-1.41.2.jar;C:\Users\elifk\.m2\repository\io\grpc\grpc-context\1.41.2\grpc-context-1.41.2.jar;C:\Users\elifk\.m2\repository\com\google\api\grpc\proto-google-common-protos\2.0.1\proto-google-common-protos-2.0.1.jar;C:\Users\elifk\.m2\repository\io\grpc\grpc-protobuf-lite\1.41.2\grpc-protobuf-lite-1.41.2.jar;C:\Users\elifk\.m2\repository\io\grpc\grpc-stub\1.41.2\grpc-stub-1.41.2.jar;C:\Users\elifk\.m2\repository\javax\annotation\javax.annotation-api\1.3.2\javax.annotation-api-1.3.2.jar;C:\Users\elifk\.m2\repository\io\appium\java-client\7.5.1\java-client-7.5.1.jar;C:\Users\elifk\.m2\repository\org\seleniumhq\selenium\selenium-support\3.141.59\selenium-support-3.141.59.jar;C:\Users\elifk\.m2\repository\com\google\code\gson\gson\2.8.6\gson-2.8.6.jar;C:\Users\elifk\.m2\repository\org\apache\httpcomponents\httpclient\4.5.13\httpclient-4.5.13.jar;C:\Users\elifk\.m2\repository\cglib\cglib\3.3.0\cglib-3.3.0.jar;C:\Users\elifk\.m2\repository\org\ow2\asm\asm\7.1\asm-7.1.jar;C:\Users\elifk\.m2\repository\commons-validator\commons-validator\1.7\commons-validator-1.7.jar;C:\Users\elifk\.m2\repository\commons-beanutils\commons-beanutils\1.9.4\commons-beanutils-1.9.4.jar;C:\Users\elifk\.m2\repository\commons-digester\commons-digester\2.1\commons-digester-2.1.jar;C:\Users\elifk\.m2\repository\commons-collections\commons-collections\3.2.2\commons-collections-3.2.2.jar;C:\Users\elifk\.m2\repository\org\apache\commons\commons-lang3\3.12.0\commons-lang3-3.12.0.jar;C:\Users\elifk\.m2\repository\org\springframework\spring-context\5.3.4\spring-context-5.3.4.jar;C:\Users\elifk\.m2\repository\org\springframework\spring-aop\5.3.4\spring-aop-5.3.4.jar;C:\Users\elifk\.m2\repository\org\springframework\spring-beans\5.3.4\spring-beans-5.3.4.jar;C:\Users\elifk\.m2\repository\org\springframework\spring-core\5.3.4\spring-core-5.3.4.jar;C:\Users\elifk\.m2\repository\org\springframework\spring-jcl\5.3.4\spring-jcl-5.3.4.jar;C:\Users\elifk\.m2\repository\org\springframework\spring-expression\5.3.4\spring-expression-5.3.4.jar;C:\Users\elifk\.m2\repository\org\aspectj\aspectjweaver\1.9.6\aspectjweaver-1.9.6.jar;C:\Users\elifk\.m2\repository\com\helger\commons\ph-commons\10.1.5\ph-commons-10.1.5.jar;C:\Users\elifk\.m2\repository\com\google\code\findbugs\jsr305\3.0.2\jsr305-3.0.2.jar;C:\Users\elifk\.m2\repository\junit\junit\4.11\junit-4.11.jar;C:\Users\elifk\.m2\repository\org\hamcrest\hamcrest-core\1.3\hamcrest-core-1.3.jar;C:\Users\elifk\.m2\repository\javax\inject\javax.inject\1\javax.inject-1.jar;C:\Users\elifk\.m2\repository\org\seleniumhq\selenium\selenium-api\3.141.59\selenium-api-3.141.59.jar;C:\Users\elifk\.m2\repository\org\assertj\assertj-core\3.10.0\assertj-core-3.10.0.jar;C:\Users\elifk\.m2\repository\org\seleniumhq\selenium\selenium-java\3.12.0\selenium-java-3.12.0.jar;C:\Users\elifk\.m2\repository\org\seleniumhq\selenium\selenium-chrome-driver\3.12.0\selenium-chrome-driver-3.12.0.jar;C:\Users\elifk\.m2\repository\org\seleniumhq\selenium\selenium-edge-driver\3.12.0\selenium-edge-driver-3.12.0.jar;C:\Users\elifk\.m2\repository\org\seleniumhq\selenium\selenium-firefox-driver\3.12.0\selenium-firefox-driver-3.12.0.jar;C:\Users\elifk\.m2\repository\org\seleniumhq\selenium\selenium-ie-driver\3.12.0\selenium-ie-driver-3.12.0.jar;C:\Users\elifk\.m2\repository\org\seleniumhq\selenium\selenium-opera-driver\3.12.0\selenium-opera-driver-3.12.0.jar;C:\Users\elifk\.m2\repository\org\seleniumhq\selenium\selenium-remote-driver\3.12.0\selenium-remote-driver-3.12.0.jar;C:\Users\elifk\.m2\repository\org\seleniumhq\selenium\selenium-safari-driver\3.12.0\selenium-safari-driver-3.12.0.jar;C:\Users\elifk\.m2\repository\net\bytebuddy\byte-buddy\1.8.3\byte-buddy-1.8.3.jar;C:\Users\elifk\.m2\repository\org\apache\commons\commons-exec\1.3\commons-exec-1.3.jar;C:\Users\elifk\.m2\repository\commons-codec\commons-codec\1.10\commons-codec-1.10.jar;C:\Users\elifk\.m2\repository\commons-logging\commons-logging\1.2\commons-logging-1.2.jar;C:\Users\elifk\.m2\repository\org\apache\httpcomponents\httpcore\4.4.6\httpcore-4.4.6.jar;C:\Users\elifk\.m2\repository\com\squareup\okhttp3\okhttp\3.9.1\okhttp-3.9.1.jar;C:\Users\elifk\.m2\repository\com\squareup\okio\okio\1.13.0\okio-1.13.0.jar;C:\Users\elifk\.m2\repository\io\github\bonigarcia\webdrivermanager\3.7.1\webdrivermanager-3.7.1.jar;C:\Users\elifk\.m2\repository\org\rauschig\jarchivelib\1.0.0\jarchivelib-1.0.0.jar;C:\Users\elifk\.m2\repository\org\apache\commons\commons-compress\1.18\commons-compress-1.18.jar;C:\Users\elifk\.m2\repository\org\jsoup\jsoup\1.11.3\jsoup-1.11.3.jar;C:\Users\elifk\.m2\repository\org\slf4j\slf4j-api\1.6.1\slf4j-api-1.6.1.jar;C:\Users\elifk\.m2\repository\org\slf4j\slf4j-simple\1.6.1\slf4j-simple-1.6.1.jar;C:\Users\elifk\.m2\repository\org\reflections\reflections\0.9.10\reflections-0.9.10.jar;C:\Users\elifk\.m2\repository\org\javassist\javassist\3.19.0-GA\javassist-3.19.0-GA.jar;C:\Users\elifk\.m2\repository\com\google\code\findbugs\annotations\2.0.1\annotations-2.0.1.jar
27-03-2023 16:33:44.310 [java] [DEBUG] found java executable in C:\Program Files\Java\jdk-15.0.2\bin\java.exe
27-03-2023 16:33:44.315 [java] [DEBUG] running - C:\Program Files\Java\jdk-15.0.2\bin\java.exe [-Dfile.encoding=UTF-8 com.thoughtworks.gauge.GaugeRuntime --start]
27-03-2023 16:33:44.315 [java] [DEBUG] stdout/stderr is logged to logs\10004-java.exe.out
27-03-2023 16:33:45.466 [java] [DEBUG] multithreading is set to false
27-03-2023 16:33:46.351 [java] [DEBUG] Using reflection to scan dependencies for gauge implementations...
27-03-2023 16:33:47.083 [java] [DEBUG] gauge-java took 1748milliseconds to load and scan. This should be less than 'runner_connection_timeout' config value.
27-03-2023 16:33:47.083 [java] [DEBUG] run 'gauge config runner_connection_timeout' and verify that it is < 1748
27-03-2023 16:33:47.083 [java] [DEBUG] starting gRPC server...
27-03-2023 16:33:47.375 [java] [DEBUG] started gRPC server on port 53429
27-03-2023 16:33:47.376 [Gauge] [DEBUG] Attempting to connect to grpc server at port: 53429
27-03-2023 16:33:47.615 [Gauge] [DEBUG] Successfully made the connection with runner with port: 53429
27-03-2023 16:33:47.615 [Gauge] [INFO] LangServer: reading on stdin, writing on stdout
27-03-2023 16:33:47.801 [Gauge] [DEBUG] Validation started.
27-03-2023 16:34:28.649 [java] [DEBUG] Killing Java runner...
27-03-2023 16:34:28.650 [java] [DEBUG] Stopping execution pool...
27-03-2023 16:34:28.650 [java] [DEBUG] Shutting down grpc server...
27-03-2023 16:34:28.680 [java] [DEBUG] Runner killed gracefully.
